#
# A fatal error has been detected by the Java Runtime Environment:
#
#  SIGSEGV (0xb) at pc=0x000000401c7def8a, pid=383, tid=440
#
# JRE version: OpenJDK Runtime Environment (11.0.9.1+1) (build 11.0.9.1+1-post-Debian-1deb10u2)
# Java VM: OpenJDK 64-Bit Server VM (11.0.9.1+1-post-Debian-1deb10u2, mixed mode, sharing, tiered, compressed oops, parallel gc, linux-amd64)
# Problematic frame:
# J 91 c1 java.util.HashSet.add(Ljava/lang/Object;)Z java.base@11.0.9.1 (20 bytes) @ 0x000000401c7def8a [0x000000401c7def00+0x000000000000008a]
#
# No core dump will be written. Core dumps have been disabled. To enable core dumping, try "ulimit -c unlimited" before starting Java again
#
# If you would like to submit a bug report, please visit:
#   https://bugs.debian.org/openjdk-11
#

---------------  S U M M A R Y ------------

Command Line: --add-modules=ALL-SYSTEM --add-opens=java.base/java.util=ALL-UNNAMED --add-opens=java.base/java.lang=ALL-UNNAMED -Declipse.application=org.eclipse.jdt.ls.core.id1 -Dosgi.bundles.defaultStartLevel=4 -Declipse.product=org.eclipse.jdt.ls.core.product -Dfile.encoding=utf8 -XX:+UseParallelGC -XX:GCTimeRatio=4 -XX:AdaptiveSizePolicyWeight=90 -Dsun.zip.disableMemoryMapping=true -Xmx1G -Xms100m -Xverify:none /root/.vscode-server/extensions/redhat.java-0.77.0/server/plugins/org.eclipse.equinox.launcher_1.6.100.v20201223-0822.jar -configuration /root/.vscode-server/data/User/globalStorage/redhat.java/0.77.0/config_linux -data /root/.vscode-server/data/User/workspaceStorage/b82b718d9db5ae3dc8de0e327efbc445/redhat.java/jdt_ws

Host: x86_64, 4 cores, 1G, Debian GNU/Linux 10 (buster)
Time: Mon Apr 19 06:20:38 2021 UTC elapsed time: 5.975942 seconds (0d 0h 0m 5s)

---------------  T H R E A D  ---------------

Current thread (0x0000004314001800):  JavaThread "Equinox resolver thread - Equinox Container: 3416feba-0e46-457e-b07b-35da57e5e97f" daemon [_thread_in_Java, id=440, stack(0x0000004318694000,0x0000004318795000)]

Stack: [0x0000004318694000,0x0000004318795000],  sp=0x0000004318793538,  free space=1021k
Native frames: (J=compiled Java code, A=aot compiled Java code, j=interpreted, Vv=VM code, C=native code)
J 91 c1 java.util.HashSet.add(Ljava/lang/Object;)Z java.base@11.0.9.1 (20 bytes) @ 0x000000401c7def8a [0x000000401c7def00+0x000000000000008a]

[error occurred during error reporting (printing native stack), id 0xb, SIGSEGV (0xb) at pc=0x000000400238d3ee]


siginfo: si_signo: 11 (SIGSEGV), si_code: 1 (SEGV_MAPERR), si_addr: 0x00000000001a6ed8

Register to memory mapping:

RAX={method} {0x000000080034fdb0} 'add' '(Ljava/lang/Object;)Z' in 'java/util/HashSet'
RBX=0x00000042b5aca260 is pointing into metadata
RCX={method} {0x00000008000d5420} 'add' '(Ljava/lang/Object;)Z' in 'java/util/Set'
RDX=0x00000000c003a7f8 is an oop: org.eclipse.osgi.container.ModuleCapability 
{0x00000000c003a7f8} - klass: 'org/eclipse/osgi/container/ModuleCapability'
RSP=0x0000004318793538 is pointing into the stack for thread: 0x0000004314001800
RBP=0x00000043187935a8 is pointing into the stack for thread: 0x0000004314001800
RSI=0x00000000001a6ed0 is an unknown value
RDI=0x00000000001a6ed0 is an unknown value
R8 =0x00000000ecb03600 points into unknown readable memory: 09 00 00 00 00 00 00 00
R9 =0x0000000000000008 is an unknown value
R10=0x0000004002ea6840: <offset 0x0000000001221840> in /usr/lib/jvm/java-11-openjdk-amd64/lib/server/libjvm.so at 0x0000004001c85000
R11=0x000000401c7def40 is at entry_point+64 in (nmethod*)0x000000401c7ded10
R12=0x0 is NULL
R13=0x0000004318793550 is pointing into the stack for thread: 0x0000004314001800
R14=0x000000080034f158 is pointing into metadata
R15=0x0000004314001800 is a thread


Registers:
RAX=0x000000080034fdb0, RBX=0x00000042b5aca260, RCX=0x00000008000d5420, RDX=0x00000000c003a7f8
RSP=0x0000004318793538, RBP=0x00000043187935a8, RSI=0x00000000001a6ed0, RDI=0x00000000001a6ed0
R8 =0x00000000ecb03600, R9 =0x0000000000000008, R10=0x0000004002ea6840, R11=0x000000401c7def40
R12=0x0000000000000000, R13=0x0000004318793550, R14=0x000000080034f158, R15=0x0000004314001800
RIP=0x000000401c7def8a, EFLAGS=0x0000000000000202, CSGSFS=0x002b000000000033, ERR=0x0000000000000004
  TRAPNO=0xffffffffffffffff

Top of Stack: (sp=0x0000004318793538)
0x0000004318793538:   000000401c2403d5 00000000ec9a7f18
0x0000004318793548:   000000401c2403d5 00000000c003a7f8
0x0000004318793558:   00000000eab89118 0000004318793560
0x0000004318793568:   00000042b600bc94 0000004318793610 

Instructions: (pc=0x000000401c7def8a)
0x000000401c7dee8a:   34 c0 31 c0 9d c0 28 c0 12 c0 2c c0 36 c0 32 c0
0x000000401c7dee9a:   0a f0 b4 24 21 c0 12 10 1d 34 09 c0 36 c0 31 b0
0x000000401c7deeaa:   04 c0 17 64 0a 64 05 c0 17 64 0a c0 17 64 0a 64
0x000000401c7deeba:   38 64 1d 00 01 f8 6b fd 05 50 00 c0 0a 64 01 f8
0x000000401c7deeca:   11 fd 06 50 00 c0 0a 64 05 64 03 f8 b2 02 fa ac
0x000000401c7deeda:   40 00 05 70 0e 64 01 f8 0e ff 06 90 0c 64 00 00
0x000000401c7deeea:   00 00 00 00 00 00 00 00 00 00 00 00 00 00 00 00
0x000000401c7deefa:   00 00 00 00 00 00 44 8b 56 08 49 c1 e2 03 49 bc
0x000000401c7def0a:   00 00 00 00 08 00 00 00 4d 03 d4 4d 33 e4 4c 3b
0x000000401c7def1a:   d0 0f 85 df bb a7 ff 66 66 66 0f 1f 84 00 00 00
0x000000401c7def2a:   00 00 66 66 0f 1f 84 00 00 00 00 00 66 66 0f 1f
0x000000401c7def3a:   84 00 00 00 00 00 e9 3b fe a5 ff fe ff 55 48 81
0x000000401c7def4a:   ec 90 00 00 00 48 bf 60 a2 ac b5 42 00 00 00 8b
0x000000401c7def5a:   9f 04 01 00 00 83 c3 08 89 9f 04 01 00 00 81 e3
0x000000401c7def6a:   f8 1f 00 00 83 fb 00 0f 84 ec 02 00 00 8b 7e 0c
0x000000401c7def7a:   48 3b 07 48 8b f7 48 bb 60 a2 ac b5 42 00 00 00
0x000000401c7def8a:   8b 76 08 48 c1 e6 03 49 bc 00 00 00 00 08 00 00
0x000000401c7def9a:   00 49 03 f4 4d 33 e4 48 3b b3 50 01 00 00 75 0d
0x000000401c7defaa:   48 83 83 58 01 00 00 01 e9 66 00 00 00 48 3b b3
0x000000401c7defba:   60 01 00 00 75 0d 48 83 83 68 01 00 00 01 e9 50
0x000000401c7defca:   00 00 00 48 81 bb 50 01 00 00 00 00 00 00 75 17
0x000000401c7defda:   48 89 b3 50 01 00 00 48 c7 83 58 01 00 00 01 00
0x000000401c7defea:   00 00 e9 2c 00 00 00 48 81 bb 60 01 00 00 00 00
0x000000401c7deffa:   00 00 75 17 48 89 b3 60 01 00 00 48 c7 83 68 01
0x000000401c7df00a:   00 00 01 00 00 00 e9 08 00 00 00 48 83 83 40 01
0x000000401c7df01a:   00 00 01 48 be 60 7d ac b5 42 00 00 00 8b 9e 04
0x000000401c7df02a:   01 00 00 83 c3 08 89 9e 04 01 00 00 81 e3 f8 ff
0x000000401c7df03a:   7f 00 83 fb 00 0f 84 44 02 00 00 48 be 60 7d ac
0x000000401c7df04a:   b5 42 00 00 00 48 83 86 40 01 00 00 01 48 be e8
0x000000401c7df05a:   68 ac b5 42 00 00 00 8b 9e 04 01 00 00 83 c3 08
0x000000401c7df06a:   89 9e 04 01 00 00 81 e3 f8 ff 7f 00 83 fb 00 0f
0x000000401c7df07a:   84 2b 02 00 00 48 83 fa 00 48 be e8 68 ac b5 42 


Stack slot to memory mapping:
stack at sp + 0 slots: 0x000000401c2403d5 is at code_begin+277 in an Interpreter codelet
invoke return entry points  [0x000000401c2402c0, 0x000000401c240ce0]  2592 bytes
stack at sp + 1 slots: 0x00000000ec9a7f18 points into unknown readable memory: 11 00 00 00 00 00 00 00
stack at sp + 2 slots: 0x000000401c2403d5 is at code_begin+277 in an Interpreter codelet
invoke return entry points  [0x000000401c2402c0, 0x000000401c240ce0]  2592 bytes
stack at sp + 3 slots: 0x00000000c003a7f8 is an oop: org.eclipse.osgi.container.ModuleCapability 
{0x00000000c003a7f8} - klass: 'org/eclipse/osgi/container/ModuleCapability'
stack at sp + 4 slots: 0x00000000eab89118 points into unknown readable memory: 05 00 00 00 00 00 00 00
stack at sp + 5 slots: 0x0000004318793560 is pointing into the stack for thread: 0x0000004314001800
stack at sp + 6 slots: 0x00000042b600bc94 is pointing into metadata
stack at sp + 7 slots: 0x0000004318793610 is pointing into the stack for thread: 0x0000004314001800



---------------  P R O C E S S  ---------------

Threads class SMR info:
_java_thread_list=0x000000400449d4b0, length=18, elements={
0x0000004004016000, 0x000000400415c000, 0x000000400415e800, 0x0000004004168000,
0x000000400416a000, 0x000000400416c000, 0x000000400416e000, 0x00000040041a0000,
0x00000040041f3000, 0x00000040042aa000, 0x0000004004455000, 0x0000004314001800,
0x0000004004456000, 0x0000004004458800, 0x000000400446a000, 0x0000004004484800,
0x000000400449f000, 0x00000040044aa800
}

Java Threads: ( => current thread )
  0x0000004004016000 JavaThread "main" [_thread_blocked, id=388, stack(0x00000040031e0000,0x00000040032e1000)]
  0x000000400415c000 JavaThread "Reference Handler" daemon [_thread_blocked, id=395, stack(0x00000042bf373000,0x00000042bf474000)]
  0x000000400415e800 JavaThread "Finalizer" daemon [_thread_blocked, id=396, stack(0x00000042c7474000,0x00000042c7575000)]
  0x0000004004168000 JavaThread "Signal Dispatcher" daemon [_thread_blocked, id=401, stack(0x00000042cf575000,0x00000042cf676000)]
  0x000000400416a000 JavaThread "C2 CompilerThread0" daemon [_thread_blocked, id=402, stack(0x00000042d7676000,0x00000042d7777000)]
  0x000000400416c000 JavaThread "C1 CompilerThread0" daemon [_thread_blocked, id=403, stack(0x00000042df777000,0x00000042df878000)]
  0x000000400416e000 JavaThread "Sweeper thread" daemon [_thread_blocked, id=404, stack(0x00000042e7878000,0x00000042e7979000)]
  0x00000040041a0000 JavaThread "Common-Cleaner" daemon [_thread_blocked, id=406, stack(0x00000042ef979000,0x00000042efa7a000)]
  0x00000040041f3000 JavaThread "Service Thread" daemon [_thread_blocked, id=409, stack(0x00000042f7a7a000,0x00000042f7b7b000)]
  0x00000040042aa000 JavaThread "process reaper" daemon [_thread_blocked, id=433, stack(0x0000004307ca9000,0x0000004307ccb000)]
  0x0000004004455000 JavaThread "Equinox resolver thread - Equinox Container: 3416feba-0e46-457e-b07b-35da57e5e97f" daemon [_thread_blocked, id=439, stack(0x0000004310593000,0x0000004310694000)]
=>0x0000004314001800 JavaThread "Equinox resolver thread - Equinox Container: 3416feba-0e46-457e-b07b-35da57e5e97f" daemon [_thread_in_Java, id=440, stack(0x0000004318694000,0x0000004318795000)]
  0x0000004004456000 JavaThread "Equinox resolver thread - Equinox Container: 3416feba-0e46-457e-b07b-35da57e5e97f" daemon [_thread_blocked, id=441, stack(0x0000004320795000,0x0000004320896000)]
  0x0000004004458800 JavaThread "Equinox resolver thread - Equinox Container: 3416feba-0e46-457e-b07b-35da57e5e97f" daemon [_thread_blocked, id=442, stack(0x0000004328896000,0x0000004328997000)]
  0x000000400446a000 JavaThread "Active Thread: Equinox Container: 3416feba-0e46-457e-b07b-35da57e5e97f" [_thread_blocked, id=444, stack(0x0000004330997000,0x0000004330a98000)]
  0x0000004004484800 JavaThread "Framework Event Dispatcher: Equinox Container: 3416feba-0e46-457e-b07b-35da57e5e97f" daemon [_thread_blocked, id=453, stack(0x0000004350d9e000,0x0000004350e9f000)]
  0x000000400449f000 JavaThread "Start Level: Equinox Container: 3416feba-0e46-457e-b07b-35da57e5e97f" daemon [_thread_blocked, id=454, stack(0x0000004358e9f000,0x0000004358fa0000)]
  0x00000040044aa800 JavaThread "Refresh Thread: Equinox Container: 3416feba-0e46-457e-b07b-35da57e5e97f" daemon [_thread_blocked, id=456, stack(0x0000004360fa0000,0x00000043610a1000)]

Other Threads:
  0x0000004004159800 VMThread "VM Thread" [stack: 0x00000042b7273000,0x00000042b7373000] [id=394] _threads_hazard_ptr=0x000000400449d4b0
  0x00000040041f5000 WatcherThread [stack: 0x00000042ffb7d000,0x00000042ffc7d000] [id=410]
  0x000000400402d800 GCTaskThread "ParGC Thread#0" [stack: 0x000000402b772000,0x000000402b872000] [id=390]
  0x00000042b8001000 GCTaskThread "ParGC Thread#1" [stack: 0x0000004338a9a000,0x0000004338b9a000] [id=448]
  0x00000042b8002800 GCTaskThread "ParGC Thread#2" [stack: 0x0000004340b9c000,0x0000004340c9c000] [id=449]
  0x00000042b8004800 GCTaskThread "ParGC Thread#3" [stack: 0x0000004348c9e000,0x0000004348d9e000] [id=450]

Threads with active compile tasks:

VM state:synchronizing (normal execution)

VM Mutex/Monitor currently owned by a thread:  ([mutex/lock_event])
[0x0000004004012b40] Safepoint_lock - owner thread: 0x0000004004159800
[0x0000004004012bd0] Threads_lock - owner thread: 0x0000004004159800

Heap address: 0x00000000c0000000, size: 1024 MB, Compressed Oops mode: 32-bit
Narrow klass base: 0x0000000800000000, Narrow klass shift: 3
Compressed class space size: 1073741824 Address: 0x0000000840000000

Heap:
 PSYoungGen      total 29696K, used 7483K [0x00000000eab00000, 0x00000000ecc00000, 0x0000000100000000)
  eden space 25600K, 13% used [0x00000000eab00000,0x00000000eae4fbd0,0x00000000ec400000)
  from space 4096K, 99% used [0x00000000ec800000,0x00000000ecbff300,0x00000000ecc00000)
  to   space 4096K, 0% used [0x00000000ec400000,0x00000000ec400000,0x00000000ec800000)
 ParOldGen       total 68608K, used 3972K [0x00000000c0000000, 0x00000000c4300000, 0x00000000eab00000)
  object space 68608K, 5% used [0x00000000c0000000,0x00000000c03e1348,0x00000000c4300000)
 Metaspace       used 7321K, capacity 7574K, committed 7680K, reserved 1056768K
  class space    used 694K, capacity 743K, committed 768K, reserved 1048576K

Card table byte_map: [0x000000402b419000,0x000000402b61a000] _byte_map_base: 0x000000402ae19000

Marking Bits: (ParMarkBitMap*) 0x0000004002e905c0
 Begin Bits: [0x0000004033872000, 0x0000004034872000)
 End Bits:   [0x0000004034872000, 0x0000004035872000)

Polling page: 0x0000004013a9f000

Metaspace:

Usage:
  Non-class:      6.67 MB capacity,     6.47 MB ( 97%) used,   191.91 KB (  3%) free+waste,    12.19 KB ( <1%) overhead. 
      Class:    743.00 KB capacity,   694.36 KB ( 93%) used,    42.14 KB (  6%) free+waste,     6.50 KB ( <1%) overhead. 
       Both:      7.40 MB capacity,     7.15 MB ( 97%) used,   234.05 KB (  3%) free+waste,    18.69 KB ( <1%) overhead. 

Virtual space:
  Non-class space:        8.00 MB reserved,       6.75 MB ( 84%) committed 
      Class space:        1.00 GB reserved,     768.00 KB ( <1%) committed 
             Both:        1.01 GB reserved,       7.50 MB ( <1%) committed 

Chunk freelists:
   Non-Class:  57.00 KB
       Class:  25.00 KB
        Both:  82.00 KB

MaxMetaspaceSize: unlimited
CompressedClassSpaceSize: 1.00 GB

CodeHeap 'non-profiled nmethods': size=120032Kb used=503Kb max_used=503Kb free=119528Kb
 bounds [0x0000004023cff000, 0x0000004023f6f000, 0x000000402b237000]
CodeHeap 'profiled nmethods': size=120032Kb used=3131Kb max_used=3131Kb free=116900Kb
 bounds [0x000000401c7c7000, 0x000000401cad7000, 0x0000004023cff000]
CodeHeap 'non-nmethods': size=5696Kb used=1064Kb max_used=1088Kb free=4631Kb
 bounds [0x000000401c237000, 0x000000401c4a7000, 0x000000401c7c7000]
 total_blobs=1946 nmethods=1563 adapters=298
 compilation: enabled
              stopped_count=0, restarted_count=0
 full_count=0

Compilation events (20 events):
Event: 5.851 Thread 0x000000400416c000 nmethod 1528 0x000000401cac1f10 code [0x000000401cac21a0, 0x000000401cac3060]
Event: 5.851 Thread 0x000000400416c000 1544       3       java.lang.Math::max (12 bytes)
Event: 5.852 Thread 0x000000400416c000 nmethod 1544 0x000000401cac3590 code [0x000000401cac3740, 0x000000401cac3870]
Event: 5.852 Thread 0x000000400416c000 1547       3       org.apache.felix.resolver.util.OpenHashMap::maxFill (16 bytes)
Event: 5.853 Thread 0x000000400416c000 nmethod 1547 0x000000401cac3910 code [0x000000401cac3b20, 0x000000401cac3e00]
Event: 5.853 Thread 0x000000400416c000 1540       3       org.apache.felix.resolver.util.OpenHashMap::nextPowerOfTwo (53 bytes)
Event: 5.856 Thread 0x000000400416c000 nmethod 1540 0x000000401cac3f90 code [0x000000401cac4140, 0x000000401cac42f0]
Event: 5.907 Thread 0x000000400416c000 1541       3       org.apache.felix.resolver.util.OpenHashMap::arraySize (70 bytes)
Event: 5.915 Thread 0x000000400416c000 nmethod 1541 0x000000401cac4390 code [0x000000401cac46e0, 0x000000401cac5530]
Event: 5.915 Thread 0x000000400416a000 nmethod 1536 0x0000004023d77f10 code [0x0000004023d78160, 0x0000004023d78a68]
Event: 5.915 Thread 0x000000400416c000 1529       3       java.util.concurrent.ThreadPoolExecutor::workerCountOf (5 bytes)
Event: 5.915 Thread 0x000000400416a000 1550       4       java.util.HashSet::add (20 bytes)
Event: 5.916 Thread 0x000000400416c000 nmethod 1529 0x000000401cac5b10 code [0x000000401cac5cc0, 0x000000401cac5d90]
Event: 5.916 Thread 0x000000400416c000 1552       3       java.util.Collections$SingletonList::<init> (10 bytes)
Event: 5.916 Thread 0x000000400416c000 nmethod 1552 0x000000401cac5e10 code [0x000000401cac5fe0, 0x000000401cac6230]
Event: 5.917 Thread 0x000000400416c000 1551       3       java.util.Collections::singletonList (9 bytes)
Event: 5.917 Thread 0x000000400416c000 nmethod 1551 0x000000401cac6310 code [0x000000401cac64e0, 0x000000401cac67b0]
Event: 5.917 Thread 0x000000400416c000 1553       3       org.apache.felix.resolver.ResolverImpl::mergeCandidatePackage (68 bytes)
Event: 5.918 Thread 0x000000400416a000 nmethod 1550 0x0000004023d79110 code [0x0000004023d792c0, 0x0000004023d79388]
Event: 5.918 Thread 0x000000400416a000 1546       4       org.eclipse.osgi.container.ModuleCapability::getResource (5 bytes)

GC Heap History (4 events):
Event: 4.044 GC heap before
{Heap before GC invocations=1 (full 0):
 PSYoungGen      total 29696K, used 25600K [0x00000000eab00000, 0x00000000ecc00000, 0x0000000100000000)
  eden space 25600K, 100% used [0x00000000eab00000,0x00000000ec400000,0x00000000ec400000)
  from space 4096K, 0% used [0x00000000ec800000,0x00000000ec800000,0x00000000ecc00000)
  to   space 4096K, 0% used [0x00000000ec400000,0x00000000ec400000,0x00000000ec800000)
 ParOldGen       total 68608K, used 0K [0x00000000c0000000, 0x00000000c4300000, 0x00000000eab00000)
  object space 68608K, 0% used [0x00000000c0000000,0x00000000c0000000,0x00000000c4300000)
 Metaspace       used 6761K, capacity 7208K, committed 7424K, reserved 1056768K
  class space    used 657K, capacity 706K, committed 768K, reserved 1048576K
}
Event: 4.088 GC heap after
{Heap after GC invocations=1 (full 0):
 PSYoungGen      total 29696K, used 3405K [0x00000000eab00000, 0x00000000ecc00000, 0x0000000100000000)
  eden space 25600K, 0% used [0x00000000eab00000,0x00000000eab00000,0x00000000ec400000)
  from space 4096K, 83% used [0x00000000ec400000,0x00000000ec753668,0x00000000ec800000)
  to   space 4096K, 0% used [0x00000000ec800000,0x00000000ec800000,0x00000000ecc00000)
 ParOldGen       total 68608K, used 8K [0x00000000c0000000, 0x00000000c4300000, 0x00000000eab00000)
  object space 68608K, 0% used [0x00000000c0000000,0x00000000c0002000,0x00000000c4300000)
 Metaspace       used 6761K, capacity 7208K, committed 7424K, reserved 1056768K
  class space    used 657K, capacity 706K, committed 768K, reserved 1048576K
}
Event: 5.855 GC heap before
{Heap before GC invocations=2 (full 0):
 PSYoungGen      total 29696K, used 29005K [0x00000000eab00000, 0x00000000ecc00000, 0x0000000100000000)
  eden space 25600K, 100% used [0x00000000eab00000,0x00000000ec400000,0x00000000ec400000)
  from space 4096K, 83% used [0x00000000ec400000,0x00000000ec753668,0x00000000ec800000)
  to   space 4096K, 0% used [0x00000000ec800000,0x00000000ec800000,0x00000000ecc00000)
 ParOldGen       total 68608K, used 8K [0x00000000c0000000, 0x00000000c4300000, 0x00000000eab00000)
  object space 68608K, 0% used [0x00000000c0000000,0x00000000c0002000,0x00000000c4300000)
 Metaspace       used 7301K, capacity 7568K, committed 7680K, reserved 1056768K
  class space    used 693K, capacity 742K, committed 768K, reserved 1048576K
}
Event: 5.905 GC heap after
{Heap after GC invocations=2 (full 0):
 PSYoungGen      total 29696K, used 4092K [0x00000000eab00000, 0x00000000ecc00000, 0x0000000100000000)
  eden space 25600K, 0% used [0x00000000eab00000,0x00000000eab00000,0x00000000ec400000)
  from space 4096K, 99% used [0x00000000ec800000,0x00000000ecbff300,0x00000000ecc00000)
  to   space 4096K, 0% used [0x00000000ec400000,0x00000000ec400000,0x00000000ec800000)
 ParOldGen       total 68608K, used 3972K [0x00000000c0000000, 0x00000000c4300000, 0x00000000eab00000)
  object space 68608K, 5% used [0x00000000c0000000,0x00000000c03e1348,0x00000000c4300000)
 Metaspace       used 7301K, capacity 7568K, committed 7680K, reserved 1056768K
  class space    used 693K, capacity 742K, committed 768K, reserved 1048576K
}

Deoptimization events (20 events):
Event: 4.593 Thread 0x0000004004016000 DEOPT PACKING pc=0x000000401c9d26ef sp=0x00000040032de630
Event: 4.593 Thread 0x0000004004016000 DEOPT UNPACKING pc=0x000000401c25c12b sp=0x00000040032ddbf0 mode 0
Event: 4.593 Thread 0x0000004004016000 DEOPT PACKING pc=0x000000401c9d26ef sp=0x00000040032de630
Event: 4.594 Thread 0x0000004004016000 DEOPT UNPACKING pc=0x000000401c25c12b sp=0x00000040032ddbf0 mode 0
Event: 4.635 Thread 0x0000004004016000 DEOPT PACKING pc=0x000000401c9d26ef sp=0x00000040032de630
Event: 4.635 Thread 0x0000004004016000 DEOPT UNPACKING pc=0x000000401c25c12b sp=0x00000040032ddbf0 mode 0
Event: 4.641 Thread 0x0000004004016000 DEOPT PACKING pc=0x000000401c9d26ef sp=0x00000040032de630
Event: 4.641 Thread 0x0000004004016000 DEOPT UNPACKING pc=0x000000401c25c12b sp=0x00000040032ddbf0 mode 0
Event: 5.138 Thread 0x0000004004016000 DEOPT PACKING pc=0x000000401c9d9ae3 sp=0x00000040032de9d0
Event: 5.139 Thread 0x0000004004016000 DEOPT UNPACKING pc=0x000000401c25c12b sp=0x00000040032ddef0 mode 0
Event: 5.206 Thread 0x0000004004016000 DEOPT PACKING pc=0x000000401c9d9ae3 sp=0x00000040032de9d0
Event: 5.206 Thread 0x0000004004016000 DEOPT UNPACKING pc=0x000000401c25c12b sp=0x00000040032ddef0 mode 0
Event: 5.563 Thread 0x00000040044aa800 Uncommon trap: trap_request=0xffffffcc fr.pc=0x0000004023d707dc relative=0x000000000000019c
Event: 5.563 Thread 0x00000040044aa800 Uncommon trap: reason=intrinsic_or_type_checked_inlining action=make_not_entrant pc=0x0000004023d707dc method=java.util.Arrays.copyOf([Ljava/lang/Object;ILjava/lang/Class;)[Ljava/lang/Object; @ 35 c2
Event: 5.563 Thread 0x00000040044aa800 DEOPT PACKING pc=0x0000004023d707dc sp=0x000000436109e8d0
Event: 5.563 Thread 0x00000040044aa800 DEOPT UNPACKING pc=0x000000401c25c31f sp=0x000000436109e860 mode 2
Event: 5.616 Thread 0x00000040044aa800 Uncommon trap: trap_request=0xffffff4d fr.pc=0x0000004023d70280 relative=0x00000000000000e0
Event: 5.616 Thread 0x00000040044aa800 Uncommon trap: reason=unstable_if action=reinterpret pc=0x0000004023d70280 method=org.eclipse.osgi.internal.framework.FilterImpl$Parser.skipWhiteSpace()V @ 39 c2
Event: 5.616 Thread 0x00000040044aa800 DEOPT PACKING pc=0x0000004023d70280 sp=0x000000436109ea70
Event: 5.616 Thread 0x00000040044aa800 DEOPT UNPACKING pc=0x000000401c25c31f sp=0x000000436109ea30 mode 2

Classes redefined (0 events):
No events

Internal exceptions (20 events):
Event: 1.743 Thread 0x0000004004016000 Exception <a 'java/io/FileNotFoundException'{0x00000000eaf8db90}> (0x00000000eaf8db90) thrown at [src/hotspot/share/prims/jni.cpp, line 615]
Event: 1.744 Thread 0x0000004004016000 Exception <a 'java/io/FileNotFoundException'{0x00000000eaf8e7e8}> (0x00000000eaf8e7e8) thrown at [src/hotspot/share/prims/jni.cpp, line 615]
Event: 1.744 Thread 0x0000004004016000 Exception <a 'java/io/FileNotFoundException'{0x00000000eaf8f300}> (0x00000000eaf8f300) thrown at [src/hotspot/share/prims/jni.cpp, line 615]
Event: 1.745 Thread 0x0000004004016000 Exception <a 'java/io/FileNotFoundException'{0x00000000eaf8fea8}> (0x00000000eaf8fea8) thrown at [src/hotspot/share/prims/jni.cpp, line 615]
Event: 1.787 Thread 0x0000004004016000 Exception <a 'java/io/FileNotFoundException'{0x00000000eafacbd8}> (0x00000000eafacbd8) thrown at [src/hotspot/share/prims/jni.cpp, line 615]
Event: 1.841 Thread 0x0000004004016000 Exception <a 'sun/nio/fs/UnixException'{0x00000000eafd4a60}> (0x00000000eafd4a60) thrown at [src/hotspot/share/prims/jni.cpp, line 615]
Event: 1.842 Thread 0x0000004004016000 Exception <a 'sun/nio/fs/UnixException'{0x00000000eafd5268}> (0x00000000eafd5268) thrown at [src/hotspot/share/prims/jni.cpp, line 615]
Event: 1.897 Thread 0x0000004004016000 Exception <a 'java/lang/NoSuchMethodError'{0x00000000eafeb638}: 'java.lang.Object java.lang.invoke.DirectMethodHandle$Holder.invokeStaticInit(java.lang.Object, java.lang.Object, long, java.lang.Object)'> (0x00000000eafeb638) thrown at [src/hotspot/share/interpreter/linkResolver.cpp, line 773]
Event: 1.903 Thread 0x0000004004016000 Exception <a 'java/lang/NoSuchMethodError'{0x00000000eaff74f0}: 'java.lang.Object java.lang.invoke.Invokers$Holder.linkToTargetMethod(java.lang.Object, long, java.lang.Object)'> (0x00000000eaff74f0) thrown at [src/hotspot/share/interpreter/linkResolver.cpp, line 773]
Event: 1.919 Thread 0x0000004004016000 Exception <a 'java/lang/NoSuchMethodError'{0x00000000eb001908}: 'java.lang.Object java.lang.invoke.DirectMethodHandle$Holder.invokeStatic(java.lang.Object, java.lang.Object, java.lang.Object, int)'> (0x00000000eb001908) thrown at [src/hotspot/share/interpreter/linkResolver.cpp, line 773]
Event: 1.921 Thread 0x0000004004016000 Exception <a 'java/lang/NoSuchMethodError'{0x00000000eb0083e0}: 'java.lang.Object java.lang.invoke.Invokers$Holder.linkToTargetMethod(java.lang.Object, java.lang.Object, int, java.lang.Object)'> (0x00000000eb0083e0) thrown at [src/hotspot/share/interpreter/linkResolver.cpp, line 773]
Event: 2.582 Thread 0x0000004004016000 Exception <a 'java/io/FileNotFoundException'{0x00000000eb7fb398}> (0x00000000eb7fb398) thrown at [src/hotspot/share/prims/jni.cpp, line 615]
Event: 2.864 Thread 0x0000004004016000 Exception <a 'java/lang/NoSuchMethodError'{0x00000000eb9919f0}: 'int java.lang.invoke.DirectMethodHandle$Holder.invokeStaticInit(java.lang.Object, java.lang.Object, java.lang.Object, java.lang.Object)'> (0x00000000eb9919f0) thrown at [src/hotspot/share/interpreter/linkResolver.cpp, line 773]
Event: 2.878 Thread 0x0000004004016000 Exception <a 'java/lang/IncompatibleClassChangeError'{0x00000000eb99b830}: Found class java.lang.Object, but interface was expected> (0x00000000eb99b830) thrown at [src/hotspot/share/interpreter/linkResolver.cpp, line 839]
Event: 2.880 Thread 0x0000004004016000 Exception <a 'java/lang/NoSuchMethodError'{0x00000000eb99e8f0}: 'void java.lang.invoke.DirectMethodHandle$Holder.invokeStaticInit(java.lang.Object, java.lang.Object)'> (0x00000000eb99e8f0) thrown at [src/hotspot/share/interpreter/linkResolver.cpp, line 773]
Event: 2.882 Thread 0x0000004004016000 Exception <a 'java/lang/NoSuchMethodError'{0x00000000eb9a3bb8}: 'int java.lang.invoke.DirectMethodHandle$Holder.invokeStaticInit(java.lang.Object, java.lang.Object)'> (0x00000000eb9a3bb8) thrown at [src/hotspot/share/interpreter/linkResolver.cpp, line 773]
Event: 3.129 Thread 0x0000004004016000 Exception <a 'java/lang/NoSuchMethodError'{0x00000000ebaa12c0}: 'int java.lang.invoke.DirectMethodHandle$Holder.invokeSpecialIFC(java.lang.Object, java.lang.Object, int)'> (0x00000000ebaa12c0) thrown at [src/hotspot/share/interpreter/linkResolver.cpp, line 773]
Event: 3.804 Thread 0x0000004004016000 Exception <a 'java/lang/NoSuchMethodError'{0x00000000ec235db0}: 'java.lang.Object java.lang.invoke.DirectMethodHandle$Holder.invokeStatic(java.lang.Object, int, java.lang.Object)'> (0x00000000ec235db0) thrown at [src/hotspot/share/interpreter/linkResolver.cpp, line 773]
Event: 3.817 Thread 0x0000004004016000 Exception <a 'java/lang/NoSuchMethodError'{0x00000000ec251958}: 'java.lang.Object java.lang.invoke.Invokers$Holder.linkToTargetMethod(java.lang.Object, java.lang.Object, java.lang.Object, int, java.lang.Object, java.lang.Object)'> (0x00000000ec251958) thrown at [src/hotspot/share/interpreter/linkResolver.cpp, line 773]
Event: 5.290 Thread 0x0000004004016000 Exception <a 'java/lang/UnsatisfiedLinkError'{0x00000000ebf5ca58}: 'void org.eclipse.equinox.launcher.JNIBridge._update_splash()'> (0x00000000ebf5ca58) thrown at [src/hotspot/share/prims/nativeLookup.cpp, line 526]

Events (20 events):
Event: 5.815 Executing VM operation: RevokeBias
Event: 5.815 Executing VM operation: RevokeBias done
Event: 5.815 Executing VM operation: RevokeBias
Event: 5.815 Executing VM operation: RevokeBias done
Event: 5.815 Executing VM operation: RevokeBias
Event: 5.815 Executing VM operation: RevokeBias done
Event: 5.815 Executing VM operation: RevokeBias
Event: 5.815 Executing VM operation: RevokeBias done
Event: 5.815 Executing VM operation: RevokeBias
Event: 5.816 Executing VM operation: RevokeBias done
Event: 5.816 Executing VM operation: RevokeBias
Event: 5.816 Executing VM operation: RevokeBias done
Event: 5.819 Executing VM operation: RevokeBias
Event: 5.819 Executing VM operation: RevokeBias done
Event: 5.819 Executing VM operation: RevokeBias
Event: 5.820 Executing VM operation: RevokeBias done
Event: 5.820 Executing VM operation: BulkRevokeBias
Event: 5.822 Executing VM operation: BulkRevokeBias done
Event: 5.855 Executing VM operation: ParallelGCFailedAllocation
Event: 5.905 Executing VM operation: ParallelGCFailedAllocation done


Dynamic libraries:
00400000-006e4000 r-xp 00000000 fe:01 1572892                            /usr/bin/qemu-x86_64
006f4000-00743000 rw-p 002e4000 fe:01 1572892                            /usr/bin/qemu-x86_64
00743000-00768000 rw-p 00000000 00:00 0 
15265000-153e6000 rw-p 00000000 00:00 0                                  [heap]
c0000000-c4300000 rw-p 00000000 00:00 0 
c4300000-eab00000 ---p 00000000 00:00 0 
eab00000-ecc00000 rw-p 00000000 00:00 0 
ecc00000-100000000 ---p 00000000 00:00 0 
800000000-800002000 r-xp 00001000 fe:01 142378                           /usr/lib/jvm/java-11-openjdk-amd64/lib/server/classes.jsa
800002000-8003b8000 rw-p 00003000 fe:01 142378                           /usr/lib/jvm/java-11-openjdk-amd64/lib/server/classes.jsa
8003b8000-800a94000 r--p 003b9000 fe:01 142378                           /usr/lib/jvm/java-11-openjdk-amd64/lib/server/classes.jsa
800a94000-800a95000 rw-p 00a95000 fe:01 142378                           /usr/lib/jvm/java-11-openjdk-amd64/lib/server/classes.jsa
800a95000-8010a2000 r--p 00a96000 fe:01 142378                           /usr/lib/jvm/java-11-openjdk-amd64/lib/server/classes.jsa
840000000-8400c0000 rw-p 00000000 00:00 0 
8400c0000-880000000 ---p 00000000 00:00 0 
4000000000-4000001000 r--p 00000000 fe:01 142008                         /usr/lib/jvm/java-11-openjdk-amd64/bin/java
4000001000-4000002000 r-xp 00001000 fe:01 142008                         /usr/lib/jvm/java-11-openjdk-amd64/bin/java
4000002000-4000003000 r--p 00002000 fe:01 142008                         /usr/lib/jvm/java-11-openjdk-amd64/bin/java
4000003000-4000004000 r--p 00002000 fe:01 142008                         /usr/lib/jvm/java-11-openjdk-amd64/bin/java
4000004000-4000005000 rw-p 00003000 fe:01 142008                         /usr/lib/jvm/java-11-openjdk-amd64/bin/java
4000005000-4000026000 rw-p 00000000 00:00 0 
4001005000-4001006000 ---p 00000000 00:00 0 
4001006000-4001806000 rw-p 00000000 00:00 0 
4001806000-4001807000 r--p 00000000 fe:01 3801198                        /lib/x86_64-linux-gnu/ld-2.28.so
4001807000-4001825000 r-xp 00001000 fe:01 3801198                        /lib/x86_64-linux-gnu/ld-2.28.so
4001825000-400182d000 r--p 0001f000 fe:01 3801198                        /lib/x86_64-linux-gnu/ld-2.28.so
400182d000-400182e000 r--p 00026000 fe:01 3801198                        /lib/x86_64-linux-gnu/ld-2.28.so
400182e000-400182f000 rw-p 00027000 fe:01 3801198                        /lib/x86_64-linux-gnu/ld-2.28.so
400182f000-4001832000 rw-p 00000000 00:00 0 
4001838000-400183a000 rw-p 00000000 00:00 0 
400183a000-4001856000 r-xp 00000000 fe:01 3801296                        /lib/x86_64-linux-gnu/libz.so.1.2.11
4001856000-4001a56000 ---p 0001c000 fe:01 3801296                        /lib/x86_64-linux-gnu/libz.so.1.2.11
4001a56000-4001a57000 r--p 0001c000 fe:01 3801296                        /lib/x86_64-linux-gnu/libz.so.1.2.11
4001a57000-4001a58000 rw-p 0001d000 fe:01 3801296                        /lib/x86_64-linux-gnu/libz.so.1.2.11
4001a58000-4001a5e000 r--p 00000000 fe:01 3801271                        /lib/x86_64-linux-gnu/libpthread-2.28.so
4001a5e000-4001a6d000 r-xp 00006000 fe:01 3801271                        /lib/x86_64-linux-gnu/libpthread-2.28.so
4001a6d000-4001a73000 r--p 00015000 fe:01 3801271                        /lib/x86_64-linux-gnu/libpthread-2.28.so
4001a73000-4001a74000 r--p 0001a000 fe:01 3801271                        /lib/x86_64-linux-gnu/libpthread-2.28.so
4001a74000-4001a75000 rw-p 0001b000 fe:01 3801271                        /lib/x86_64-linux-gnu/libpthread-2.28.so
4001a75000-4001a79000 rw-p 00000000 00:00 0 
4001a79000-4001a7c000 r--p 00000000 fe:01 142327                         /usr/lib/jvm/java-11-openjdk-amd64/lib/jli/libjli.so
4001a7c000-4001a86000 r-xp 00003000 fe:01 142327                         /usr/lib/jvm/java-11-openjdk-amd64/lib/jli/libjli.so
4001a86000-4001a89000 r--p 0000d000 fe:01 142327                         /usr/lib/jvm/java-11-openjdk-amd64/lib/jli/libjli.so
4001a89000-4001a8a000 ---p 00010000 fe:01 142327                         /usr/lib/jvm/java-11-openjdk-amd64/lib/jli/libjli.so
4001a8a000-4001a8b000 r--p 00010000 fe:01 142327                         /usr/lib/jvm/java-11-openjdk-amd64/lib/jli/libjli.so
4001a8b000-4001a8c000 rw-p 00011000 fe:01 142327                         /usr/lib/jvm/java-11-openjdk-amd64/lib/jli/libjli.so
4001a8c000-4001a8d000 r--p 00000000 fe:01 3801222                        /lib/x86_64-linux-gnu/libdl-2.28.so
4001a8d000-4001a8e000 r-xp 00001000 fe:01 3801222                        /lib/x86_64-linux-gnu/libdl-2.28.so
4001a8e000-4001a8f000 r--p 00002000 fe:01 3801222                        /lib/x86_64-linux-gnu/libdl-2.28.so
4001a8f000-4001a90000 r--p 00002000 fe:01 3801222                        /lib/x86_64-linux-gnu/libdl-2.28.so
4001a90000-4001a91000 rw-p 00003000 fe:01 3801222                        /lib/x86_64-linux-gnu/libdl-2.28.so
4001a91000-4001ab3000 r--p 00000000 fe:01 3801212                        /lib/x86_64-linux-gnu/libc-2.28.so
4001ab3000-4001bfb000 r-xp 00022000 fe:01 3801212                        /lib/x86_64-linux-gnu/libc-2.28.so
4001bfb000-4001c47000 r--p 0016a000 fe:01 3801212                        /lib/x86_64-linux-gnu/libc-2.28.so
4001c47000-4001c48000 ---p 001b6000 fe:01 3801212                        /lib/x86_64-linux-gnu/libc-2.28.so
4001c48000-4001c4c000 r--p 001b6000 fe:01 3801212                        /lib/x86_64-linux-gnu/libc-2.28.so
4001c4c000-4001c4e000 rw-p 001ba000 fe:01 3801212                        /lib/x86_64-linux-gnu/libc-2.28.so
4001c4e000-4001c54000 rw-p 00000000 00:00 0 
4001c85000-4001efe000 r--p 00000000 fe:01 142380                         /usr/lib/jvm/java-11-openjdk-amd64/lib/server/libjvm.so
4001efe000-4002b0f000 r-xp 00279000 fe:01 142380                         /usr/lib/jvm/java-11-openjdk-amd64/lib/server/libjvm.so
4002b0f000-4002d66000 r--p 00e8a000 fe:01 142380                         /usr/lib/jvm/java-11-openjdk-amd64/lib/server/libjvm.so
4002d66000-4002e27000 r--p 010e0000 fe:01 142380                         /usr/lib/jvm/java-11-openjdk-amd64/lib/server/libjvm.so
4002e27000-4002e62000 rw-p 011a1000 fe:01 142380                         /usr/lib/jvm/java-11-openjdk-amd64/lib/server/libjvm.so
4002e62000-4002eb9000 rw-p 00000000 00:00 0 
4002ebf000-4002f48000 r--p 00000000 fe:01 3803712                        /usr/lib/x86_64-linux-gnu/libstdc++.so.6.0.25
4002f48000-4002ff4000 r-xp 00089000 fe:01 3803712                        /usr/lib/x86_64-linux-gnu/libstdc++.so.6.0.25
4002ff4000-4003032000 r--p 00135000 fe:01 3803712                        /usr/lib/x86_64-linux-gnu/libstdc++.so.6.0.25
4003032000-4003033000 ---p 00173000 fe:01 3803712                        /usr/lib/x86_64-linux-gnu/libstdc++.so.6.0.25
4003033000-400303d000 r--p 00173000 fe:01 3803712                        /usr/lib/x86_64-linux-gnu/libstdc++.so.6.0.25
400303d000-400303f000 rw-p 0017d000 fe:01 3803712                        /usr/lib/x86_64-linux-gnu/libstdc++.so.6.0.25
400303f000-4003043000 rw-p 00000000 00:00 0 
4003043000-4003050000 r--p 00000000 fe:01 3801237                        /lib/x86_64-linux-gnu/libm-2.28.so
4003050000-40030ef000 r-xp 0000d000 fe:01 3801237                        /lib/x86_64-linux-gnu/libm-2.28.so
40030ef000-40031c4000 r--p 000ac000 fe:01 3801237                        /lib/x86_64-linux-gnu/libm-2.28.so
40031c4000-40031c5000 r--p 00180000 fe:01 3801237                        /lib/x86_64-linux-gnu/libm-2.28.so
40031c5000-40031c6000 rw-p 00181000 fe:01 3801237                        /lib/x86_64-linux-gnu/libm-2.28.so
40031c6000-40031c9000 r--p 00000000 fe:01 3801230                        /lib/x86_64-linux-gnu/libgcc_s.so.1
40031c9000-40031da000 r-xp 00003000 fe:01 3801230                        /lib/x86_64-linux-gnu/libgcc_s.so.1
40031da000-40031dd000 r--p 00014000 fe:01 3801230                        /lib/x86_64-linux-gnu/libgcc_s.so.1
40031dd000-40031de000 ---p 00017000 fe:01 3801230                        /lib/x86_64-linux-gnu/libgcc_s.so.1
40031de000-40031df000 r--p 00017000 fe:01 3801230                        /lib/x86_64-linux-gnu/libgcc_s.so.1
40031df000-40031e0000 rw-p 00018000 fe:01 3801230                        /lib/x86_64-linux-gnu/libgcc_s.so.1
40031e0000-40031e4000 ---p 00000000 00:00 0 
40031e4000-40032e1000 rw-p 00000000 00:00 0 
4004000000-400477b000 rw-p 00000000 00:00 0 
400477b000-4008000000 ---p 00000000 00:00 0 
400b2e7000-400b2e9000 r--p 00000000 fe:01 3801275                        /lib/x86_64-linux-gnu/librt-2.28.so
400b2e9000-400b2ed000 r-xp 00002000 fe:01 3801275                        /lib/x86_64-linux-gnu/librt-2.28.so
400b2ed000-400b2ef000 r--p 00006000 fe:01 3801275                        /lib/x86_64-linux-gnu/librt-2.28.so
400b2ef000-400b2f0000 r--p 00007000 fe:01 3801275                        /lib/x86_64-linux-gnu/librt-2.28.so
400b2f0000-400b2f1000 rw-p 00008000 fe:01 3801275                        /lib/x86_64-linux-gnu/librt-2.28.so
400b2f1000-400b2f6000 r--p 00000000 fe:01 142366                         /usr/lib/jvm/java-11-openjdk-amd64/lib/libverify.so
400b2f6000-400b2fd000 r-xp 00005000 fe:01 142366                         /usr/lib/jvm/java-11-openjdk-amd64/lib/libverify.so
400b2fd000-400b2ff000 r--p 0000c000 fe:01 142366                         /usr/lib/jvm/java-11-openjdk-amd64/lib/libverify.so
400b2ff000-400b301000 r--p 0000d000 fe:01 142366                         /usr/lib/jvm/java-11-openjdk-amd64/lib/libverify.so
400b301000-400b302000 rw-p 0000f000 fe:01 142366                         /usr/lib/jvm/java-11-openjdk-amd64/lib/libverify.so
400b302000-400b310000 r--p 00000000 fe:01 142345                         /usr/lib/jvm/java-11-openjdk-amd64/lib/libjava.so
400b310000-400b325000 r-xp 0000e000 fe:01 142345                         /usr/lib/jvm/java-11-openjdk-amd64/lib/libjava.so
400b325000-400b32c000 r--p 00023000 fe:01 142345                         /usr/lib/jvm/java-11-openjdk-amd64/lib/libjava.so
400b32c000-400b32d000 r--p 00029000 fe:01 142345                         /usr/lib/jvm/java-11-openjdk-amd64/lib/libjava.so
400b32d000-400b32e000 rw-p 0002a000 fe:01 142345                         /usr/lib/jvm/java-11-openjdk-amd64/lib/libjava.so
400b32e000-400b32f000 rw-p 00000000 00:00 0 
400b32f000-400b331000 r--p 00000000 fe:01 142349                         /usr/lib/jvm/java-11-openjdk-amd64/lib/libjimage.so
400b331000-400b334000 r-xp 00002000 fe:01 142349                         /usr/lib/jvm/java-11-openjdk-amd64/lib/libjimage.so
400b334000-400b336000 r--p 00005000 fe:01 142349                         /usr/lib/jvm/java-11-openjdk-amd64/lib/libjimage.so
400b336000-400b337000 r--p 00006000 fe:01 142349                         /usr/lib/jvm/java-11-openjdk-amd64/lib/libjimage.so
400b337000-400b338000 rw-p 00007000 fe:01 142349                         /usr/lib/jvm/java-11-openjdk-amd64/lib/libjimage.so
4013a9f000-4013aa0000 ---p 00000000 00:00 0 
4013aa0000-4013aa1000 r--p 00000000 00:00 0 
4013aa7000-4013aaa000 r--p 00000000 fe:01 3801254                        /lib/x86_64-linux-gnu/libnss_files-2.28.so
4013aaa000-4013ab1000 r-xp 00003000 fe:01 3801254                        /lib/x86_64-linux-gnu/libnss_files-2.28.so
4013ab1000-4013ab3000 r--p 0000a000 fe:01 3801254                        /lib/x86_64-linux-gnu/libnss_files-2.28.so
4013ab3000-4013ab4000 ---p 0000c000 fe:01 3801254                        /lib/x86_64-linux-gnu/libnss_files-2.28.so
4013ab4000-4013ab5000 r--p 0000c000 fe:01 3801254                        /lib/x86_64-linux-gnu/libnss_files-2.28.so
4013ab5000-4013ab6000 rw-p 0000d000 fe:01 3801254                        /lib/x86_64-linux-gnu/libnss_files-2.28.so
4013ab6000-4013abc000 rw-p 00000000 00:00 0 
4013abc000-4013ac4000 rw-s 00000000 fe:01 3146665                        /tmp/hsperfdata_root/383
4013ac4000-4013ac6000 r--p 00000000 fe:01 142367                         /usr/lib/jvm/java-11-openjdk-amd64/lib/libzip.so
4013ac6000-4013aca000 r-xp 00002000 fe:01 142367                         /usr/lib/jvm/java-11-openjdk-amd64/lib/libzip.so
4013aca000-4013acc000 r--p 00006000 fe:01 142367                         /usr/lib/jvm/java-11-openjdk-amd64/lib/libzip.so
4013acc000-4013acd000 r--p 00007000 fe:01 142367                         /usr/lib/jvm/java-11-openjdk-amd64/lib/libzip.so
4013acd000-4013ace000 rw-p 00008000 fe:01 142367                         /usr/lib/jvm/java-11-openjdk-amd64/lib/libzip.so
4013ace000-401c235000 r--s 00000000 fe:01 142368                         /usr/lib/jvm/java-11-openjdk-amd64/lib/modules
401c235000-401c237000 r--s 00007000 fe:01 270805                         /usr/share/java/java-atk-wrapper.jar
401c237000-401c238000 r-xp 00000000 00:00 0 
401c238000-401c23e000 rwxp 00000000 00:00 0 
401c23e000-401c23f000 r-xp 00000000 00:00 0 
401c23f000-401c240000 rwxp 00000000 00:00 0 
401c240000-401c241000 r-xp 00000000 00:00 0 
401c241000-401c243000 rwxp 00000000 00:00 0 
401c243000-401c259000 r-xp 00000000 00:00 0 
401c259000-401c25a000 rwxp 00000000 00:00 0 
401c25a000-401c25c000 r-xp 00000000 00:00 0 
401c25c000-401c260000 rwxp 00000000 00:00 0 
401c260000-401c26d000 r-xp 00000000 00:00 0 
401c26d000-401c26e000 rwxp 00000000 00:00 0 
401c26e000-401c272000 r-xp 00000000 00:00 0 
401c272000-401c273000 rwxp 00000000 00:00 0 
401c273000-401c275000 r-xp 00000000 00:00 0 
401c275000-401c27e000 rwxp 00000000 00:00 0 
401c27e000-401c27f000 r-xp 00000000 00:00 0 
401c27f000-401c286000 rwxp 00000000 00:00 0 
401c286000-401c288000 r-xp 00000000 00:00 0 
401c288000-401c28f000 rwxp 00000000 00:00 0 
401c28f000-401c290000 r-xp 00000000 00:00 0 
401c290000-401c291000 rwxp 00000000 00:00 0 
401c291000-401c294000 r-xp 00000000 00:00 0 
401c294000-401c321000 rwxp 00000000 00:00 0 
401c321000-401c328000 r-xp 00000000 00:00 0 
401c328000-401c329000 rwxp 00000000 00:00 0 
401c329000-401c32c000 r-xp 00000000 00:00 0 
401c32c000-401c333000 rwxp 00000000 00:00 0 
401c333000-401c335000 r-xp 00000000 00:00 0 
401c335000-401c33a000 rwxp 00000000 00:00 0 
401c33a000-401c33b000 r-xp 00000000 00:00 0 
401c33b000-401c344000 rwxp 00000000 00:00 0 
401c344000-401c346000 r-xp 00000000 00:00 0 
401c346000-401c4a7000 rwxp 00000000 00:00 0 
401c4a7000-401c7c7000 ---p 00000000 00:00 0 
401c7c7000-401c7cb000 rwxp 00000000 00:00 0 
401c7cb000-401c7cf000 r-xp 00000000 00:00 0 
401c7cf000-401c7d0000 rwxp 00000000 00:00 0 
401c7d0000-401c7d1000 r-xp 00000000 00:00 0 
401c7d1000-401c7d3000 rwxp 00000000 00:00 0 
401c7d3000-401c7d5000 r-xp 00000000 00:00 0 
401c7d5000-401c7d7000 rwxp 00000000 00:00 0 
401c7d7000-401c7d8000 r-xp 00000000 00:00 0 
401c7d8000-401c7df000 rwxp 00000000 00:00 0 
401c7df000-401c7e0000 r-xp 00000000 00:00 0 
401c7e0000-401c7e1000 rwxp 00000000 00:00 0 
401c7e1000-401c7e3000 r-xp 00000000 00:00 0 
401c7e3000-401c7e4000 rwxp 00000000 00:00 0 
401c7e4000-401c7e6000 r-xp 00000000 00:00 0 
401c7e6000-401c7e7000 rwxp 00000000 00:00 0 
401c7e7000-401c7e8000 r-xp 00000000 00:00 0 
401c7e8000-401c7e9000 rwxp 00000000 00:00 0 
401c7e9000-401c7ec000 r-xp 00000000 00:00 0 
401c7ec000-401c7f7000 rwxp 00000000 00:00 0 
401c7f7000-401c7f8000 r-xp 00000000 00:00 0 
401c7f8000-401c7ff000 rwxp 00000000 00:00 0 
401c7ff000-401c800000 r-xp 00000000 00:00 0 
401c800000-401c801000 rwxp 00000000 00:00 0 
401c801000-401c802000 r-xp 00000000 00:00 0 
401c802000-401c804000 rwxp 00000000 00:00 0 
401c804000-401c805000 r-xp 00000000 00:00 0 
401c805000-401c808000 rwxp 00000000 00:00 0 
401c808000-401c80a000 r-xp 00000000 00:00 0 
401c80a000-401c80b000 rwxp 00000000 00:00 0 
401c80b000-401c80c000 r-xp 00000000 00:00 0 
401c80c000-401c81d000 rwxp 00000000 00:00 0 
401c81d000-401c81e000 r-xp 00000000 00:00 0 
401c81e000-401c822000 rwxp 00000000 00:00 0 
401c822000-401c824000 r-xp 00000000 00:00 0 
401c824000-401c826000 rwxp 00000000 00:00 0 
401c826000-401c827000 r-xp 00000000 00:00 0 
401c827000-401c82b000 rwxp 00000000 00:00 0 
401c82b000-401c82c000 r-xp 00000000 00:00 0 
401c82c000-401c831000 rwxp 00000000 00:00 0 
401c831000-401c832000 r-xp 00000000 00:00 0 
401c832000-401c83c000 rwxp 00000000 00:00 0 
401c83c000-401c83e000 r-xp 00000000 00:00 0 
401c83e000-401c841000 rwxp 00000000 00:00 0 
401c841000-401c842000 r-xp 00000000 00:00 0 
401c842000-401c845000 rwxp 00000000 00:00 0 
401c845000-401c847000 r-xp 00000000 00:00 0 
401c847000-401c849000 rwxp 00000000 00:00 0 
401c849000-401c84b000 r-xp 00000000 00:00 0 
401c84b000-401c84c000 rwxp 00000000 00:00 0 
401c84c000-401c850000 r-xp 00000000 00:00 0 
401c850000-401c853000 rwxp 00000000 00:00 0 
401c853000-401c854000 r-xp 00000000 00:00 0 
401c854000-401c855000 rwxp 00000000 00:00 0 
401c855000-401c856000 r-xp 00000000 00:00 0 
401c856000-401c858000 rwxp 00000000 00:00 0 
401c858000-401c859000 r-xp 00000000 00:00 0 
401c859000-401c85a000 rwxp 00000000 00:00 0 
401c85a000-401c85c000 r-xp 00000000 00:00 0 
401c85c000-401c860000 rwxp 00000000 00:00 0 
401c860000-401c862000 r-xp 00000000 00:00 0 
401c862000-401c866000 rwxp 00000000 00:00 0 
401c866000-401c867000 r-xp 00000000 00:00 0 
401c867000-401c869000 rwxp 00000000 00:00 0 
401c869000-401c86a000 r-xp 00000000 00:00 0 
401c86a000-401c86e000 rwxp 00000000 00:00 0 
401c86e000-401c86f000 r-xp 00000000 00:00 0 
401c86f000-401c879000 rwxp 00000000 00:00 0 
401c879000-401c87a000 r-xp 00000000 00:00 0 
401c87a000-401c87b000 rwxp 00000000 00:00 0 
401c87b000-401c87c000 r-xp 00000000 00:00 0 
401c87c000-401c883000 rwxp 00000000 00:00 0 
401c883000-401c88b000 r-xp 00000000 00:00 0 
401c88b000-401c88c000 rwxp 00000000 00:00 0 
401c88c000-401c88d000 r-xp 00000000 00:00 0 
401c88d000-401c88e000 rwxp 00000000 00:00 0 
401c88e000-401c88f000 r-xp 00000000 00:00 0 
401c88f000-401c891000 rwxp 00000000 00:00 0 
401c891000-401c894000 r-xp 00000000 00:00 0 
401c894000-401c895000 rwxp 00000000 00:00 0 
401c895000-401c896000 r-xp 00000000 00:00 0 
401c896000-401c897000 rwxp 00000000 00:00 0 
401c897000-401c899000 r-xp 00000000 00:00 0 
401c899000-401c89d000 rwxp 00000000 00:00 0 
401c89d000-401c89f000 r-xp 00000000 00:00 0 
401c89f000-401c8a2000 rwxp 00000000 00:00 0 
401c8a2000-401c8a7000 r-xp 00000000 00:00 0 
401c8a7000-401c8af000 rwxp 00000000 00:00 0 
401c8af000-401c8b1000 r-xp 00000000 00:00 0 
401c8b1000-401c8b6000 rwxp 00000000 00:00 0 
401c8b6000-401c8b7000 r-xp 00000000 00:00 0 
401c8b7000-401c8bd000 rwxp 00000000 00:00 0 
401c8bd000-401c8bf000 r-xp 00000000 00:00 0 
401c8bf000-401c8c1000 rwxp 00000000 00:00 0 
401c8c1000-401c8c6000 r-xp 00000000 00:00 0 
401c8c6000-401c8c7000 rwxp 00000000 00:00 0 
401c8c7000-401c8c8000 r-xp 00000000 00:00 0 
401c8c8000-401c8cb000 rwxp 00000000 00:00 0 
401c8cb000-401c8ce000 r-xp 00000000 00:00 0 
401c8ce000-401c8d3000 rwxp 00000000 00:00 0 
401c8d3000-401c8d4000 r-xp 00000000 00:00 0 
401c8d4000-401c8d5000 rwxp 00000000 00:00 0 
401c8d5000-401c8d6000 r-xp 00000000 00:00 0 
401c8d6000-401c8dc000 rwxp 00000000 00:00 0 
401c8dc000-401c8dd000 r-xp 00000000 00:00 0 
401c8dd000-401c8df000 rwxp 00000000 00:00 0 
401c8df000-401c8e0000 r-xp 00000000 00:00 0 
401c8e0000-401c8e3000 rwxp 00000000 00:00 0 
401c8e3000-401c8e6000 r-xp 00000000 00:00 0 
401c8e6000-401c8e8000 rwxp 00000000 00:00 0 
401c8e8000-401c8e9000 r-xp 00000000 00:00 0 
401c8e9000-401c8eb000 rwxp 00000000 00:00 0 
401c8eb000-401c8ed000 r-xp 00000000 00:00 0 
401c8ed000-401c8ee000 rwxp 00000000 00:00 0 
401c8ee000-401c8ef000 r-xp 00000000 00:00 0 
401c8ef000-401c8f3000 rwxp 00000000 00:00 0 
401c8f3000-401c8f4000 r-xp 00000000 00:00 0 
401c8f4000-401c8f8000 rwxp 00000000 00:00 0 
401c8f8000-401c8f9000 r-xp 00000000 00:00 0 
401c8f9000-401c8fa000 rwxp 00000000 00:00 0 
401c8fa000-401c8fc000 r-xp 00000000 00:00 0 
401c8fc000-401c8fd000 rwxp 00000000 00:00 0 
401c8fd000-401c907000 r-xp 00000000 00:00 0 
401c907000-401c90d000 rwxp 00000000 00:00 0 
401c90d000-401c90e000 r-xp 00000000 00:00 0 
401c90e000-401c910000 rwxp 00000000 00:00 0 
401c910000-401c913000 r-xp 00000000 00:00 0 
401c913000-401c91c000 rwxp 00000000 00:00 0 
401c91c000-401c91d000 r-xp 00000000 00:00 0 
401c91d000-401c925000 rwxp 00000000 00:00 0 
401c925000-401c926000 r-xp 00000000 00:00 0 
401c926000-401c92d000 rwxp 00000000 00:00 0 
401c92d000-401c92e000 r-xp 00000000 00:00 0 
401c92e000-401c932000 rwxp 00000000 00:00 0 
401c932000-401c933000 r-xp 00000000 00:00 0 
401c933000-401c936000 rwxp 00000000 00:00 0 
401c936000-401c937000 r-xp 00000000 00:00 0 
401c937000-401c939000 rwxp 00000000 00:00 0 
401c939000-401c93a000 r-xp 00000000 00:00 0 
401c93a000-401c93b000 rwxp 00000000 00:00 0 
401c93b000-401c93c000 r-xp 00000000 00:00 0 
401c93c000-401c93e000 rwxp 00000000 00:00 0 
401c93e000-401c940000 r-xp 00000000 00:00 0 
401c940000-401c944000 rwxp 00000000 00:00 0 
401c944000-401c945000 r-xp 00000000 00:00 0 
401c945000-401c947000 rwxp 00000000 00:00 0 
401c947000-401c949000 r-xp 00000000 00:00 0 
401c949000-401c94f000 rwxp 00000000 00:00 0 
401c94f000-401c951000 r-xp 00000000 00:00 0 
401c951000-401c953000 rwxp 00000000 00:00 0 
401c953000-401c954000 r-xp 00000000 00:00 0 
401c954000-401c955000 rwxp 00000000 00:00 0 
401c955000-401c956000 r-xp 00000000 00:00 0 
401c956000-401c958000 rwxp 00000000 00:00 0 
401c958000-401c959000 r-xp 00000000 00:00 0 
401c959000-401c95c000 rwxp 00000000 00:00 0 
401c95c000-401c95d000 r-xp 00000000 00:00 0 
401c95d000-401c95f000 rwxp 00000000 00:00 0 
401c95f000-401c961000 r-xp 00000000 00:00 0 
401c961000-401c966000 rwxp 00000000 00:00 0 
401c966000-401c967000 r-xp 00000000 00:00 0 
401c967000-401c96b000 rwxp 00000000 00:00 0 
401c96b000-401c96c000 r-xp 00000000 00:00 0 
401c96c000-401c974000 rwxp 00000000 00:00 0 
401c974000-401c975000 r-xp 00000000 00:00 0 
401c975000-401c976000 rwxp 00000000 00:00 0 
401c976000-401c977000 r-xp 00000000 00:00 0 
401c977000-401c981000 rwxp 00000000 00:00 0 
401c981000-401c982000 r-xp 00000000 00:00 0 
401c982000-401c985000 rwxp 00000000 00:00 0 
401c985000-401c987000 r-xp 00000000 00:00 0 
401c987000-401c98c000 rwxp 00000000 00:00 0 
401c98c000-401c98e000 r-xp 00000000 00:00 0 
401c98e000-401c991000 rwxp 00000000 00:00 0 
401c991000-401c993000 r-xp 00000000 00:00 0 
401c993000-401c9a4000 rwxp 00000000 00:00 0 
401c9a4000-401c9a5000 r-xp 00000000 00:00 0 
401c9a5000-401c9b4000 rwxp 00000000 00:00 0 
401c9b4000-401c9b5000 r-xp 00000000 00:00 0 
401c9b5000-401c9b8000 rwxp 00000000 00:00 0 
401c9b8000-401c9ba000 r-xp 00000000 00:00 0 
401c9ba000-401c9c8000 rwxp 00000000 00:00 0 
401c9c8000-401c9c9000 r-xp 00000000 00:00 0 
401c9c9000-401c9cd000 rwxp 00000000 00:00 0 
401c9cd000-401c9ce000 r-xp 00000000 00:00 0 
401c9ce000-401c9d2000 rwxp 00000000 00:00 0 
401c9d2000-401c9d4000 r-xp 00000000 00:00 0 
401c9d4000-401c9db000 rwxp 00000000 00:00 0 
401c9db000-401c9dd000 r-xp 00000000 00:00 0 
401c9dd000-401c9de000 rwxp 00000000 00:00 0 
401c9de000-401c9df000 r-xp 00000000 00:00 0 
401c9df000-401c9e6000 rwxp 00000000 00:00 0 
401c9e6000-401c9e7000 r-xp 00000000 00:00 0 
401c9e7000-401c9ec000 rwxp 00000000 00:00 0 
401c9ec000-401c9ed000 r-xp 00000000 00:00 0 
401c9ed000-401c9f3000 rwxp 00000000 00:00 0 
401c9f3000-401c9f4000 r-xp 00000000 00:00 0 
401c9f4000-401c9fe000 rwxp 00000000 00:00 0 
401c9fe000-401c9ff000 r-xp 00000000 00:00 0 
401c9ff000-401ca04000 rwxp 00000000 00:00 0 
401ca04000-401ca05000 r-xp 00000000 00:00 0 
401ca05000-401ca0d000 rwxp 00000000 00:00 0 
401ca0d000-401ca0e000 r-xp 00000000 00:00 0 
401ca0e000-401ca12000 rwxp 00000000 00:00 0 
401ca12000-401ca13000 r-xp 00000000 00:00 0 
401ca13000-401ca16000 rwxp 00000000 00:00 0 
401ca16000-401ca18000 r-xp 00000000 00:00 0 
401ca18000-401ca19000 rwxp 00000000 00:00 0 
401ca19000-401ca1a000 r-xp 00000000 00:00 0 
401ca1a000-401ca34000 rwxp 00000000 00:00 0 
401ca34000-401ca35000 r-xp 00000000 00:00 0 
401ca35000-401ca36000 rwxp 00000000 00:00 0 
401ca36000-401ca37000 r-xp 00000000 00:00 0 
401ca37000-401ca3c000 rwxp 00000000 00:00 0 
401ca3c000-401ca3d000 r-xp 00000000 00:00 0 
401ca3d000-401ca48000 rwxp 00000000 00:00 0 
401ca48000-401ca49000 r-xp 00000000 00:00 0 
401ca49000-401ca4c000 rwxp 00000000 00:00 0 
401ca4c000-401ca4d000 r-xp 00000000 00:00 0 
401ca4d000-401ca57000 rwxp 00000000 00:00 0 
401ca57000-401ca59000 r-xp 00000000 00:00 0 
401ca59000-401ca5a000 rwxp 00000000 00:00 0 
401ca5a000-401ca5b000 r-xp 00000000 00:00 0 
401ca5b000-401ca76000 rwxp 00000000 00:00 0 
401ca76000-401ca78000 r-xp 00000000 00:00 0 
401ca78000-401ca8f000 rwxp 00000000 00:00 0 
401ca8f000-401ca91000 r-xp 00000000 00:00 0 
401ca91000-401ca98000 rwxp 00000000 00:00 0 
401ca98000-401ca99000 r-xp 00000000 00:00 0 
401ca99000-401caad000 rwxp 00000000 00:00 0 
401caad000-401caaf000 r-xp 00000000 00:00 0 
401caaf000-401cab8000 rwxp 00000000 00:00 0 
401cab8000-401caba000 r-xp 00000000 00:00 0 
401caba000-401cabc000 rwxp 00000000 00:00 0 
401cabc000-401cabd000 r-xp 00000000 00:00 0 
401cabd000-401cabe000 rwxp 00000000 00:00 0 
401cabe000-401cac6000 r-xp 00000000 00:00 0 
401cac6000-401cac8000 rwxp 00000000 00:00 0 
401cac8000-401cacf000 r-xp 00000000 00:00 0 
401cacf000-401cad0000 rwxp 00000000 00:00 0 
401cad0000-401cad1000 r-xp 00000000 00:00 0 
401cad1000-401cad2000 rwxp 00000000 00:00 0 
401cad2000-401cad3000 r-xp 00000000 00:00 0 
401cad3000-401cad5000 rwxp 00000000 00:00 0 
401cad5000-401cad6000 r-xp 00000000 00:00 0 
401cad6000-401cad7000 rwxp 00000000 00:00 0 
401cad7000-4023cff000 ---p 00000000 00:00 0 
4023cff000-4023d05000 r-xp 00000000 00:00 0 
4023d05000-4023d06000 rwxp 00000000 00:00 0 
4023d06000-4023d07000 r-xp 00000000 00:00 0 
4023d07000-4023d08000 rwxp 00000000 00:00 0 
4023d08000-4023d09000 r-xp 00000000 00:00 0 
4023d09000-4023d0a000 rwxp 00000000 00:00 0 
4023d0a000-4023d10000 r-xp 00000000 00:00 0 
4023d10000-4023d13000 rwxp 00000000 00:00 0 
4023d13000-4023d15000 r-xp 00000000 00:00 0 
4023d15000-4023d16000 rwxp 00000000 00:00 0 
4023d16000-4023d1e000 r-xp 00000000 00:00 0 
4023d1e000-4023d1f000 rwxp 00000000 00:00 0 
4023d1f000-4023d20000 r-xp 00000000 00:00 0 
4023d20000-4023d22000 rwxp 00000000 00:00 0 
4023d22000-4023d25000 r-xp 00000000 00:00 0 
4023d25000-4023d27000 rwxp 00000000 00:00 0 
4023d27000-4023d2f000 r-xp 00000000 00:00 0 
4023d2f000-4023d30000 rwxp 00000000 00:00 0 
4023d30000-4023d31000 r-xp 00000000 00:00 0 
4023d31000-4023d32000 rwxp 00000000 00:00 0 
4023d32000-4023d35000 r-xp 00000000 00:00 0 
4023d35000-4023d36000 rwxp 00000000 00:00 0 
4023d36000-4023d42000 r-xp 00000000 00:00 0 
4023d42000-4023d44000 rwxp 00000000 00:00 0 
4023d44000-4023d45000 r-xp 00000000 00:00 0 
4023d45000-4023d46000 rwxp 00000000 00:00 0 
4023d46000-4023d47000 r-xp 00000000 00:00 0 
4023d47000-4023d48000 rwxp 00000000 00:00 0 
4023d48000-4023d4b000 r-xp 00000000 00:00 0 
4023d4b000-4023d4e000 rwxp 00000000 00:00 0 
4023d4e000-4023d4f000 r-xp 00000000 00:00 0 
4023d4f000-4023d51000 rwxp 00000000 00:00 0 
4023d51000-4023d53000 r-xp 00000000 00:00 0 
4023d53000-4023d54000 rwxp 00000000 00:00 0 
4023d54000-4023d58000 r-xp 00000000 00:00 0 
4023d58000-4023d5d000 rwxp 00000000 00:00 0 
4023d5d000-4023d5e000 r-xp 00000000 00:00 0 
4023d5e000-4023d62000 rwxp 00000000 00:00 0 
4023d62000-4023d63000 r-xp 00000000 00:00 0 
4023d63000-4023d64000 rwxp 00000000 00:00 0 
4023d64000-4023d65000 r-xp 00000000 00:00 0 
4023d65000-4023d6a000 rwxp 00000000 00:00 0 
4023d6a000-4023d6e000 r-xp 00000000 00:00 0 
4023d6e000-4023d6f000 rwxp 00000000 00:00 0 
4023d6f000-4023d70000 r-xp 00000000 00:00 0 
4023d70000-4023d71000 rwxp 00000000 00:00 0 
4023d71000-4023d72000 r-xp 00000000 00:00 0 
4023d72000-4023d74000 rwxp 00000000 00:00 0 
4023d74000-4023d79000 r-xp 00000000 00:00 0 
4023d79000-4023f6f000 rwxp 00000000 00:00 0 
4023f6f000-402b237000 ---p 00000000 00:00 0 
402b237000-402b23c000 rw-p 00000000 00:00 0 
402b23c000-402b243000 ---p 00000000 00:00 0 
402b243000-402b24a000 rw-p 00000000 00:00 0 
402b24a000-402b32e000 ---p 00000000 00:00 0 
402b32e000-402b333000 rw-p 00000000 00:00 0 
402b333000-402b419000 ---p 00000000 00:00 0 
402b419000-402b43b000 rw-p 00000000 00:00 0 
402b43b000-402b56e000 ---p 00000000 00:00 0 
402b56e000-402b57f000 rw-p 00000000 00:00 0 
402b57f000-402b619000 ---p 00000000 00:00 0 
402b619000-402b63c000 rw-p 00000000 00:00 0 
402b63c000-402b770000 ---p 00000000 00:00 0 
402b770000-402b771000 ---p 00000000 00:00 0 
402b771000-402b872000 rw-p 00000000 00:00 0 
402c000000-402c021000 rw-p 00000000 00:00 0 
402c021000-4030000000 ---p 00000000 00:00 0 
4033872000-4035a86000 rw-p 00000000 00:00 0 
42b5a86000-42b6146000 rw-p 00000000 00:00 0 
42b6146000-42b6286000 ---p 00000000 00:00 0 
42b6286000-42b7271000 rw-p 00000000 00:00 0 
42b7271000-42b7272000 ---p 00000000 00:00 0 
42b7272000-42b7373000 rw-p 00000000 00:00 0 
42b8000000-42b8021000 rw-p 00000000 00:00 0 
42b8021000-42bc000000 ---p 00000000 00:00 0 
42bf373000-42bf377000 ---p 00000000 00:00 0 
42bf377000-42bf474000 rw-p 00000000 00:00 0 
42c0000000-42c0021000 rw-p 00000000 00:00 0 
42c0021000-42c4000000 ---p 00000000 00:00 0 
42c7474000-42c7478000 ---p 00000000 00:00 0 
42c7478000-42c7575000 rw-p 00000000 00:00 0 
42c8000000-42c8021000 rw-p 00000000 00:00 0 
42c8021000-42cc000000 ---p 00000000 00:00 0 
42cf575000-42cf579000 ---p 00000000 00:00 0 
42cf579000-42cf676000 rw-p 00000000 00:00 0 
42d0000000-42d0021000 rw-p 00000000 00:00 0 
42d0021000-42d4000000 ---p 00000000 00:00 0 
42d7676000-42d767a000 ---p 00000000 00:00 0 
42d767a000-42d7777000 rw-p 00000000 00:00 0 
42d8000000-42d8e0e000 rw-p 00000000 00:00 0 
42d8e0e000-42dc000000 ---p 00000000 00:00 0 
42df777000-42df77b000 ---p 00000000 00:00 0 
42df77b000-42df878000 rw-p 00000000 00:00 0 
42e0000000-42e044c000 rw-p 00000000 00:00 0 
42e044c000-42e4000000 ---p 00000000 00:00 0 
42e7878000-42e787c000 ---p 00000000 00:00 0 
42e787c000-42e7979000 rw-p 00000000 00:00 0 
42e8000000-42e8021000 rw-p 00000000 00:00 0 
42e8021000-42ec000000 ---p 00000000 00:00 0 
42ef979000-42ef97d000 ---p 00000000 00:00 0 
42ef97d000-42efa7a000 rw-p 00000000 00:00 0 
42f0000000-42f0021000 rw-p 00000000 00:00 0 
42f0021000-42f4000000 ---p 00000000 00:00 0 
42f7a7a000-42f7a7e000 ---p 00000000 00:00 0 
42f7a7e000-42f7b7b000 rw-p 00000000 00:00 0 
42f8000000-42f8021000 rw-p 00000000 00:00 0 
42f8021000-42fc000000 ---p 00000000 00:00 0 
42ffb7b000-42ffb7c000 ---p 00000000 00:00 0 
42ffb7c000-42ffc7d000 rw-p 00000000 00:00 0 
4300000000-4300021000 rw-p 00000000 00:00 0 
4300021000-4304000000 ---p 00000000 00:00 0 
4307c7d000-4307c84000 r--p 00000000 fe:01 142358                         /usr/lib/jvm/java-11-openjdk-amd64/lib/libnio.so
4307c84000-4307c8b000 r-xp 00007000 fe:01 142358                         /usr/lib/jvm/java-11-openjdk-amd64/lib/libnio.so
4307c8b000-4307c8e000 r--p 0000e000 fe:01 142358                         /usr/lib/jvm/java-11-openjdk-amd64/lib/libnio.so
4307c8e000-4307c8f000 r--p 00010000 fe:01 142358                         /usr/lib/jvm/java-11-openjdk-amd64/lib/libnio.so
4307c8f000-4307c90000 rw-p 00011000 fe:01 142358                         /usr/lib/jvm/java-11-openjdk-amd64/lib/libnio.so
4307c90000-4307c94000 r--p 00000000 fe:01 142357                         /usr/lib/jvm/java-11-openjdk-amd64/lib/libnet.so
4307c94000-4307ca3000 r-xp 00004000 fe:01 142357                         /usr/lib/jvm/java-11-openjdk-amd64/lib/libnet.so
4307ca3000-4307ca7000 r--p 00013000 fe:01 142357                         /usr/lib/jvm/java-11-openjdk-amd64/lib/libnet.so
4307ca7000-4307ca8000 r--p 00016000 fe:01 142357                         /usr/lib/jvm/java-11-openjdk-amd64/lib/libnet.so
4307ca8000-4307ca9000 rw-p 00017000 fe:01 142357                         /usr/lib/jvm/java-11-openjdk-amd64/lib/libnet.so
4307ca9000-4307cad000 ---p 00000000 00:00 0 
4307cad000-4307ccb000 rw-p 00000000 00:00 0 
4308000000-4308021000 rw-p 00000000 00:00 0 
4308021000-430c000000 ---p 00000000 00:00 0 
4310593000-4310597000 ---p 00000000 00:00 0 
4310597000-4310694000 rw-p 00000000 00:00 0 
4314000000-4314021000 rw-p 00000000 00:00 0 
4314021000-4318000000 ---p 00000000 00:00 0 
4318694000-4318698000 ---p 00000000 00:00 0 
4318698000-4318795000 rw-p 00000000 00:00 0 
431c000000-431c021000 rw-p 00000000 00:00 0 
431c021000-4320000000 ---p 00000000 00:00 0 
4320795000-4320799000 ---p 00000000 00:00 0 
4320799000-4320896000 rw-p 00000000 00:00 0 
4324000000-4324021000 rw-p 00000000 00:00 0 
4324021000-4328000000 ---p 00000000 00:00 0 
4328896000-432889a000 ---p 00000000 00:00 0 
432889a000-4328997000 rw-p 00000000 00:00 0 
432c000000-432c021000 rw-p 00000000 00:00 0 
432c021000-4330000000 ---p 00000000 00:00 0 
4330997000-433099b000 ---p 00000000 00:00 0 
433099b000-4330a98000 rw-p 00000000 00:00 0 
4334000000-4334021000 rw-p 00000000 00:00 0 
4334021000-4338000000 ---p 00000000 00:00 0 
4338a98000-4338a99000 ---p 00000000 00:00 0 
4338a99000-4338b9a000 rw-p 00000000 00:00 0 
433c000000-433c021000 rw-p 00000000 00:00 0 
433c021000-4340000000 ---p 00000000 00:00 0 
4340b9a000-4340b9b000 ---p 00000000 00:00 0 
4340b9b000-4340c9c000 rw-p 00000000 00:00 0 
4344000000-4344021000 rw-p 00000000 00:00 0 
4344021000-4348000000 ---p 00000000 00:00 0 
4348c9c000-4348c9d000 ---p 00000000 00:00 0 
4348c9d000-4348d9e000 rw-p 00000000 00:00 0 
434c000000-434c021000 rw-p 00000000 00:00 0 
434c021000-4350000000 ---p 00000000 00:00 0 
4350d9e000-4350da2000 ---p 00000000 00:00 0 
4350da2000-4350e9f000 rw-p 00000000 00:00 0 
4354000000-4354021000 rw-p 00000000 00:00 0 
4354021000-4358000000 ---p 00000000 00:00 0 
4358e9f000-4358ea3000 ---p 00000000 00:00 0 
4358ea3000-4358fa0000 rw-p 00000000 00:00 0 
435c000000-435c021000 rw-p 00000000 00:00 0 
435c021000-4360000000 ---p 00000000 00:00 0 
4360fa0000-4360fa4000 ---p 00000000 00:00 0 
4360fa4000-43610a1000 rw-p 00000000 00:00 0 
4364000000-4364021000 rw-p 00000000 00:00 0 
4364021000-4368000000 ---p 00000000 00:00 0 
43690a1000-43690b1000 r-xp 00000000 fe:01 401567                         /root/.vscode-server/data/User/globalStorage/redhat.java/0.77.0/config_linux/org.eclipse.equinox.launcher/org.eclipse.equinox.launcher.gtk.linux.x86_64_1.2.100.v20210209-1541/eclipse_11301.so
43690b1000-43692b0000 ---p 00010000 fe:01 401567                         /root/.vscode-server/data/User/globalStorage/redhat.java/0.77.0/config_linux/org.eclipse.equinox.launcher/org.eclipse.equinox.launcher.gtk.linux.x86_64_1.2.100.v20210209-1541/eclipse_11301.so
43692b0000-43692b1000 r--p 0000f000 fe:01 401567                         /root/.vscode-server/data/User/globalStorage/redhat.java/0.77.0/config_linux/org.eclipse.equinox.launcher/org.eclipse.equinox.launcher.gtk.linux.x86_64_1.2.100.v20210209-1541/eclipse_11301.so
43692b1000-43692b2000 rw-p 00010000 fe:01 401567                         /root/.vscode-server/data/User/globalStorage/redhat.java/0.77.0/config_linux/org.eclipse.equinox.launcher/org.eclipse.equinox.launcher.gtk.linux.x86_64_1.2.100.v20210209-1541/eclipse_11301.so
ffff48000000-ffff48083000 rw-p 00000000 00:00 0 
ffff48083000-ffff4c000000 ---p 00000000 00:00 0 
ffff4c000000-ffff4c1bd000 rw-p 00000000 00:00 0 
ffff4c1bd000-ffff50000000 ---p 00000000 00:00 0 
ffff50000000-ffff5008b000 rw-p 00000000 00:00 0 
ffff5008b000-ffff54000000 ---p 00000000 00:00 0 
ffff54000000-ffff54081000 rw-p 00000000 00:00 0 
ffff54081000-ffff58000000 ---p 00000000 00:00 0 
ffff58000000-ffff58092000 rw-p 00000000 00:00 0 
ffff58092000-ffff5c000000 ---p 00000000 00:00 0 
ffff5c000000-ffff5c089000 rw-p 00000000 00:00 0 
ffff5c089000-ffff60000000 ---p 00000000 00:00 0 
ffff60000000-ffff600a4000 rw-p 00000000 00:00 0 
ffff600a4000-ffff64000000 ---p 00000000 00:00 0 
ffff64000000-ffff64088000 rw-p 00000000 00:00 0 
ffff64088000-ffff68000000 ---p 00000000 00:00 0 
ffff68000000-ffff680c9000 rw-p 00000000 00:00 0 
ffff680c9000-ffff6c000000 ---p 00000000 00:00 0 
ffff6c000000-ffff6c099000 rw-p 00000000 00:00 0 
ffff6c099000-ffff70000000 ---p 00000000 00:00 0 
ffff70000000-ffff70085000 rw-p 00000000 00:00 0 
ffff70085000-ffff74000000 ---p 00000000 00:00 0 
ffff74000000-ffff740ce000 rw-p 00000000 00:00 0 
ffff740ce000-ffff78000000 ---p 00000000 00:00 0 
ffff78000000-ffff78083000 rw-p 00000000 00:00 0 
ffff78083000-ffff7c000000 ---p 00000000 00:00 0 
ffff7c000000-ffff7c087000 rw-p 00000000 00:00 0 
ffff7c087000-ffff80000000 ---p 00000000 00:00 0 
ffff80000000-ffff80090000 rw-p 00000000 00:00 0 
ffff80090000-ffff84000000 ---p 00000000 00:00 0 
ffff84000000-ffff84085000 rw-p 00000000 00:00 0 
ffff84085000-ffff88000000 ---p 00000000 00:00 0 
ffff88000000-ffff88464000 rw-p 00000000 00:00 0 
ffff88464000-ffff8c000000 ---p 00000000 00:00 0 
ffff8c000000-ffff8c220000 rw-p 00000000 00:00 0 
ffff8c220000-ffff90000000 ---p 00000000 00:00 0 
ffff90000000-ffff9008a000 rw-p 00000000 00:00 0 
ffff9008a000-ffff94000000 ---p 00000000 00:00 0 
ffff94000000-ffff94083000 rw-p 00000000 00:00 0 
ffff94083000-ffff98000000 ---p 00000000 00:00 0 
ffff98000000-ffff9811e000 rw-p 00000000 00:00 0 
ffff9811e000-ffff9c000000 ---p 00000000 00:00 0 
ffff9c000000-ffff9c085000 rw-p 00000000 00:00 0 
ffff9c085000-ffffa0000000 ---p 00000000 00:00 0 
ffffa0000000-ffffa3d44000 rw-p 00000000 00:00 0 
ffffa3d44000-ffffa4000000 ---p 00000000 00:00 0 
ffffa4000000-ffffa4090000 rw-p 00000000 00:00 0 
ffffa4090000-ffffa8000000 ---p 00000000 00:00 0 
ffffa8000000-ffffaffff000 rwxp 00000000 00:00 0 
ffffaffff000-ffffb0000000 ---p 00000000 00:00 0 
ffffb0000000-ffffb0021000 rw-p 00000000 00:00 0 
ffffb0021000-ffffb4000000 ---p 00000000 00:00 0 
ffffb475f000-ffffb4760000 ---p 00000000 00:00 0 
ffffb4760000-ffffb47a0000 rw-p 00000000 00:00 0 
ffffb47a0000-ffffb47a1000 ---p 00000000 00:00 0 
ffffb47a1000-ffffb47e1000 rw-p 00000000 00:00 0 
ffffb47e1000-ffffb47e2000 ---p 00000000 00:00 0 
ffffb47e2000-ffffb4822000 rw-p 00000000 00:00 0 
ffffb4822000-ffffb4823000 ---p 00000000 00:00 0 
ffffb4823000-ffffb4863000 rw-p 00000000 00:00 0 
ffffb4863000-ffffb4864000 ---p 00000000 00:00 0 
ffffb4864000-ffffb4ca5000 rw-p 00000000 00:00 0 
ffffb4cdf000-ffffb4ce0000 ---p 00000000 00:00 0 
ffffb4ce0000-ffffb4d20000 rw-p 00000000 00:00 0 
ffffb4d20000-ffffb4d21000 ---p 00000000 00:00 0 
ffffb4d21000-ffffb4d61000 rw-p 00000000 00:00 0 
ffffb4d61000-ffffb4d62000 ---p 00000000 00:00 0 
ffffb4d62000-ffffb4da2000 rw-p 00000000 00:00 0 
ffffb4da2000-ffffb4da3000 ---p 00000000 00:00 0 
ffffb4da3000-ffffb4de3000 rw-p 00000000 00:00 0 
ffffb4de3000-ffffb4de4000 ---p 00000000 00:00 0 
ffffb4de4000-ffffb4e24000 rw-p 00000000 00:00 0 
ffffb4e24000-ffffb4e25000 ---p 00000000 00:00 0 
ffffb4e25000-ffffb4e65000 rw-p 00000000 00:00 0 
ffffb4e65000-ffffb4e66000 ---p 00000000 00:00 0 
ffffb4e66000-ffffb4ea6000 rw-p 00000000 00:00 0 
ffffb4ea6000-ffffb4ea7000 ---p 00000000 00:00 0 
ffffb4ea7000-ffffb4ee7000 rw-p 00000000 00:00 0 
ffffb4ee7000-ffffb4ee8000 ---p 00000000 00:00 0 
ffffb4ee8000-ffffb4f28000 rw-p 00000000 00:00 0 
ffffb4f28000-ffffb4f29000 ---p 00000000 00:00 0 
ffffb4f29000-ffffb4f69000 rw-p 00000000 00:00 0 
ffffb4f69000-ffffb4f6a000 ---p 00000000 00:00 0 
ffffb4f6a000-ffffb4faa000 rw-p 00000000 00:00 0 
ffffb4faa000-ffffb4fab000 ---p 00000000 00:00 0 
ffffb4fab000-ffffb4feb000 rw-p 00000000 00:00 0 
ffffb4feb000-ffffb4fec000 ---p 00000000 00:00 0 
ffffb4fec000-ffffb502c000 rw-p 00000000 00:00 0 
ffffb506a000-ffffb506b000 ---p 00000000 00:00 0 
ffffb506b000-ffffb50ab000 rw-p 00000000 00:00 0 
ffffb50ab000-ffffb50ac000 ---p 00000000 00:00 0 
ffffb50ac000-ffffb50ec000 rw-p 00000000 00:00 0 
ffffb50ec000-ffffb50ed000 ---p 00000000 00:00 0 
ffffb50ed000-ffffb512d000 rw-p 00000000 00:00 0 
ffffb512d000-ffffb512e000 ---p 00000000 00:00 0 
ffffb512e000-ffffb516e000 rw-p 00000000 00:00 0 
ffffb516e000-ffffb516f000 ---p 00000000 00:00 0 
ffffb516f000-ffffb51af000 rw-p 00000000 00:00 0 
ffffb51ef000-ffffb51f0000 ---p 00000000 00:00 0 
ffffb51f0000-ffffb5230000 rw-p 00000000 00:00 0 
ffffb5230000-ffffb5231000 ---p 00000000 00:00 0 
ffffb5231000-ffffb5a31000 rw-p 00000000 00:00 0 
ffffb5a31000-ffffb5a33000 r--p 00000000 00:00 0                          [vvar]
ffffb5a33000-ffffb5a34000 r-xp 00000000 00:00 0                          [vdso]
ffffc479a000-ffffc47bb000 rw-p 00000000 00:00 0                          [stack]


VM Arguments:
jvm_args: --add-modules=ALL-SYSTEM --add-opens=java.base/java.util=ALL-UNNAMED --add-opens=java.base/java.lang=ALL-UNNAMED -Declipse.application=org.eclipse.jdt.ls.core.id1 -Dosgi.bundles.defaultStartLevel=4 -Declipse.product=org.eclipse.jdt.ls.core.product -Dfile.encoding=utf8 -XX:+UseParallelGC -XX:GCTimeRatio=4 -XX:AdaptiveSizePolicyWeight=90 -Dsun.zip.disableMemoryMapping=true -Xmx1G -Xms100m -Xverify:none 
java_command: /root/.vscode-server/extensions/redhat.java-0.77.0/server/plugins/org.eclipse.equinox.launcher_1.6.100.v20201223-0822.jar -configuration /root/.vscode-server/data/User/globalStorage/redhat.java/0.77.0/config_linux -data /root/.vscode-server/data/User/workspaceStorage/b82b718d9db5ae3dc8de0e327efbc445/redhat.java/jdt_ws
java_class_path (initial): /root/.vscode-server/extensions/redhat.java-0.77.0/server/plugins/org.eclipse.equinox.launcher_1.6.100.v20201223-0822.jar
Launcher Type: SUN_STANDARD

[Global flags]
    uintx AdaptiveSizePolicyWeight                 = 90                                        {product} {command line}
     bool BytecodeVerificationLocal                = false                                     {product} {command line}
     bool BytecodeVerificationRemote               = false                                     {product} {command line}
     intx CICompilerCount                          = 3                                         {product} {ergonomic}
    uintx GCTimeRatio                              = 4                                         {product} {command line}
   size_t InitialHeapSize                          = 104857600                                 {product} {command line}
   size_t MaxHeapSize                              = 1073741824                                {product} {command line}
   size_t MaxNewSize                               = 357564416                                 {product} {ergonomic}
   size_t MinHeapDeltaBytes                        = 524288                                    {product} {ergonomic}
   size_t NewSize                                  = 34603008                                  {product} {ergonomic}
    uintx NonNMethodCodeHeapSize                   = 5830732                                {pd product} {ergonomic}
    uintx NonProfiledCodeHeapSize                  = 122913754                              {pd product} {ergonomic}
   size_t OldSize                                  = 70254592                                  {product} {ergonomic}
    uintx ProfiledCodeHeapSize                     = 122913754                              {pd product} {ergonomic}
    uintx ReservedCodeCacheSize                    = 251658240                              {pd product} {ergonomic}
     bool SegmentedCodeCache                       = true                                      {product} {ergonomic}
     bool UseCompressedClassPointers               = true                                 {lp64_product} {ergonomic}
     bool UseCompressedOops                        = true                                 {lp64_product} {ergonomic}
     bool UseParallelGC                            = true                                      {product} {command line}

Logging:
Log output configuration:
 #0: stdout all=warning uptime,level,tags
 #1: stderr all=off uptime,level,tags

Environment Variables:
PATH=/root/.vscode-server/bin/3c4e3df9e89829dce27b7b5c24508306b151f30d/bin:/usr/local/sbin:/usr/local/bin:/usr/sbin:/usr/bin:/sbin:/bin
SHELL=/bin/bash

Signal Handlers:
SIGSEGV: [libjvm.so+0xe170c0], sa_mask[0]=11111111111111111111111111111110, sa_flags=SA_RESTART|SA_SIGINFO
SIGBUS: [libjvm.so+0xe170c0], sa_mask[0]=11111111111111111111111111111110, sa_flags=SA_RESTART|SA_SIGINFO
SIGFPE: [libjvm.so+0xe170c0], sa_mask[0]=11111111111111111111111111111110, sa_flags=SA_RESTART|SA_SIGINFO
SIGPIPE: [libjvm.so+0xb6c750], sa_mask[0]=11111111111111111111111111111110, sa_flags=SA_RESTART|SA_SIGINFO
SIGXFSZ: [libjvm.so+0xb6c750], sa_mask[0]=11111111111111111111111111111110, sa_flags=SA_RESTART|SA_SIGINFO
SIGILL: [libjvm.so+0xe170c0], sa_mask[0]=11111111111111111111111111111110, sa_flags=SA_RESTART|SA_SIGINFO
SIGUSR2: [libjvm.so+0xb6c5e0], sa_mask[0]=00000000000000000000000000000000, sa_flags=SA_RESTART|SA_SIGINFO
SIGHUP: [libjvm.so+0xb6ca90], sa_mask[0]=11111111111111111111111111111110, sa_flags=SA_RESTART|SA_SIGINFO
SIGINT: [libjvm.so+0xb6ca90], sa_mask[0]=11111111111111111111111111111110, sa_flags=SA_RESTART|SA_SIGINFO
SIGTERM: [libjvm.so+0xb6ca90], sa_mask[0]=11111111111111111111111111111110, sa_flags=SA_RESTART|SA_SIGINFO
SIGQUIT: [libjvm.so+0xb6ca90], sa_mask[0]=11111111111111111111111111111110, sa_flags=SA_RESTART|SA_SIGINFO


---------------  S Y S T E M  ---------------

OS:PRETTY_NAME="Debian GNU/Linux 10 (buster)"
NAME="Debian GNU/Linux"
VERSION_ID="10"
VERSION="10 (buster)"
VERSION_CODENAME=buster
ID=debian
HOME_URL="https://www.debian.org/"
SUPPORT_URL="https://www.debian.org/support"
BUG_REPORT_URL="https://bugs.debian.org/"
uname:Linux 5.10.25-linuxkit #1 SMP PREEMPT Tue Mar 23 09:24:45 UTC 2021 x86_64
OS uptime: 0 days 4:58 hours
libc:glibc 2.28 NPTL 2.28 
rlimit (soft/hard): STACK 8192k/infinity , CORE 0k/infinity , NPROC infinity/infinity , NOFILE 1048576/1048576 , AS infinity/infinity , CPU infinity/infinity , DATA infinity/infinity , FSIZE infinity/infinity , MEMLOCK 64k/64k
load average:1.78 0.70 0.35

/proc/meminfo:
MemTotal:        2036732 kB
MemFree:           38424 kB
MemAvailable:     136496 kB
Buffers:            7164 kB
Cached:           196740 kB
SwapCached:        13264 kB
Active:           502408 kB
Inactive:        1359328 kB
Active(anon):     429128 kB
Inactive(anon):  1287460 kB
Active(file):      73280 kB
Inactive(file):    71868 kB
Unevictable:           0 kB
Mlocked:               0 kB
SwapTotal:       1048572 kB
SwapFree:              0 kB
Dirty:               120 kB
Writeback:             0 kB
AnonPages:       1635092 kB
Mapped:           109312 kB
Shmem:             59496 kB
KReclaimable:      29752 kB
Slab:              75564 kB
SReclaimable:      29752 kB
SUnreclaim:        45812 kB
KernelStack:       11808 kB
PageTables:        20168 kB
NFS_Unstable:          0 kB
Bounce:                0 kB
WritebackTmp:          0 kB
CommitLimit:     2066936 kB
Committed_AS:    9580944 kB
VmallocTotal:   135290159040 kB
VmallocUsed:       12964 kB
VmallocChunk:          0 kB
Percpu:             1920 kB
AnonHugePages:    503808 kB
ShmemHugePages:        0 kB
ShmemPmdMapped:        0 kB
FileHugePages:         0 kB
FilePmdMapped:         0 kB
HugePages_Total:       0
HugePages_Free:        0
HugePages_Rsvd:        0
HugePages_Surp:        0
Hugepagesize:       2048 kB
Hugetlb:               0 kB

/sys/kernel/mm/transparent_hugepage/enabled:
always [madvise] never
/sys/kernel/mm/transparent_hugepage/defrag (defrag/compaction efforts parameter):
always defer defer+madvise [madvise] never

/proc/sys/kernel/threads-max (system-wide limit on the number of threads):
14888
/proc/sys/vm/max_map_count (maximum number of memory map areas a process may have):
262144
/proc/sys/kernel/pid_max (system-wide limit on number of process identifiers):
99999

container (cgroup) information:
container_type: cgroupv1
cpu_cpuset_cpus: 0-3
cpu_memory_nodes: 0
active_processor_count: 4
cpu_quota: -1
cpu_period: 100000
cpu_shares: -1
memory_limit_in_bytes: -1
memory_and_swap_limit_in_bytes: -1
memory_soft_limit_in_bytes: -1
memory_usage_in_bytes: 1310015488
memory_max_usage_in_bytes: 1311408128

Steal ticks since vm start: 0
Steal ticks percentage since vm start:  0.000

CPU:total 4 (initial active 4) (1 cores per cpu, 1 threads per core) family 6 model 6 stepping 3, cmov, cx8, fxsr, mmx, sse, sse2, sse3, tsc

/proc/cpuinfo:
processor	: 0
BogoMIPS	: 48.00
Features	: fp asimd evtstrm aes pmull sha1 sha2 crc32 fphp asimdhp cpuid dit
CPU implementer	: 0x41
CPU architecture: 8
CPU variant	: 0x1
CPU part	: 0xd07
CPU revision	: 0

processor	: 1
BogoMIPS	: 48.00
Features	: fp asimd evtstrm aes pmull sha1 sha2 crc32 fphp asimdhp cpuid dit
CPU implementer	: 0x41
CPU architecture: 8
CPU variant	: 0x1
CPU part	: 0xd07
CPU revision	: 0

processor	: 2
BogoMIPS	: 48.00
Features	: fp asimd evtstrm aes pmull sha1 sha2 crc32 fphp asimdhp cpuid dit
CPU implementer	: 0x41
CPU architecture: 8
CPU variant	: 0x1
CPU part	: 0xd07
CPU revision	: 0

processor	: 3
BogoMIPS	: 48.00
Features	: fp asimd evtstrm aes pmull sha1 sha2 crc32 fphp asimdhp cpuid dit
CPU implementer	: 0x41
CPU architecture: 8
CPU variant	: 0x1
CPU part	: 0xd07
CPU revision	: 0

Online cpus:
0-3
Offline cpus:

BIOS frequency limitation:
<Not Available>
Frequency switch latency (ns):
<Not Available>
Available cpu frequencies:
<Not Available>
Current governor:
<Not Available>
Core performance/turbo boost:
<Not Available>

Memory: 4k page, physical 2036732k(36016k free), swap 1048572k(656k free)

vm_info: OpenJDK 64-Bit Server VM (11.0.9.1+1-post-Debian-1deb10u2) for linux-amd64 JRE (11.0.9.1+1-post-Debian-1deb10u2), built on Nov 28 2020 17:42:37 by "unknown" with gcc 8.3.0

END.
