#
# A fatal error has been detected by the Java Runtime Environment:
#
#  SIGILL (0x4) at pc=0x000000401c90557d, pid=458, tid=539
#
# JRE version: OpenJDK Runtime Environment (11.0.9.1+1) (build 11.0.9.1+1-post-Debian-1deb10u2)
# Java VM: OpenJDK 64-Bit Server VM (11.0.9.1+1-post-Debian-1deb10u2, mixed mode, sharing, tiered, compressed oops, parallel gc, linux-amd64)
# Problematic frame:
# J 813 c1 java.util.ArrayDeque.elementAt([Ljava/lang/Object;I)Ljava/lang/Object; java.base@11.0.9.1 (4 bytes) @ 0x000000401c90557d [0x000000401c9055c0+0xffffffffffffffbd]
#
# No core dump will be written. Core dumps have been disabled. To enable core dumping, try "ulimit -c unlimited" before starting Java again
#
# If you would like to submit a bug report, please visit:
#   https://bugs.debian.org/openjdk-11
#

---------------  S U M M A R Y ------------

Command Line: --add-modules=ALL-SYSTEM --add-opens=java.base/java.util=ALL-UNNAMED --add-opens=java.base/java.lang=ALL-UNNAMED -Declipse.application=org.eclipse.jdt.ls.core.id1 -Dosgi.bundles.defaultStartLevel=4 -Declipse.product=org.eclipse.jdt.ls.core.product -Dfile.encoding=utf8 -XX:+UseParallelGC -XX:GCTimeRatio=4 -XX:AdaptiveSizePolicyWeight=90 -Dsun.zip.disableMemoryMapping=true -Xmx1G -Xms100m -Xverify:none /root/.vscode-server/extensions/redhat.java-0.79.1/server/plugins/org.eclipse.equinox.launcher_1.6.100.v20201223-0822.jar -configuration /root/.vscode-server/data/User/globalStorage/redhat.java/0.79.1/config_ss_linux -data /root/.vscode-server/data/User/workspaceStorage/2a5849cc1b0c55b0d055dcd7c96ef937/redhat.java/ss_ws

Host: x86_64, 4 cores, 1G, Debian GNU/Linux 10 (buster)
Time: Mon May 10 01:11:18 2021 UTC elapsed time: 13.527369 seconds (0d 0h 0m 13s)

---------------  T H R E A D  ---------------

Current thread (0x0000004384001800):  JavaThread "Worker-1: Initialize Workspace" [_thread_in_Java, id=539, stack(0x0000004389c8a000,0x0000004389d8b000)]

Stack: [0x0000004389c8a000,0x0000004389d8b000],  sp=0x0000004389d888a8,  free space=1018k
Native frames: (J=compiled Java code, A=aot compiled Java code, j=interpreted, Vv=VM code, C=native code)
J 813 c1 java.util.ArrayDeque.elementAt([Ljava/lang/Object;I)Ljava/lang/Object; java.base@11.0.9.1 (4 bytes) @ 0x000000401c90557d [0x000000401c9055c0+0xffffffffffffffbd]

[error occurred during error reporting (printing native stack), id 0xb, SIGSEGV (0xb) at pc=0x000000400238d3ee]


siginfo: si_signo: 4 (SIGILL), si_code: 2 (ILL_ILLOPN), si_addr: 0x000000401c90557d

Register to memory mapping:

RAX={method} {0x00000008002ab628} 'elementAt' '([Ljava/lang/Object;I)Ljava/lang/Object;' in 'java/util/ArrayDeque'
RBX={method} {0x00000008002ab628} 'elementAt' '([Ljava/lang/Object;I)Ljava/lang/Object;' in 'java/util/ArrayDeque'
RCX=0x00000008002a9a30 is pointing into metadata
RDX=0x000000000000000e is an unknown value
RSP=0x0000004389d888a8 is pointing into the stack for thread: 0x0000004384001800
RBP=0x0000004389d88910 is pointing into the stack for thread: 0x0000004384001800
RSI=0x00000000eb3cffe0 points into unknown readable memory: 01 00 00 00 00 00 00 00
RDI=0x0000000000001d00 is an unknown value
R8 =0x0000000040000000 is an unknown value
R9 =0x0000000000000031 is an unknown value
R10=0x0000004002ea68a0: <offset 0x00000000012218a0> in /usr/lib/jvm/java-11-openjdk-amd64/lib/server/libjvm.so at 0x0000004001c85000
R11=0x000000401c9055c0 is at entry_point+0 in (nmethod*)0x000000401c905410
R12=0x0 is NULL
R13=0x0000004389d888b8 is pointing into the stack for thread: 0x0000004384001800
R14=0x0000004389d88920 is pointing into the stack for thread: 0x0000004384001800
R15=0x0000004384001800 is a thread


Registers:
RAX=0x00000008002ab628, RBX=0x00000008002ab628, RCX=0x00000008002a9a30, RDX=0x000000000000000e
RSP=0x0000004389d888a8, RBP=0x0000004389d88910, RSI=0x00000000eb3cffe0, RDI=0x0000000000001d00
R8 =0x0000000040000000, R9 =0x0000000000000031, R10=0x0000004002ea68a0, R11=0x000000401c9055c0
R12=0x0000000000000000, R13=0x0000004389d888b8, R14=0x0000004389d88920, R15=0x0000004384001800
RIP=0x000000401c90557d, EFLAGS=0x0000000000000202, CSGSFS=0x002b000000000033, ERR=0x0000000000000000
  TRAPNO=0xffffffffffffffff

Top of Stack: (sp=0x0000004389d888a8)
0x0000004389d888a8:   000000401c240940 000000401c240940
0x0000004389d888b8:   000000000000000e 00000000eb3cffe0
0x0000004389d888c8:   0000004389d888c8 00000008008a7170
0x0000004389d888d8:   0000004389d88920 00000008002a9a30 

Instructions: (pc=0x000000401c90557d)
0x000000401c90547d:   00 00 00 28 b6 2a 00 08 00 00 00 b8 56 90 1c 40
0x000000401c90548d:   00 00 00 99 56 90 1c 40 00 00 00 00 00 00 00 00
0x000000401c90549d:   00 00 00 d0 56 90 1c 40 00 00 00 d0 56 90 1c 40
0x000000401c9054ad:   00 00 00 d0 56 90 1c 40 00 00 00 d0 56 90 1c 40
0x000000401c9054bd:   00 00 00 00 00 00 00 00 00 00 00 00 00 00 00 00
0x000000401c9054cd:   00 00 00 00 00 00 00 00 00 00 00 ff ff ff ff 00
0x000000401c9054dd:   00 00 00 00 00 00 00 00 00 00 00 00 00 00 00 00
0x000000401c9054ed:   00 00 00 00 00 00 00 00 00 00 00 00 00 00 00 00
0x000000401c9054fd:   00 00 00 00 00 00 00 00 00 00 00 00 00 00 00 00
0x000000401c90550d:   00 00 00 c0 55 90 1c 40 00 00 00 c0 55 90 1c 40
0x000000401c90551d:   00 00 00 c0 55 90 1c 40 00 00 00 70 02 00 00 3c
0x000000401c90552d:   02 00 00 b0 01 00 00 70 02 00 00 a0 02 00 00 a0
0x000000401c90553d:   02 00 00 00 00 00 00 c0 02 00 00 20 03 00 00 28
0x000000401c90554d:   03 00 00 28 03 00 00 40 03 00 00 20 00 00 00 2d
0x000000401c90555d:   03 00 00 03 00 00 00 00 00 02 00 02 00 00 00 00
0x000000401c90556d:   00 00 00 0b 00 00 00 00 00 00 00 d6 01 00 00 ff
0x000000401c90557d:   ff ff ff ff ff ff ff 00 00 00 00 0c c0 44 b0 04
0x000000401c90558d:   c0 17 64 07 64 05 64 0e 64 35 64 06 00 00 64 03
0x000000401c90559d:   f8 b2 02 fa ac 40 00 05 70 0e 64 01 f8 9e ff 06
0x000000401c9055ad:   90 0c 64 00 00 00 00 00 00 00 00 00 00 00 00 00
0x000000401c9055bd:   00 00 00 e9 bb 97 93 ff fe ff 55 48 83 ec 30 48
0x000000401c9055cd:   b8 68 76 de b5 42 00 00 00 8b b8 04 01 00 00 83
0x000000401c9055dd:   c7 08 89 b8 04 01 00 00 81 e7 f8 1f 00 00 83 ff
0x000000401c9055ed:   00 0f 84 20 00 00 00 3b 56 0c 0f 83 3f 00 00 00
0x000000401c9055fd:   48 63 d2 8b 44 96 10 48 83 c4 30 5d 4d 8b 97 08
0x000000401c90560d:   01 00 00 41 85 02 c3 49 ba 28 b6 2a 00 08 00 00
0x000000401c90561d:   00 4c 89 54 24 08 48 c7 04 24 ff ff ff ff e8 50
0x000000401c90562d:   12 a2 ff eb c2 e8 e9 cc a1 ff e8 e4 cc a1 ff 48
0x000000401c90563d:   89 14 24 48 89 74 24 08 e8 d6 ba a1 ff 90 90 49
0x000000401c90564d:   8b 87 20 04 00 00 49 ba 00 00 00 00 00 00 00 00
0x000000401c90565d:   4d 89 97 20 04 00 00 49 ba 00 00 00 00 00 00 00
0x000000401c90566d:   00 4d 89 97 28 04 00 00 48 83 c4 30 5d e9 01 b2 


Stack slot to memory mapping:
stack at sp + 0 slots: 0x000000401c240940 is at code_begin+1664 in an Interpreter codelet
invoke return entry points  [0x000000401c2402c0, 0x000000401c240ce0]  2592 bytes
stack at sp + 1 slots: 0x000000401c240940 is at code_begin+1664 in an Interpreter codelet
invoke return entry points  [0x000000401c2402c0, 0x000000401c240ce0]  2592 bytes
stack at sp + 2 slots: 0x000000000000000e is an unknown value
stack at sp + 3 slots: 0x00000000eb3cffe0 points into unknown readable memory: 01 00 00 00 00 00 00 00
stack at sp + 4 slots: 0x0000004389d888c8 is pointing into the stack for thread: 0x0000004384001800
stack at sp + 5 slots: 0x00000008008a7170 is pointing into metadata
stack at sp + 6 slots: 0x0000004389d88920 is pointing into the stack for thread: 0x0000004384001800
stack at sp + 7 slots: 0x00000008002a9a30 is pointing into metadata



---------------  P R O C E S S  ---------------

Threads class SMR info:
_java_thread_list=0x0000004374000b20, length=25, elements={
0x0000004004016000, 0x000000400415c000, 0x000000400415e800, 0x0000004004168000,
0x000000400416a000, 0x000000400416c000, 0x000000400416e000, 0x00000040041b8000,
0x0000004004203800, 0x00000040042d2000, 0x000000400443d000, 0x0000004314001800,
0x000000400443e800, 0x0000004004440800, 0x0000004004454000, 0x0000004004479800,
0x0000004004486000, 0x000000400446a800, 0x000000435c034800, 0x000000435c278000,
0x000000435c2cd800, 0x0000004384001800, 0x000000438c001000, 0x00000040041a8000,
0x00000040043ae000
}

Java Threads: ( => current thread )
  0x0000004004016000 JavaThread "main" [_thread_blocked, id=461, stack(0x00000040031e0000,0x00000040032e1000)]
  0x000000400415c000 JavaThread "Reference Handler" daemon [_thread_blocked, id=475, stack(0x00000042bf373000,0x00000042bf474000)]
  0x000000400415e800 JavaThread "Finalizer" daemon [_thread_blocked, id=476, stack(0x00000042c7474000,0x00000042c7575000)]
  0x0000004004168000 JavaThread "Signal Dispatcher" daemon [_thread_blocked, id=478, stack(0x00000042cf575000,0x00000042cf676000)]
  0x000000400416a000 JavaThread "C2 CompilerThread0" daemon [_thread_blocked, id=480, stack(0x00000042d7676000,0x00000042d7777000)]
  0x000000400416c000 JavaThread "C1 CompilerThread0" daemon [_thread_blocked, id=482, stack(0x00000042df777000,0x00000042df878000)]
  0x000000400416e000 JavaThread "Sweeper thread" daemon [_thread_blocked, id=483, stack(0x00000042e7878000,0x00000042e7979000)]
  0x00000040041b8000 JavaThread "Common-Cleaner" daemon [_thread_blocked, id=488, stack(0x00000042ef979000,0x00000042efa7a000)]
  0x0000004004203800 JavaThread "Service Thread" daemon [_thread_blocked, id=490, stack(0x00000042f7a7a000,0x00000042f7b7b000)]
  0x00000040042d2000 JavaThread "process reaper" daemon [_thread_blocked, id=504, stack(0x0000004307dfb000,0x0000004307e1d000)]
  0x000000400443d000 JavaThread "Equinox resolver thread - Equinox Container: 0cc89944-9e00-42a0-94cd-1eb0e5d330d1" daemon [_thread_blocked, id=514, stack(0x0000004310567000,0x0000004310668000)]
  0x0000004314001800 JavaThread "Equinox resolver thread - Equinox Container: 0cc89944-9e00-42a0-94cd-1eb0e5d330d1" daemon [_thread_blocked, id=516, stack(0x0000004318668000,0x0000004318769000)]
  0x000000400443e800 JavaThread "Equinox resolver thread - Equinox Container: 0cc89944-9e00-42a0-94cd-1eb0e5d330d1" daemon [_thread_blocked, id=517, stack(0x0000004320769000,0x000000432086a000)]
  0x0000004004440800 JavaThread "Equinox resolver thread - Equinox Container: 0cc89944-9e00-42a0-94cd-1eb0e5d330d1" daemon [_thread_blocked, id=518, stack(0x000000432886a000,0x000000432896b000)]
  0x0000004004454000 JavaThread "Active Thread: Equinox Container: 0cc89944-9e00-42a0-94cd-1eb0e5d330d1" [_thread_blocked, id=520, stack(0x000000433096b000,0x0000004330a6c000)]
  0x0000004004479800 JavaThread "Framework Event Dispatcher: Equinox Container: 0cc89944-9e00-42a0-94cd-1eb0e5d330d1" daemon [_thread_blocked, id=527, stack(0x0000004350d72000,0x0000004350e73000)]
  0x0000004004486000 JavaThread "Start Level: Equinox Container: 0cc89944-9e00-42a0-94cd-1eb0e5d330d1" daemon [_thread_blocked, id=528, stack(0x0000004358e73000,0x0000004358f74000)]
  0x000000400446a800 JavaThread "Refresh Thread: Equinox Container: 0cc89944-9e00-42a0-94cd-1eb0e5d330d1" daemon [_thread_blocked, id=531, stack(0x0000004360f74000,0x0000004361075000)]
  0x000000435c034800 JavaThread "SCR Component Actor" daemon [_thread_blocked, id=533, stack(0x0000004369286000,0x0000004369387000)]
  0x000000435c278000 JavaThread "Worker-JM" [_thread_blocked, id=537, stack(0x0000004379888000,0x0000004379989000)]
  0x000000435c2cd800 JavaThread "Worker-0" [_thread_blocked, id=538, stack(0x0000004381b89000,0x0000004381c8a000)]
=>0x0000004384001800 JavaThread "Worker-1: Initialize Workspace" [_thread_in_Java, id=539, stack(0x0000004389c8a000,0x0000004389d8b000)]
  0x000000438c001000 JavaThread "Worker-2" [_thread_blocked, id=541, stack(0x0000004391f8b000,0x000000439208c000)]
  0x00000040041a8000 JavaThread "pool-2-thread-1" [_thread_blocked, id=546, stack(0x000000439a08c000,0x000000439a18d000)]
  0x00000040043ae000 JavaThread "pool-1-thread-1" [_thread_blocked, id=548, stack(0x00000043a258d000,0x00000043a268e000)]

Other Threads:
  0x0000004004159800 VMThread "VM Thread" [stack: 0x00000042b7273000,0x00000042b7373000] [id=474] _threads_hazard_ptr=0x0000004374000b20
  0x0000004004205800 WatcherThread [stack: 0x00000042ffb7d000,0x00000042ffc7d000] [id=491]
  0x000000400402d800 GCTaskThread "ParGC Thread#0" [stack: 0x000000402b772000,0x000000402b872000] [id=472]
  0x00000042b8001000 GCTaskThread "ParGC Thread#1" [stack: 0x0000004338a6e000,0x0000004338b6e000] [id=524]
  0x00000042b8002800 GCTaskThread "ParGC Thread#2" [stack: 0x0000004340b70000,0x0000004340c70000] [id=525]
  0x00000042b8004000 GCTaskThread "ParGC Thread#3" [stack: 0x0000004348c72000,0x0000004348d72000] [id=526]

Threads with active compile tasks:

VM state:synchronizing (normal execution)

VM Mutex/Monitor currently owned by a thread:  ([mutex/lock_event])
[0x0000004004012b40] Safepoint_lock - owner thread: 0x0000004004159800
[0x0000004004012bd0] Threads_lock - owner thread: 0x0000004004159800

Heap address: 0x00000000c0000000, size: 1024 MB, Compressed Oops mode: 32-bit
Narrow klass base: 0x0000000800000000, Narrow klass shift: 3
Compressed class space size: 1073741824 Address: 0x0000000840000000

Heap:
 PSYoungGen      total 29696K, used 13949K [0x00000000eab00000, 0x00000000ecc00000, 0x0000000100000000)
  eden space 25600K, 54% used [0x00000000eab00000,0x00000000eb89f4a0,0x00000000ec400000)
  from space 4096K, 0% used [0x00000000ec800000,0x00000000ec800000,0x00000000ecc00000)
  to   space 4096K, 0% used [0x00000000ec400000,0x00000000ec400000,0x00000000ec800000)
 ParOldGen       total 68608K, used 9265K [0x00000000c0000000, 0x00000000c4300000, 0x00000000eab00000)
  object space 68608K, 13% used [0x00000000c0000000,0x00000000c090c4a0,0x00000000c4300000)
 Metaspace       used 22716K, capacity 24230K, committed 24320K, reserved 1071104K
  class space    used 2225K, capacity 2799K, committed 2816K, reserved 1048576K

Card table byte_map: [0x000000402b419000,0x000000402b61a000] _byte_map_base: 0x000000402ae19000

Marking Bits: (ParMarkBitMap*) 0x0000004002e905c0
 Begin Bits: [0x0000004033872000, 0x0000004034872000)
 End Bits:   [0x0000004034872000, 0x0000004035872000)

Polling page: 0x0000004013a9f000

Metaspace:

Usage:
  Non-class:     20.93 MB capacity,    20.01 MB ( 96%) used,   885.71 KB (  4%) free+waste,    54.12 KB ( <1%) overhead. 
      Class:      2.73 MB capacity,     2.17 MB ( 79%) used,   545.66 KB ( 19%) free+waste,    28.31 KB (  1%) overhead. 
       Both:     23.66 MB capacity,    22.18 MB ( 94%) used,     1.40 MB (  6%) free+waste,    82.44 KB ( <1%) overhead. 

Virtual space:
  Non-class space:       22.00 MB reserved,      21.00 MB ( 95%) committed 
      Class space:        1.00 GB reserved,       2.75 MB ( <1%) committed 
             Both:        1.02 GB reserved,      23.75 MB (  2%) committed 

Chunk freelists:
   Non-Class:  17.00 KB
       Class:  17.00 KB
        Both:  34.00 KB

MaxMetaspaceSize: unlimited
CompressedClassSpaceSize: 1.00 GB

CodeHeap 'non-profiled nmethods': size=120032Kb used=916Kb max_used=916Kb free=119116Kb
 bounds [0x0000004023cff000, 0x0000004023f6f000, 0x000000402b237000]
CodeHeap 'profiled nmethods': size=120032Kb used=5940Kb max_used=5940Kb free=114091Kb
 bounds [0x000000401c7c7000, 0x000000401cda7000, 0x0000004023cff000]
CodeHeap 'non-nmethods': size=5696Kb used=1166Kb max_used=1181Kb free=4529Kb
 bounds [0x000000401c237000, 0x000000401c4a7000, 0x000000401c7c7000]
 total_blobs=3261 nmethods=2728 adapters=449
 compilation: enabled
              stopped_count=0, restarted_count=0
 full_count=0

Compilation events (20 events):
Event: 13.463 Thread 0x000000400416c000 2990       1       jdk.internal.jimage.ImageReader$Node::isDirectory (2 bytes)
Event: 13.464 Thread 0x000000400416c000 nmethod 2990 0x0000004023de3110 code [0x0000004023de32c0, 0x0000004023de3390]
Event: 13.464 Thread 0x000000400416c000 2991       3       java.util.stream.Sink::begin (1 bytes)
Event: 13.464 Thread 0x000000400416c000 nmethod 2991 0x000000401cd91610 code [0x000000401cd917c0, 0x000000401cd918d0]
Event: 13.464 Thread 0x000000400416c000 2992       3       jdk.internal.jimage.ImageReader::ensureOpen (18 bytes)
Event: 13.464 Thread 0x000000400416a000 nmethod 2942 0x0000004023de3410 code [0x0000004023de35a0, 0x0000004023de3618]
Event: 13.465 Thread 0x000000400416a000 2959       4       jdk.internal.jimage.ImageLocation::getAttribute (44 bytes)
Event: 13.465 Thread 0x000000400416c000 nmethod 2992 0x000000401cd91990 code [0x000000401cd91b60, 0x000000401cd91d40]
Event: 13.465 Thread 0x000000400416c000 2993       3       java.util.ArrayList$ArrayListSpliterator::tryAdvance (79 bytes)
Event: 13.467 Thread 0x000000400416c000 nmethod 2993 0x000000401cd91e10 code [0x000000401cd92020, 0x000000401cd92500]
Event: 13.467 Thread 0x000000400416c000 2994       3       jdk.internal.jrtfs.JrtFileSystem::checkNode (40 bytes)
Event: 13.468 Thread 0x000000400416a000 nmethod 2959 0x0000004023de3690 code [0x0000004023de3820, 0x0000004023de38d8]
Event: 13.468 Thread 0x000000400416a000 2957       4       java.nio.ByteBuffer::limit (8 bytes)
Event: 13.470 Thread 0x000000400416c000 nmethod 2994 0x000000401cd92710 code [0x000000401cd92960, 0x000000401cd92f40]
Event: 13.470 Thread 0x000000400416c000 2995       3       jdk.internal.jrtfs.JrtFileSystem::ensureOpen (16 bytes)
Event: 13.471 Thread 0x000000400416a000 nmethod 2957 0x0000004023de3990 code [0x0000004023de3b20, 0x0000004023de3bf8]
Event: 13.471 Thread 0x000000400416a000 2961       4       java.util.ArrayDeque::elementAt (4 bytes)
Event: 13.471 Thread 0x000000400416c000 nmethod 2995 0x000000401cd93290 code [0x000000401cd93460, 0x000000401cd93640]
Event: 13.471 Thread 0x000000400416c000 2996       3       jdk.internal.jrtfs.JrtPath::getResolvedPath (39 bytes)
Event: 13.474 Thread 0x000000400416a000 nmethod 2961 0x0000004023de3d10 code [0x0000004023de3ea0, 0x0000004023de3f18]

GC Heap History (10 events):
Event: 4.204 GC heap before
{Heap before GC invocations=1 (full 0):
 PSYoungGen      total 29696K, used 25600K [0x00000000eab00000, 0x00000000ecc00000, 0x0000000100000000)
  eden space 25600K, 100% used [0x00000000eab00000,0x00000000ec400000,0x00000000ec400000)
  from space 4096K, 0% used [0x00000000ec800000,0x00000000ec800000,0x00000000ecc00000)
  to   space 4096K, 0% used [0x00000000ec400000,0x00000000ec400000,0x00000000ec800000)
 ParOldGen       total 68608K, used 0K [0x00000000c0000000, 0x00000000c4300000, 0x00000000eab00000)
  object space 68608K, 0% used [0x00000000c0000000,0x00000000c0000000,0x00000000c4300000)
 Metaspace       used 6807K, capacity 7275K, committed 7424K, reserved 1056768K
  class space    used 661K, capacity 707K, committed 768K, reserved 1048576K
}
Event: 4.245 GC heap after
{Heap after GC invocations=1 (full 0):
 PSYoungGen      total 29696K, used 3389K [0x00000000eab00000, 0x00000000ecc00000, 0x0000000100000000)
  eden space 25600K, 0% used [0x00000000eab00000,0x00000000eab00000,0x00000000ec400000)
  from space 4096K, 82% used [0x00000000ec400000,0x00000000ec74f658,0x00000000ec800000)
  to   space 4096K, 0% used [0x00000000ec800000,0x00000000ec800000,0x00000000ecc00000)
 ParOldGen       total 68608K, used 8K [0x00000000c0000000, 0x00000000c4300000, 0x00000000eab00000)
  object space 68608K, 0% used [0x00000000c0000000,0x00000000c0002000,0x00000000c4300000)
 Metaspace       used 6807K, capacity 7275K, committed 7424K, reserved 1056768K
  class space    used 661K, capacity 707K, committed 768K, reserved 1048576K
}
Event: 7.385 GC heap before
{Heap before GC invocations=2 (full 0):
 PSYoungGen      total 29696K, used 28989K [0x00000000eab00000, 0x00000000ecc00000, 0x0000000100000000)
  eden space 25600K, 100% used [0x00000000eab00000,0x00000000ec400000,0x00000000ec400000)
  from space 4096K, 82% used [0x00000000ec400000,0x00000000ec74f658,0x00000000ec800000)
  to   space 4096K, 0% used [0x00000000ec800000,0x00000000ec800000,0x00000000ecc00000)
 ParOldGen       total 68608K, used 8K [0x00000000c0000000, 0x00000000c4300000, 0x00000000eab00000)
  object space 68608K, 0% used [0x00000000c0000000,0x00000000c0002000,0x00000000c4300000)
 Metaspace       used 10443K, capacity 10995K, committed 11264K, reserved 1058816K
  class space    used 1031K, capacity 1161K, committed 1280K, reserved 1048576K
}
Event: 7.428 GC heap after
{Heap after GC invocations=2 (full 0):
 PSYoungGen      total 29696K, used 4073K [0x00000000eab00000, 0x00000000ecc00000, 0x0000000100000000)
  eden space 25600K, 0% used [0x00000000eab00000,0x00000000eab00000,0x00000000ec400000)
  from space 4096K, 99% used [0x00000000ec800000,0x00000000ecbfa758,0x00000000ecc00000)
  to   space 4096K, 0% used [0x00000000ec400000,0x00000000ec400000,0x00000000ec800000)
 ParOldGen       total 68608K, used 2092K [0x00000000c0000000, 0x00000000c4300000, 0x00000000eab00000)
  object space 68608K, 3% used [0x00000000c0000000,0x00000000c020b0e8,0x00000000c4300000)
 Metaspace       used 10443K, capacity 10995K, committed 11264K, reserved 1058816K
  class space    used 1031K, capacity 1161K, committed 1280K, reserved 1048576K
}
Event: 10.725 GC heap before
{Heap before GC invocations=3 (full 0):
 PSYoungGen      total 29696K, used 29673K [0x00000000eab00000, 0x00000000ecc00000, 0x0000000100000000)
  eden space 25600K, 100% used [0x00000000eab00000,0x00000000ec400000,0x00000000ec400000)
  from space 4096K, 99% used [0x00000000ec800000,0x00000000ecbfa758,0x00000000ecc00000)
  to   space 4096K, 0% used [0x00000000ec400000,0x00000000ec400000,0x00000000ec800000)
 ParOldGen       total 68608K, used 2092K [0x00000000c0000000, 0x00000000c4300000, 0x00000000eab00000)
  object space 68608K, 3% used [0x00000000c0000000,0x00000000c020b0e8,0x00000000c4300000)
 Metaspace       used 17648K, capacity 18870K, committed 19072K, reserved 1067008K
  class space    used 1627K, capacity 2073K, committed 2176K, reserved 1048576K
}
Event: 10.774 GC heap after
{Heap after GC invocations=3 (full 0):
 PSYoungGen      total 29696K, used 4089K [0x00000000eab00000, 0x00000000ecc00000, 0x0000000100000000)
  eden space 25600K, 0% used [0x00000000eab00000,0x00000000eab00000,0x00000000ec400000)
  from space 4096K, 99% used [0x00000000ec400000,0x00000000ec7fe690,0x00000000ec800000)
  to   space 4096K, 0% used [0x00000000ec800000,0x00000000ec800000,0x00000000ecc00000)
 ParOldGen       total 68608K, used 4484K [0x00000000c0000000, 0x00000000c4300000, 0x00000000eab00000)
  object space 68608K, 6% used [0x00000000c0000000,0x00000000c0461068,0x00000000c4300000)
 Metaspace       used 17648K, capacity 18870K, committed 19072K, reserved 1067008K
  class space    used 1627K, capacity 2073K, committed 2176K, reserved 1048576K
}
Event: 11.794 GC heap before
{Heap before GC invocations=4 (full 0):
 PSYoungGen      total 29696K, used 10936K [0x00000000eab00000, 0x00000000ecc00000, 0x0000000100000000)
  eden space 25600K, 26% used [0x00000000eab00000,0x00000000eb1afca0,0x00000000ec400000)
  from space 4096K, 99% used [0x00000000ec400000,0x00000000ec7fe690,0x00000000ec800000)
  to   space 4096K, 0% used [0x00000000ec800000,0x00000000ec800000,0x00000000ecc00000)
 ParOldGen       total 68608K, used 4484K [0x00000000c0000000, 0x00000000c4300000, 0x00000000eab00000)
  object space 68608K, 6% used [0x00000000c0000000,0x00000000c0461068,0x00000000c4300000)
 Metaspace       used 19664K, capacity 21027K, committed 21248K, reserved 1069056K
  class space    used 1903K, capacity 2451K, committed 2560K, reserved 1048576K
}
Event: 11.826 GC heap after
{Heap after GC invocations=4 (full 0):
 PSYoungGen      total 29696K, used 4065K [0x00000000eab00000, 0x00000000ecc00000, 0x0000000100000000)
  eden space 25600K, 0% used [0x00000000eab00000,0x00000000eab00000,0x00000000ec400000)
  from space 4096K, 99% used [0x00000000ec800000,0x00000000ecbf8508,0x00000000ecc00000)
  to   space 4096K, 0% used [0x00000000ec400000,0x00000000ec400000,0x00000000ec800000)
 ParOldGen       total 68608K, used 5504K [0x00000000c0000000, 0x00000000c4300000, 0x00000000eab00000)
  object space 68608K, 8% used [0x00000000c0000000,0x00000000c0560050,0x00000000c4300000)
 Metaspace       used 19664K, capacity 21027K, committed 21248K, reserved 1069056K
  class space    used 1903K, capacity 2451K, committed 2560K, reserved 1048576K
}
Event: 11.827 GC heap before
{Heap before GC invocations=5 (full 1):
 PSYoungGen      total 29696K, used 4065K [0x00000000eab00000, 0x00000000ecc00000, 0x0000000100000000)
  eden space 25600K, 0% used [0x00000000eab00000,0x00000000eab00000,0x00000000ec400000)
  from space 4096K, 99% used [0x00000000ec800000,0x00000000ecbf8508,0x00000000ecc00000)
  to   space 4096K, 0% used [0x00000000ec400000,0x00000000ec400000,0x00000000ec800000)
 ParOldGen       total 68608K, used 5504K [0x00000000c0000000, 0x00000000c4300000, 0x00000000eab00000)
  object space 68608K, 8% used [0x00000000c0000000,0x00000000c0560050,0x00000000c4300000)
 Metaspace       used 19664K, capacity 21027K, committed 21248K, reserved 1069056K
  class space    used 1903K, capacity 2451K, committed 2560K, reserved 1048576K
}
Event: 12.012 GC heap after
{Heap after GC invocations=5 (full 1):
 PSYoungGen      total 29696K, used 0K [0x00000000eab00000, 0x00000000ecc00000, 0x0000000100000000)
  eden space 25600K, 0% used [0x00000000eab00000,0x00000000eab00000,0x00000000ec400000)
  from space 4096K, 0% used [0x00000000ec800000,0x00000000ec800000,0x00000000ecc00000)
  to   space 4096K, 0% used [0x00000000ec400000,0x00000000ec400000,0x00000000ec800000)
 ParOldGen       total 68608K, used 9265K [0x00000000c0000000, 0x00000000c4300000, 0x00000000eab00000)
  object space 68608K, 13% used [0x00000000c0000000,0x00000000c090c4a0,0x00000000c4300000)
 Metaspace       used 19664K, capacity 21027K, committed 21248K, reserved 1069056K
  class space    used 1903K, capacity 2451K, committed 2560K, reserved 1048576K
}

Deoptimization events (20 events):
Event: 12.319 Thread 0x00000040043ae000 Uncommon trap: trap_request=0xffffffdc fr.pc=0x0000004023dc29d4 relative=0x0000000000000294
Event: 12.319 Thread 0x00000040043ae000 Uncommon trap: reason=class_check action=make_not_entrant pc=0x0000004023dc29d4 method=java.util.ArrayList.toArray([Ljava/lang/Object;)[Ljava/lang/Object; @ 21 c2
Event: 12.319 Thread 0x00000040043ae000 DEOPT PACKING pc=0x0000004023dc29d4 sp=0x00000043a268b9b0
Event: 12.319 Thread 0x00000040043ae000 DEOPT UNPACKING pc=0x000000401c25c31f sp=0x00000043a268b970 mode 2
Event: 12.377 Thread 0x00000040043ae000 Uncommon trap: trap_request=0xffffff7e fr.pc=0x0000004023dae95c relative=0x0000000000000d3c
Event: 12.377 Thread 0x00000040043ae000 Uncommon trap: reason=predicate action=maybe_recompile pc=0x0000004023dae95c method=java.util.TreeMap.put(Ljava/lang/Object;Ljava/lang/Object;)Ljava/lang/Object; @ 55 c2
Event: 12.377 Thread 0x00000040043ae000 DEOPT PACKING pc=0x0000004023dae95c sp=0x00000043a268b400
Event: 12.377 Thread 0x00000040043ae000 DEOPT UNPACKING pc=0x000000401c25c31f sp=0x00000043a268b3d8 mode 2
Event: 12.480 Thread 0x00000040043ae000 DEOPT PACKING pc=0x000000401cb0c9b0 sp=0x00000043a2688780
Event: 12.481 Thread 0x00000040043ae000 DEOPT UNPACKING pc=0x000000401c25c12b sp=0x00000043a2687cb8 mode 0
Event: 12.607 Thread 0x00000040043ae000 DEOPT PACKING pc=0x000000401cd0866e sp=0x00000043a268ab70
Event: 12.607 Thread 0x00000040043ae000 DEOPT UNPACKING pc=0x000000401c25c12b sp=0x00000043a268a070 mode 0
Event: 12.612 Thread 0x00000040043ae000 DEOPT PACKING pc=0x000000401cd0866e sp=0x00000043a268ab70
Event: 12.612 Thread 0x00000040043ae000 DEOPT UNPACKING pc=0x000000401c25c12b sp=0x00000043a268a070 mode 0
Event: 12.829 Thread 0x00000040043ae000 DEOPT PACKING pc=0x000000401ccc8d9c sp=0x00000043a268b330
Event: 12.829 Thread 0x00000040043ae000 DEOPT UNPACKING pc=0x000000401c25c12b sp=0x00000043a268a848 mode 0
Event: 13.023 Thread 0x0000004384001800 DEOPT PACKING pc=0x000000401cb0c9b0 sp=0x0000004389d88ec0
Event: 13.023 Thread 0x0000004384001800 DEOPT UNPACKING pc=0x000000401c25c12b sp=0x0000004389d883f8 mode 0
Event: 13.101 Thread 0x0000004384001800 DEOPT PACKING pc=0x000000401cb0c9b0 sp=0x0000004389d89080
Event: 13.101 Thread 0x0000004384001800 DEOPT UNPACKING pc=0x000000401c25c12b sp=0x0000004389d885b8 mode 0

Classes redefined (0 events):
No events

Internal exceptions (20 events):
Event: 12.804 Thread 0x0000004384001800 Exception <a 'sun/nio/fs/UnixException'{0x00000000eb0b0b70}> (0x00000000eb0b0b70) thrown at [src/hotspot/share/prims/jni.cpp, line 615]
Event: 12.958 Thread 0x0000004384001800 Exception <a 'sun/nio/fs/UnixException'{0x00000000eb198b58}> (0x00000000eb198b58) thrown at [src/hotspot/share/prims/jni.cpp, line 615]
Event: 12.960 Thread 0x0000004384001800 Exception <a 'sun/nio/fs/UnixException'{0x00000000eb199a68}> (0x00000000eb199a68) thrown at [src/hotspot/share/prims/jni.cpp, line 615]
Event: 12.961 Thread 0x0000004384001800 Exception <a 'sun/nio/fs/UnixException'{0x00000000eb19a9b8}> (0x00000000eb19a9b8) thrown at [src/hotspot/share/prims/jni.cpp, line 615]
Event: 12.986 Thread 0x0000004384001800 Exception <a 'sun/nio/fs/UnixException'{0x00000000eb1ccca8}> (0x00000000eb1ccca8) thrown at [src/hotspot/share/prims/jni.cpp, line 615]
Event: 12.989 Thread 0x0000004384001800 Exception <a 'sun/nio/fs/UnixException'{0x00000000eb1ce8b0}> (0x00000000eb1ce8b0) thrown at [src/hotspot/share/prims/jni.cpp, line 615]
Event: 13.001 Thread 0x0000004384001800 Exception <a 'sun/nio/fs/UnixException'{0x00000000eb1d2e20}> (0x00000000eb1d2e20) thrown at [src/hotspot/share/prims/jni.cpp, line 615]
Event: 13.037 Thread 0x0000004384001800 Exception <a 'sun/nio/fs/UnixException'{0x00000000eb237e28}> (0x00000000eb237e28) thrown at [src/hotspot/share/prims/jni.cpp, line 615]
Event: 13.065 Thread 0x0000004384001800 Exception <a 'sun/nio/fs/UnixException'{0x00000000eb2757c8}> (0x00000000eb2757c8) thrown at [src/hotspot/share/prims/jni.cpp, line 615]
Event: 13.066 Thread 0x0000004384001800 Exception <a 'sun/nio/fs/UnixException'{0x00000000eb278e00}> (0x00000000eb278e00) thrown at [src/hotspot/share/prims/jni.cpp, line 615]
Event: 13.066 Thread 0x0000004384001800 Exception <a 'sun/nio/fs/UnixException'{0x00000000eb279fd8}> (0x00000000eb279fd8) thrown at [src/hotspot/share/prims/jni.cpp, line 615]
Event: 13.067 Thread 0x0000004384001800 Exception <a 'sun/nio/fs/UnixException'{0x00000000eb27aea8}> (0x00000000eb27aea8) thrown at [src/hotspot/share/prims/jni.cpp, line 615]
Event: 13.069 Thread 0x0000004384001800 Exception <a 'sun/nio/fs/UnixException'{0x00000000eb27cb88}> (0x00000000eb27cb88) thrown at [src/hotspot/share/prims/jni.cpp, line 615]
Event: 13.072 Thread 0x0000004384001800 Exception <a 'sun/nio/fs/UnixException'{0x00000000eb2819f0}> (0x00000000eb2819f0) thrown at [src/hotspot/share/prims/jni.cpp, line 615]
Event: 13.074 Thread 0x0000004384001800 Exception <a 'java/io/FileNotFoundException'{0x00000000eb284900}> (0x00000000eb284900) thrown at [src/hotspot/share/prims/jni.cpp, line 615]
Event: 13.080 Thread 0x0000004384001800 Exception <a 'sun/nio/fs/UnixException'{0x00000000eb2b0bf0}> (0x00000000eb2b0bf0) thrown at [src/hotspot/share/prims/jni.cpp, line 615]
Event: 13.108 Thread 0x0000004384001800 Exception <a 'java/io/FileNotFoundException'{0x00000000eb2e3638}> (0x00000000eb2e3638) thrown at [src/hotspot/share/prims/jni.cpp, line 615]
Event: 13.114 Thread 0x0000004384001800 Exception <a 'java/io/FileNotFoundException'{0x00000000eb2ee418}> (0x00000000eb2ee418) thrown at [src/hotspot/share/prims/jni.cpp, line 615]
Event: 13.115 Thread 0x0000004384001800 Exception <a 'java/io/FileNotFoundException'{0x00000000eb2ef908}> (0x00000000eb2ef908) thrown at [src/hotspot/share/prims/jni.cpp, line 615]
Event: 13.125 Thread 0x0000004384001800 Exception <a 'sun/nio/fs/UnixException'{0x00000000eb2f5b40}> (0x00000000eb2f5b40) thrown at [src/hotspot/share/prims/jni.cpp, line 615]

Events (20 events):
Event: 13.227 loading class java/util/RegularEnumSet$EnumSetIterator done
Event: 13.237 loading class java/nio/ByteBufferAsIntBufferL
Event: 13.237 loading class java/nio/ByteBufferAsIntBufferL done
Event: 13.238 loading class jdk/internal/jimage/ImageReader$Directory
Event: 13.238 loading class jdk/internal/jimage/ImageReader$Directory done
Event: 13.363 Executing VM operation: RevokeBias
Event: 13.363 Executing VM operation: RevokeBias done
Event: 13.363 Thread 0x000000435c0a5800 Thread exited: 0x000000435c0a5800
Event: 13.429 loading class java/nio/file/FileTreeWalker$DirectoryNode
Event: 13.430 loading class java/nio/file/FileTreeWalker$DirectoryNode done
Event: 13.430 loading class java/nio/file/FileTreeWalker$Event
Event: 13.430 loading class java/nio/file/FileTreeWalker$Event done
Event: 13.430 loading class java/nio/file/FileTreeWalker$EventType
Event: 13.430 loading class java/nio/file/FileTreeWalker$EventType done
Event: 13.430 loading class java/nio/file/Files$3
Event: 13.430 loading class java/nio/file/Files$3 done
Event: 13.431 loading class java/nio/file/FileVisitResult
Event: 13.431 loading class java/nio/file/FileVisitResult done
Event: 13.431 loading class sun/nio/fs/BasicFileAttributesHolder
Event: 13.433 loading class sun/nio/fs/BasicFileAttributesHolder done


Dynamic libraries:
00400000-006e4000 r-xp 00000000 fe:01 1572892                            /usr/bin/qemu-x86_64
006f4000-00743000 rw-p 002e4000 fe:01 1572892                            /usr/bin/qemu-x86_64
00743000-00768000 rw-p 00000000 00:00 0 
11661000-11893000 rw-p 00000000 00:00 0                                  [heap]
c0000000-c4300000 rw-p 00000000 00:00 0 
c4300000-eab00000 ---p 00000000 00:00 0 
eab00000-ecc00000 rw-p 00000000 00:00 0 
ecc00000-100000000 ---p 00000000 00:00 0 
800000000-800002000 r-xp 00001000 fe:01 142378                           /usr/lib/jvm/java-11-openjdk-amd64/lib/server/classes.jsa
800002000-8003b8000 rw-p 00003000 fe:01 142378                           /usr/lib/jvm/java-11-openjdk-amd64/lib/server/classes.jsa
8003b8000-800a94000 r--p 003b9000 fe:01 142378                           /usr/lib/jvm/java-11-openjdk-amd64/lib/server/classes.jsa
800a94000-800a95000 rw-p 00a95000 fe:01 142378                           /usr/lib/jvm/java-11-openjdk-amd64/lib/server/classes.jsa
800a95000-8010a2000 r--p 00a96000 fe:01 142378                           /usr/lib/jvm/java-11-openjdk-amd64/lib/server/classes.jsa
840000000-8402c0000 rw-p 00000000 00:00 0 
8402c0000-880000000 ---p 00000000 00:00 0 
4000000000-4000001000 r--p 00000000 fe:01 142008                         /usr/lib/jvm/java-11-openjdk-amd64/bin/java
4000001000-4000002000 r-xp 00001000 fe:01 142008                         /usr/lib/jvm/java-11-openjdk-amd64/bin/java
4000002000-4000003000 r--p 00002000 fe:01 142008                         /usr/lib/jvm/java-11-openjdk-amd64/bin/java
4000003000-4000004000 r--p 00002000 fe:01 142008                         /usr/lib/jvm/java-11-openjdk-amd64/bin/java
4000004000-4000005000 rw-p 00003000 fe:01 142008                         /usr/lib/jvm/java-11-openjdk-amd64/bin/java
4000005000-40000b9000 rw-p 00000000 00:00 0 
4001005000-4001006000 ---p 00000000 00:00 0 
4001006000-4001806000 rw-p 00000000 00:00 0 
4001806000-4001807000 r--p 00000000 fe:01 3801198                        /lib/x86_64-linux-gnu/ld-2.28.so
4001807000-4001825000 r-xp 00001000 fe:01 3801198                        /lib/x86_64-linux-gnu/ld-2.28.so
4001825000-400182d000 r--p 0001f000 fe:01 3801198                        /lib/x86_64-linux-gnu/ld-2.28.so
400182d000-400182e000 r--p 00026000 fe:01 3801198                        /lib/x86_64-linux-gnu/ld-2.28.so
400182e000-400182f000 rw-p 00027000 fe:01 3801198                        /lib/x86_64-linux-gnu/ld-2.28.so
400182f000-4001832000 rw-p 00000000 00:00 0 
4001838000-400183a000 rw-p 00000000 00:00 0 
400183a000-4001856000 r-xp 00000000 fe:01 3801296                        /lib/x86_64-linux-gnu/libz.so.1.2.11
4001856000-4001a56000 ---p 0001c000 fe:01 3801296                        /lib/x86_64-linux-gnu/libz.so.1.2.11
4001a56000-4001a57000 r--p 0001c000 fe:01 3801296                        /lib/x86_64-linux-gnu/libz.so.1.2.11
4001a57000-4001a58000 rw-p 0001d000 fe:01 3801296                        /lib/x86_64-linux-gnu/libz.so.1.2.11
4001a58000-4001a5e000 r--p 00000000 fe:01 3801271                        /lib/x86_64-linux-gnu/libpthread-2.28.so
4001a5e000-4001a6d000 r-xp 00006000 fe:01 3801271                        /lib/x86_64-linux-gnu/libpthread-2.28.so
4001a6d000-4001a73000 r--p 00015000 fe:01 3801271                        /lib/x86_64-linux-gnu/libpthread-2.28.so
4001a73000-4001a74000 r--p 0001a000 fe:01 3801271                        /lib/x86_64-linux-gnu/libpthread-2.28.so
4001a74000-4001a75000 rw-p 0001b000 fe:01 3801271                        /lib/x86_64-linux-gnu/libpthread-2.28.so
4001a75000-4001a79000 rw-p 00000000 00:00 0 
4001a79000-4001a7c000 r--p 00000000 fe:01 142327                         /usr/lib/jvm/java-11-openjdk-amd64/lib/jli/libjli.so
4001a7c000-4001a86000 r-xp 00003000 fe:01 142327                         /usr/lib/jvm/java-11-openjdk-amd64/lib/jli/libjli.so
4001a86000-4001a89000 r--p 0000d000 fe:01 142327                         /usr/lib/jvm/java-11-openjdk-amd64/lib/jli/libjli.so
4001a89000-4001a8a000 ---p 00010000 fe:01 142327                         /usr/lib/jvm/java-11-openjdk-amd64/lib/jli/libjli.so
4001a8a000-4001a8b000 r--p 00010000 fe:01 142327                         /usr/lib/jvm/java-11-openjdk-amd64/lib/jli/libjli.so
4001a8b000-4001a8c000 rw-p 00011000 fe:01 142327                         /usr/lib/jvm/java-11-openjdk-amd64/lib/jli/libjli.so
4001a8c000-4001a8d000 r--p 00000000 fe:01 3801222                        /lib/x86_64-linux-gnu/libdl-2.28.so
4001a8d000-4001a8e000 r-xp 00001000 fe:01 3801222                        /lib/x86_64-linux-gnu/libdl-2.28.so
4001a8e000-4001a8f000 r--p 00002000 fe:01 3801222                        /lib/x86_64-linux-gnu/libdl-2.28.so
4001a8f000-4001a90000 r--p 00002000 fe:01 3801222                        /lib/x86_64-linux-gnu/libdl-2.28.so
4001a90000-4001a91000 rw-p 00003000 fe:01 3801222                        /lib/x86_64-linux-gnu/libdl-2.28.so
4001a91000-4001ab3000 r--p 00000000 fe:01 3801212                        /lib/x86_64-linux-gnu/libc-2.28.so
4001ab3000-4001bfb000 r-xp 00022000 fe:01 3801212                        /lib/x86_64-linux-gnu/libc-2.28.so
4001bfb000-4001c47000 r--p 0016a000 fe:01 3801212                        /lib/x86_64-linux-gnu/libc-2.28.so
4001c47000-4001c48000 ---p 001b6000 fe:01 3801212                        /lib/x86_64-linux-gnu/libc-2.28.so
4001c48000-4001c4c000 r--p 001b6000 fe:01 3801212                        /lib/x86_64-linux-gnu/libc-2.28.so
4001c4c000-4001c4e000 rw-p 001ba000 fe:01 3801212                        /lib/x86_64-linux-gnu/libc-2.28.so
4001c4e000-4001c54000 rw-p 00000000 00:00 0 
4001c85000-4001efe000 r--p 00000000 fe:01 142380                         /usr/lib/jvm/java-11-openjdk-amd64/lib/server/libjvm.so
4001efe000-4002b0f000 r-xp 00279000 fe:01 142380                         /usr/lib/jvm/java-11-openjdk-amd64/lib/server/libjvm.so
4002b0f000-4002d66000 r--p 00e8a000 fe:01 142380                         /usr/lib/jvm/java-11-openjdk-amd64/lib/server/libjvm.so
4002d66000-4002e27000 r--p 010e0000 fe:01 142380                         /usr/lib/jvm/java-11-openjdk-amd64/lib/server/libjvm.so
4002e27000-4002e62000 rw-p 011a1000 fe:01 142380                         /usr/lib/jvm/java-11-openjdk-amd64/lib/server/libjvm.so
4002e62000-4002eb9000 rw-p 00000000 00:00 0 
4002ebf000-4002f48000 r--p 00000000 fe:01 3803712                        /usr/lib/x86_64-linux-gnu/libstdc++.so.6.0.25
4002f48000-4002ff4000 r-xp 00089000 fe:01 3803712                        /usr/lib/x86_64-linux-gnu/libstdc++.so.6.0.25
4002ff4000-4003032000 r--p 00135000 fe:01 3803712                        /usr/lib/x86_64-linux-gnu/libstdc++.so.6.0.25
4003032000-4003033000 ---p 00173000 fe:01 3803712                        /usr/lib/x86_64-linux-gnu/libstdc++.so.6.0.25
4003033000-400303d000 r--p 00173000 fe:01 3803712                        /usr/lib/x86_64-linux-gnu/libstdc++.so.6.0.25
400303d000-400303f000 rw-p 0017d000 fe:01 3803712                        /usr/lib/x86_64-linux-gnu/libstdc++.so.6.0.25
400303f000-4003043000 rw-p 00000000 00:00 0 
4003043000-4003050000 r--p 00000000 fe:01 3801237                        /lib/x86_64-linux-gnu/libm-2.28.so
4003050000-40030ef000 r-xp 0000d000 fe:01 3801237                        /lib/x86_64-linux-gnu/libm-2.28.so
40030ef000-40031c4000 r--p 000ac000 fe:01 3801237                        /lib/x86_64-linux-gnu/libm-2.28.so
40031c4000-40031c5000 r--p 00180000 fe:01 3801237                        /lib/x86_64-linux-gnu/libm-2.28.so
40031c5000-40031c6000 rw-p 00181000 fe:01 3801237                        /lib/x86_64-linux-gnu/libm-2.28.so
40031c6000-40031c9000 r--p 00000000 fe:01 3801230                        /lib/x86_64-linux-gnu/libgcc_s.so.1
40031c9000-40031da000 r-xp 00003000 fe:01 3801230                        /lib/x86_64-linux-gnu/libgcc_s.so.1
40031da000-40031dd000 r--p 00014000 fe:01 3801230                        /lib/x86_64-linux-gnu/libgcc_s.so.1
40031dd000-40031de000 ---p 00017000 fe:01 3801230                        /lib/x86_64-linux-gnu/libgcc_s.so.1
40031de000-40031df000 r--p 00017000 fe:01 3801230                        /lib/x86_64-linux-gnu/libgcc_s.so.1
40031df000-40031e0000 rw-p 00018000 fe:01 3801230                        /lib/x86_64-linux-gnu/libgcc_s.so.1
40031e0000-40031e4000 ---p 00000000 00:00 0 
40031e4000-40032e1000 rw-p 00000000 00:00 0 
4004000000-4004647000 rw-p 00000000 00:00 0 
4004647000-4008000000 ---p 00000000 00:00 0 
400b2e7000-400b2e9000 r--p 00000000 fe:01 3801275                        /lib/x86_64-linux-gnu/librt-2.28.so
400b2e9000-400b2ed000 r-xp 00002000 fe:01 3801275                        /lib/x86_64-linux-gnu/librt-2.28.so
400b2ed000-400b2ef000 r--p 00006000 fe:01 3801275                        /lib/x86_64-linux-gnu/librt-2.28.so
400b2ef000-400b2f0000 r--p 00007000 fe:01 3801275                        /lib/x86_64-linux-gnu/librt-2.28.so
400b2f0000-400b2f1000 rw-p 00008000 fe:01 3801275                        /lib/x86_64-linux-gnu/librt-2.28.so
400b2f1000-400b2f6000 r--p 00000000 fe:01 142366                         /usr/lib/jvm/java-11-openjdk-amd64/lib/libverify.so
400b2f6000-400b2fd000 r-xp 00005000 fe:01 142366                         /usr/lib/jvm/java-11-openjdk-amd64/lib/libverify.so
400b2fd000-400b2ff000 r--p 0000c000 fe:01 142366                         /usr/lib/jvm/java-11-openjdk-amd64/lib/libverify.so
400b2ff000-400b301000 r--p 0000d000 fe:01 142366                         /usr/lib/jvm/java-11-openjdk-amd64/lib/libverify.so
400b301000-400b302000 rw-p 0000f000 fe:01 142366                         /usr/lib/jvm/java-11-openjdk-amd64/lib/libverify.so
400b302000-400b310000 r--p 00000000 fe:01 142345                         /usr/lib/jvm/java-11-openjdk-amd64/lib/libjava.so
400b310000-400b325000 r-xp 0000e000 fe:01 142345                         /usr/lib/jvm/java-11-openjdk-amd64/lib/libjava.so
400b325000-400b32c000 r--p 00023000 fe:01 142345                         /usr/lib/jvm/java-11-openjdk-amd64/lib/libjava.so
400b32c000-400b32d000 r--p 00029000 fe:01 142345                         /usr/lib/jvm/java-11-openjdk-amd64/lib/libjava.so
400b32d000-400b32e000 rw-p 0002a000 fe:01 142345                         /usr/lib/jvm/java-11-openjdk-amd64/lib/libjava.so
400b32e000-400b32f000 rw-p 00000000 00:00 0 
400b32f000-400b331000 r--p 00000000 fe:01 142349                         /usr/lib/jvm/java-11-openjdk-amd64/lib/libjimage.so
400b331000-400b334000 r-xp 00002000 fe:01 142349                         /usr/lib/jvm/java-11-openjdk-amd64/lib/libjimage.so
400b334000-400b336000 r--p 00005000 fe:01 142349                         /usr/lib/jvm/java-11-openjdk-amd64/lib/libjimage.so
400b336000-400b337000 r--p 00006000 fe:01 142349                         /usr/lib/jvm/java-11-openjdk-amd64/lib/libjimage.so
400b337000-400b338000 rw-p 00007000 fe:01 142349                         /usr/lib/jvm/java-11-openjdk-amd64/lib/libjimage.so
4013a9f000-4013aa0000 ---p 00000000 00:00 0 
4013aa0000-4013aa1000 r--p 00000000 00:00 0 
4013aa7000-4013aaa000 r--p 00000000 fe:01 3801254                        /lib/x86_64-linux-gnu/libnss_files-2.28.so
4013aaa000-4013ab1000 r-xp 00003000 fe:01 3801254                        /lib/x86_64-linux-gnu/libnss_files-2.28.so
4013ab1000-4013ab3000 r--p 0000a000 fe:01 3801254                        /lib/x86_64-linux-gnu/libnss_files-2.28.so
4013ab3000-4013ab4000 ---p 0000c000 fe:01 3801254                        /lib/x86_64-linux-gnu/libnss_files-2.28.so
4013ab4000-4013ab5000 r--p 0000c000 fe:01 3801254                        /lib/x86_64-linux-gnu/libnss_files-2.28.so
4013ab5000-4013ab6000 rw-p 0000d000 fe:01 3801254                        /lib/x86_64-linux-gnu/libnss_files-2.28.so
4013ab6000-4013abc000 rw-p 00000000 00:00 0 
4013abc000-4013ac4000 rw-s 00000000 fe:01 131787                         /tmp/hsperfdata_root/458
4013ac4000-4013ac6000 r--p 00000000 fe:01 142367                         /usr/lib/jvm/java-11-openjdk-amd64/lib/libzip.so
4013ac6000-4013aca000 r-xp 00002000 fe:01 142367                         /usr/lib/jvm/java-11-openjdk-amd64/lib/libzip.so
4013aca000-4013acc000 r--p 00006000 fe:01 142367                         /usr/lib/jvm/java-11-openjdk-amd64/lib/libzip.so
4013acc000-4013acd000 r--p 00007000 fe:01 142367                         /usr/lib/jvm/java-11-openjdk-amd64/lib/libzip.so
4013acd000-4013ace000 rw-p 00008000 fe:01 142367                         /usr/lib/jvm/java-11-openjdk-amd64/lib/libzip.so
4013ace000-401c235000 r--s 00000000 fe:01 142368                         /usr/lib/jvm/java-11-openjdk-amd64/lib/modules
401c235000-401c237000 r--s 00007000 fe:01 270805                         /usr/share/java/java-atk-wrapper.jar
401c237000-401c23a000 r-xp 00000000 00:00 0 
401c23a000-401c23e000 rwxp 00000000 00:00 0 
401c23e000-401c23f000 r-xp 00000000 00:00 0 
401c23f000-401c240000 rwxp 00000000 00:00 0 
401c240000-401c241000 r-xp 00000000 00:00 0 
401c241000-401c243000 rwxp 00000000 00:00 0 
401c243000-401c25c000 r-xp 00000000 00:00 0 
401c25c000-401c260000 rwxp 00000000 00:00 0 
401c260000-401c272000 r-xp 00000000 00:00 0 
401c272000-401c273000 rwxp 00000000 00:00 0 
401c273000-401c275000 r-xp 00000000 00:00 0 
401c275000-401c27e000 rwxp 00000000 00:00 0 
401c27e000-401c27f000 r-xp 00000000 00:00 0 
401c27f000-401c286000 rwxp 00000000 00:00 0 
401c286000-401c288000 r-xp 00000000 00:00 0 
401c288000-401c28f000 rwxp 00000000 00:00 0 
401c28f000-401c290000 r-xp 00000000 00:00 0 
401c290000-401c291000 rwxp 00000000 00:00 0 
401c291000-401c293000 r-xp 00000000 00:00 0 
401c293000-401c320000 rwxp 00000000 00:00 0 
401c320000-401c32b000 r-xp 00000000 00:00 0 
401c32b000-401c32c000 rwxp 00000000 00:00 0 
401c32c000-401c32f000 r-xp 00000000 00:00 0 
401c32f000-401c330000 rwxp 00000000 00:00 0 
401c330000-401c331000 r-xp 00000000 00:00 0 
401c331000-401c333000 rwxp 00000000 00:00 0 
401c333000-401c335000 r-xp 00000000 00:00 0 
401c335000-401c338000 rwxp 00000000 00:00 0 
401c338000-401c33b000 r-xp 00000000 00:00 0 
401c33b000-401c33c000 rwxp 00000000 00:00 0 
401c33c000-401c33d000 r-xp 00000000 00:00 0 
401c33d000-401c33e000 rwxp 00000000 00:00 0 
401c33e000-401c33f000 r-xp 00000000 00:00 0 
401c33f000-401c347000 rwxp 00000000 00:00 0 
401c347000-401c348000 r-xp 00000000 00:00 0 
401c348000-401c34a000 rwxp 00000000 00:00 0 
401c34a000-401c34b000 r-xp 00000000 00:00 0 
401c34b000-401c357000 rwxp 00000000 00:00 0 
401c357000-401c358000 r-xp 00000000 00:00 0 
401c358000-401c4a7000 rwxp 00000000 00:00 0 
401c4a7000-401c7c7000 ---p 00000000 00:00 0 
401c7c7000-401c7d1000 r-xp 00000000 00:00 0 
401c7d1000-401c7d3000 rwxp 00000000 00:00 0 
401c7d3000-401c7d6000 r-xp 00000000 00:00 0 
401c7d6000-401c7d7000 rwxp 00000000 00:00 0 
401c7d7000-401c7da000 r-xp 00000000 00:00 0 
401c7da000-401c7db000 rwxp 00000000 00:00 0 
401c7db000-401c7de000 r-xp 00000000 00:00 0 
401c7de000-401c7df000 rwxp 00000000 00:00 0 
401c7df000-401c7e7000 r-xp 00000000 00:00 0 
401c7e7000-401c7e9000 rwxp 00000000 00:00 0 
401c7e9000-401c7ed000 r-xp 00000000 00:00 0 
401c7ed000-401c7ef000 rwxp 00000000 00:00 0 
401c7ef000-401c7f0000 r-xp 00000000 00:00 0 
401c7f0000-401c7f1000 rwxp 00000000 00:00 0 
401c7f1000-401c7f2000 r-xp 00000000 00:00 0 
401c7f2000-401c7f4000 rwxp 00000000 00:00 0 
401c7f4000-401c7fa000 r-xp 00000000 00:00 0 
401c7fa000-401c7fb000 rwxp 00000000 00:00 0 
401c7fb000-401c7fe000 r-xp 00000000 00:00 0 
401c7fe000-401c7ff000 rwxp 00000000 00:00 0 
401c7ff000-401c800000 r-xp 00000000 00:00 0 
401c800000-401c803000 rwxp 00000000 00:00 0 
401c803000-401c80c000 r-xp 00000000 00:00 0 
401c80c000-401c80f000 rwxp 00000000 00:00 0 
401c80f000-401c811000 r-xp 00000000 00:00 0 
401c811000-401c813000 rwxp 00000000 00:00 0 
401c813000-401c814000 r-xp 00000000 00:00 0 
401c814000-401c815000 rwxp 00000000 00:00 0 
401c815000-401c817000 r-xp 00000000 00:00 0 
401c817000-401c81a000 rwxp 00000000 00:00 0 
401c81a000-401c81d000 r-xp 00000000 00:00 0 
401c81d000-401c81e000 rwxp 00000000 00:00 0 
401c81e000-401c826000 r-xp 00000000 00:00 0 
401c826000-401c82a000 rwxp 00000000 00:00 0 
401c82a000-401c82f000 r-xp 00000000 00:00 0 
401c82f000-401c831000 rwxp 00000000 00:00 0 
401c831000-401c833000 r-xp 00000000 00:00 0 
401c833000-401c834000 rwxp 00000000 00:00 0 
401c834000-401c835000 r-xp 00000000 00:00 0 
401c835000-401c836000 rwxp 00000000 00:00 0 
401c836000-401c83a000 r-xp 00000000 00:00 0 
401c83a000-401c83f000 rwxp 00000000 00:00 0 
401c83f000-401c845000 r-xp 00000000 00:00 0 
401c845000-401c848000 rwxp 00000000 00:00 0 
401c848000-401c84f000 r-xp 00000000 00:00 0 
401c84f000-401c853000 rwxp 00000000 00:00 0 
401c853000-401c86b000 r-xp 00000000 00:00 0 
401c86b000-401c86c000 rwxp 00000000 00:00 0 
401c86c000-401c873000 r-xp 00000000 00:00 0 
401c873000-401c874000 rwxp 00000000 00:00 0 
401c874000-401c876000 r-xp 00000000 00:00 0 
401c876000-401c878000 rwxp 00000000 00:00 0 
401c878000-401c879000 r-xp 00000000 00:00 0 
401c879000-401c87a000 rwxp 00000000 00:00 0 
401c87a000-401c881000 r-xp 00000000 00:00 0 
401c881000-401c882000 rwxp 00000000 00:00 0 
401c882000-401c883000 r-xp 00000000 00:00 0 
401c883000-401c884000 rwxp 00000000 00:00 0 
401c884000-401c885000 r-xp 00000000 00:00 0 
401c885000-401c886000 rwxp 00000000 00:00 0 
401c886000-401c88a000 r-xp 00000000 00:00 0 
401c88a000-401c88b000 rwxp 00000000 00:00 0 
401c88b000-401c88c000 r-xp 00000000 00:00 0 
401c88c000-401c88e000 rwxp 00000000 00:00 0 
401c88e000-401c890000 r-xp 00000000 00:00 0 
401c890000-401c891000 rwxp 00000000 00:00 0 
401c891000-401c892000 r-xp 00000000 00:00 0 
401c892000-401c896000 rwxp 00000000 00:00 0 
401c896000-401c897000 r-xp 00000000 00:00 0 
401c897000-401c898000 rwxp 00000000 00:00 0 
401c898000-401c89d000 r-xp 00000000 00:00 0 
401c89d000-401c89e000 rwxp 00000000 00:00 0 
401c89e000-401c89f000 r-xp 00000000 00:00 0 
401c89f000-401c8a1000 rwxp 00000000 00:00 0 
401c8a1000-401c8a5000 r-xp 00000000 00:00 0 
401c8a5000-401c8a6000 rwxp 00000000 00:00 0 
401c8a6000-401c8a7000 r-xp 00000000 00:00 0 
401c8a7000-401c8a9000 rwxp 00000000 00:00 0 
401c8a9000-401c8ab000 r-xp 00000000 00:00 0 
401c8ab000-401c8ad000 rwxp 00000000 00:00 0 
401c8ad000-401c8b4000 r-xp 00000000 00:00 0 
401c8b4000-401c8b9000 rwxp 00000000 00:00 0 
401c8b9000-401c8ba000 r-xp 00000000 00:00 0 
401c8ba000-401c8bb000 rwxp 00000000 00:00 0 
401c8bb000-401c8bc000 r-xp 00000000 00:00 0 
401c8bc000-401c8bf000 rwxp 00000000 00:00 0 
401c8bf000-401c8c5000 r-xp 00000000 00:00 0 
401c8c5000-401c8c6000 rwxp 00000000 00:00 0 
401c8c6000-401c8c9000 r-xp 00000000 00:00 0 
401c8c9000-401c8cb000 rwxp 00000000 00:00 0 
401c8cb000-401c8d6000 r-xp 00000000 00:00 0 
401c8d6000-401c8d7000 rwxp 00000000 00:00 0 
401c8d7000-401c8e1000 r-xp 00000000 00:00 0 
401c8e1000-401c8e3000 rwxp 00000000 00:00 0 
401c8e3000-401c8e4000 r-xp 00000000 00:00 0 
401c8e4000-401c8e5000 rwxp 00000000 00:00 0 
401c8e5000-401c8eb000 r-xp 00000000 00:00 0 
401c8eb000-401c8ec000 rwxp 00000000 00:00 0 
401c8ec000-401c8f4000 r-xp 00000000 00:00 0 
401c8f4000-401c8f5000 rwxp 00000000 00:00 0 
401c8f5000-401c902000 r-xp 00000000 00:00 0 
401c902000-401c903000 rwxp 00000000 00:00 0 
401c903000-401c90b000 r-xp 00000000 00:00 0 
401c90b000-401c90c000 rwxp 00000000 00:00 0 
401c90c000-401c90d000 r-xp 00000000 00:00 0 
401c90d000-401c90e000 rwxp 00000000 00:00 0 
401c90e000-401c915000 r-xp 00000000 00:00 0 
401c915000-401c916000 rwxp 00000000 00:00 0 
401c916000-401c91d000 r-xp 00000000 00:00 0 
401c91d000-401c91e000 rwxp 00000000 00:00 0 
401c91e000-401c922000 r-xp 00000000 00:00 0 
401c922000-401c923000 rwxp 00000000 00:00 0 
401c923000-401c925000 r-xp 00000000 00:00 0 
401c925000-401c926000 rwxp 00000000 00:00 0 
401c926000-401c928000 r-xp 00000000 00:00 0 
401c928000-401c929000 rwxp 00000000 00:00 0 
401c929000-401c93c000 r-xp 00000000 00:00 0 
401c93c000-401c93f000 rwxp 00000000 00:00 0 
401c93f000-401c941000 r-xp 00000000 00:00 0 
401c941000-401c942000 rwxp 00000000 00:00 0 
401c942000-401c946000 r-xp 00000000 00:00 0 
401c946000-401c949000 rwxp 00000000 00:00 0 
401c949000-401c94c000 r-xp 00000000 00:00 0 
401c94c000-401c94d000 rwxp 00000000 00:00 0 
401c94d000-401c94f000 r-xp 00000000 00:00 0 
401c94f000-401c950000 rwxp 00000000 00:00 0 
401c950000-401c953000 r-xp 00000000 00:00 0 
401c953000-401c955000 rwxp 00000000 00:00 0 
401c955000-401c95b000 r-xp 00000000 00:00 0 
401c95b000-401c95c000 rwxp 00000000 00:00 0 
401c95c000-401c974000 r-xp 00000000 00:00 0 
401c974000-401c975000 rwxp 00000000 00:00 0 
401c975000-401c988000 r-xp 00000000 00:00 0 
401c988000-401c98a000 rwxp 00000000 00:00 0 
401c98a000-401c994000 r-xp 00000000 00:00 0 
401c994000-401c995000 rwxp 00000000 00:00 0 
401c995000-401c996000 r-xp 00000000 00:00 0 
401c996000-401c998000 rwxp 00000000 00:00 0 
401c998000-401c99a000 r-xp 00000000 00:00 0 
401c99a000-401c99b000 rwxp 00000000 00:00 0 
401c99b000-401c9a8000 r-xp 00000000 00:00 0 
401c9a8000-401c9a9000 rwxp 00000000 00:00 0 
401c9a9000-401c9aa000 r-xp 00000000 00:00 0 
401c9aa000-401c9ac000 rwxp 00000000 00:00 0 
401c9ac000-401c9b4000 r-xp 00000000 00:00 0 
401c9b4000-401c9b8000 rwxp 00000000 00:00 0 
401c9b8000-401c9b9000 r-xp 00000000 00:00 0 
401c9b9000-401c9bb000 rwxp 00000000 00:00 0 
401c9bb000-401c9bc000 r-xp 00000000 00:00 0 
401c9bc000-401c9be000 rwxp 00000000 00:00 0 
401c9be000-401c9bf000 r-xp 00000000 00:00 0 
401c9bf000-401c9c0000 rwxp 00000000 00:00 0 
401c9c0000-401c9c6000 r-xp 00000000 00:00 0 
401c9c6000-401c9c9000 rwxp 00000000 00:00 0 
401c9c9000-401c9d1000 r-xp 00000000 00:00 0 
401c9d1000-401c9d8000 rwxp 00000000 00:00 0 
401c9d8000-401c9d9000 r-xp 00000000 00:00 0 
401c9d9000-401c9db000 rwxp 00000000 00:00 0 
401c9db000-401c9dd000 r-xp 00000000 00:00 0 
401c9dd000-401c9df000 rwxp 00000000 00:00 0 
401c9df000-401c9e2000 r-xp 00000000 00:00 0 
401c9e2000-401c9e3000 rwxp 00000000 00:00 0 
401c9e3000-401c9e4000 r-xp 00000000 00:00 0 
401c9e4000-401c9e6000 rwxp 00000000 00:00 0 
401c9e6000-401c9ea000 r-xp 00000000 00:00 0 
401c9ea000-401c9ee000 rwxp 00000000 00:00 0 
401c9ee000-401c9f2000 r-xp 00000000 00:00 0 
401c9f2000-401c9f3000 rwxp 00000000 00:00 0 
401c9f3000-401c9f6000 r-xp 00000000 00:00 0 
401c9f6000-401c9fe000 rwxp 00000000 00:00 0 
401c9fe000-401c9ff000 r-xp 00000000 00:00 0 
401c9ff000-401ca04000 rwxp 00000000 00:00 0 
401ca04000-401ca05000 r-xp 00000000 00:00 0 
401ca05000-401ca06000 rwxp 00000000 00:00 0 
401ca06000-401ca0a000 r-xp 00000000 00:00 0 
401ca0a000-401ca0b000 rwxp 00000000 00:00 0 
401ca0b000-401ca0f000 r-xp 00000000 00:00 0 
401ca0f000-401ca10000 rwxp 00000000 00:00 0 
401ca10000-401ca17000 r-xp 00000000 00:00 0 
401ca17000-401ca18000 rwxp 00000000 00:00 0 
401ca18000-401ca1a000 r-xp 00000000 00:00 0 
401ca1a000-401ca1b000 rwxp 00000000 00:00 0 
401ca1b000-401ca22000 r-xp 00000000 00:00 0 
401ca22000-401ca23000 rwxp 00000000 00:00 0 
401ca23000-401ca26000 r-xp 00000000 00:00 0 
401ca26000-401ca2a000 rwxp 00000000 00:00 0 
401ca2a000-401ca2d000 r-xp 00000000 00:00 0 
401ca2d000-401ca2e000 rwxp 00000000 00:00 0 
401ca2e000-401ca3e000 r-xp 00000000 00:00 0 
401ca3e000-401ca3f000 rwxp 00000000 00:00 0 
401ca3f000-401ca45000 r-xp 00000000 00:00 0 
401ca45000-401ca46000 rwxp 00000000 00:00 0 
401ca46000-401ca48000 r-xp 00000000 00:00 0 
401ca48000-401ca49000 rwxp 00000000 00:00 0 
401ca49000-401ca4d000 r-xp 00000000 00:00 0 
401ca4d000-401ca4e000 rwxp 00000000 00:00 0 
401ca4e000-401ca52000 r-xp 00000000 00:00 0 
401ca52000-401ca55000 rwxp 00000000 00:00 0 
401ca55000-401ca5c000 r-xp 00000000 00:00 0 
401ca5c000-401ca5d000 rwxp 00000000 00:00 0 
401ca5d000-401ca5f000 r-xp 00000000 00:00 0 
401ca5f000-401ca62000 rwxp 00000000 00:00 0 
401ca62000-401ca63000 r-xp 00000000 00:00 0 
401ca63000-401ca64000 rwxp 00000000 00:00 0 
401ca64000-401ca65000 r-xp 00000000 00:00 0 
401ca65000-401ca66000 rwxp 00000000 00:00 0 
401ca66000-401ca68000 r-xp 00000000 00:00 0 
401ca68000-401ca6b000 rwxp 00000000 00:00 0 
401ca6b000-401ca6d000 r-xp 00000000 00:00 0 
401ca6d000-401ca6e000 rwxp 00000000 00:00 0 
401ca6e000-401ca6f000 r-xp 00000000 00:00 0 
401ca6f000-401ca79000 rwxp 00000000 00:00 0 
401ca79000-401ca7a000 r-xp 00000000 00:00 0 
401ca7a000-401ca7b000 rwxp 00000000 00:00 0 
401ca7b000-401ca7c000 r-xp 00000000 00:00 0 
401ca7c000-401ca7d000 rwxp 00000000 00:00 0 
401ca7d000-401ca7f000 r-xp 00000000 00:00 0 
401ca7f000-401ca84000 rwxp 00000000 00:00 0 
401ca84000-401ca85000 r-xp 00000000 00:00 0 
401ca85000-401ca88000 rwxp 00000000 00:00 0 
401ca88000-401ca8a000 r-xp 00000000 00:00 0 
401ca8a000-401ca90000 rwxp 00000000 00:00 0 
401ca90000-401ca91000 r-xp 00000000 00:00 0 
401ca91000-401ca9c000 rwxp 00000000 00:00 0 
401ca9c000-401ca9e000 r-xp 00000000 00:00 0 
401ca9e000-401caa8000 rwxp 00000000 00:00 0 
401caa8000-401caab000 r-xp 00000000 00:00 0 
401caab000-401caac000 rwxp 00000000 00:00 0 
401caac000-401cab5000 r-xp 00000000 00:00 0 
401cab5000-401cab6000 rwxp 00000000 00:00 0 
401cab6000-401cab9000 r-xp 00000000 00:00 0 
401cab9000-401caba000 rwxp 00000000 00:00 0 
401caba000-401cabd000 r-xp 00000000 00:00 0 
401cabd000-401cabe000 rwxp 00000000 00:00 0 
401cabe000-401cabf000 r-xp 00000000 00:00 0 
401cabf000-401cac0000 rwxp 00000000 00:00 0 
401cac0000-401cacf000 r-xp 00000000 00:00 0 
401cacf000-401cad0000 rwxp 00000000 00:00 0 
401cad0000-401cad9000 r-xp 00000000 00:00 0 
401cad9000-401cada000 rwxp 00000000 00:00 0 
401cada000-401cae1000 r-xp 00000000 00:00 0 
401cae1000-401cae7000 rwxp 00000000 00:00 0 
401cae7000-401cb04000 r-xp 00000000 00:00 0 
401cb04000-401cb05000 rwxp 00000000 00:00 0 
401cb05000-401cb09000 r-xp 00000000 00:00 0 
401cb09000-401cb0a000 rwxp 00000000 00:00 0 
401cb0a000-401cb1a000 r-xp 00000000 00:00 0 
401cb1a000-401cb1c000 rwxp 00000000 00:00 0 
401cb1c000-401cb1d000 r-xp 00000000 00:00 0 
401cb1d000-401cb1e000 rwxp 00000000 00:00 0 
401cb1e000-401cb1f000 r-xp 00000000 00:00 0 
401cb1f000-401cb24000 rwxp 00000000 00:00 0 
401cb24000-401cb25000 r-xp 00000000 00:00 0 
401cb25000-401cb29000 rwxp 00000000 00:00 0 
401cb29000-401cb2b000 r-xp 00000000 00:00 0 
401cb2b000-401cb2c000 rwxp 00000000 00:00 0 
401cb2c000-401cb2f000 r-xp 00000000 00:00 0 
401cb2f000-401cb33000 rwxp 00000000 00:00 0 
401cb33000-401cb36000 r-xp 00000000 00:00 0 
401cb36000-401cb38000 rwxp 00000000 00:00 0 
401cb38000-401cb39000 r-xp 00000000 00:00 0 
401cb39000-401cb3b000 rwxp 00000000 00:00 0 
401cb3b000-401cb3e000 r-xp 00000000 00:00 0 
401cb3e000-401cb4a000 rwxp 00000000 00:00 0 
401cb4a000-401cb4b000 r-xp 00000000 00:00 0 
401cb4b000-401cb4e000 rwxp 00000000 00:00 0 
401cb4e000-401cb4f000 r-xp 00000000 00:00 0 
401cb4f000-401cb52000 rwxp 00000000 00:00 0 
401cb52000-401cb54000 r-xp 00000000 00:00 0 
401cb54000-401cb55000 rwxp 00000000 00:00 0 
401cb55000-401cb56000 r-xp 00000000 00:00 0 
401cb56000-401cb57000 rwxp 00000000 00:00 0 
401cb57000-401cb58000 r-xp 00000000 00:00 0 
401cb58000-401cb61000 rwxp 00000000 00:00 0 
401cb61000-401cb62000 r-xp 00000000 00:00 0 
401cb62000-401cb6d000 rwxp 00000000 00:00 0 
401cb6d000-401cb72000 r-xp 00000000 00:00 0 
401cb72000-401cb73000 rwxp 00000000 00:00 0 
401cb73000-401cb74000 r-xp 00000000 00:00 0 
401cb74000-401cb76000 rwxp 00000000 00:00 0 
401cb76000-401cb79000 r-xp 00000000 00:00 0 
401cb79000-401cb7a000 rwxp 00000000 00:00 0 
401cb7a000-401cb82000 r-xp 00000000 00:00 0 
401cb82000-401cb86000 rwxp 00000000 00:00 0 
401cb86000-401cb88000 r-xp 00000000 00:00 0 
401cb88000-401cb89000 rwxp 00000000 00:00 0 
401cb89000-401cb90000 r-xp 00000000 00:00 0 
401cb90000-401cb91000 rwxp 00000000 00:00 0 
401cb91000-401cb94000 r-xp 00000000 00:00 0 
401cb94000-401cb95000 rwxp 00000000 00:00 0 
401cb95000-401cb9b000 r-xp 00000000 00:00 0 
401cb9b000-401cb9c000 rwxp 00000000 00:00 0 
401cb9c000-401cba0000 r-xp 00000000 00:00 0 
401cba0000-401cba1000 rwxp 00000000 00:00 0 
401cba1000-401cba5000 r-xp 00000000 00:00 0 
401cba5000-401cba6000 rwxp 00000000 00:00 0 
401cba6000-401cba9000 r-xp 00000000 00:00 0 
401cba9000-401cbab000 rwxp 00000000 00:00 0 
401cbab000-401cbb3000 r-xp 00000000 00:00 0 
401cbb3000-401cbb4000 rwxp 00000000 00:00 0 
401cbb4000-401cbc3000 r-xp 00000000 00:00 0 
401cbc3000-401cbc7000 rwxp 00000000 00:00 0 
401cbc7000-401cbc9000 r-xp 00000000 00:00 0 
401cbc9000-401cbca000 rwxp 00000000 00:00 0 
401cbca000-401cbcc000 r-xp 00000000 00:00 0 
401cbcc000-401cbce000 rwxp 00000000 00:00 0 
401cbce000-401cbd0000 r-xp 00000000 00:00 0 
401cbd0000-401cbd3000 rwxp 00000000 00:00 0 
401cbd3000-401cbd5000 r-xp 00000000 00:00 0 
401cbd5000-401cbdd000 rwxp 00000000 00:00 0 
401cbdd000-401cbe2000 r-xp 00000000 00:00 0 
401cbe2000-401cbe3000 rwxp 00000000 00:00 0 
401cbe3000-401cbf5000 r-xp 00000000 00:00 0 
401cbf5000-401cbf6000 rwxp 00000000 00:00 0 
401cbf6000-401cbf8000 r-xp 00000000 00:00 0 
401cbf8000-401cbf9000 rwxp 00000000 00:00 0 
401cbf9000-401cbfa000 r-xp 00000000 00:00 0 
401cbfa000-401cbfc000 rwxp 00000000 00:00 0 
401cbfc000-401cc04000 r-xp 00000000 00:00 0 
401cc04000-401cc05000 rwxp 00000000 00:00 0 
401cc05000-401cc12000 r-xp 00000000 00:00 0 
401cc12000-401cc13000 rwxp 00000000 00:00 0 
401cc13000-401cc1c000 r-xp 00000000 00:00 0 
401cc1c000-401cc20000 rwxp 00000000 00:00 0 
401cc20000-401cc31000 r-xp 00000000 00:00 0 
401cc31000-401cc32000 rwxp 00000000 00:00 0 
401cc32000-401cc33000 r-xp 00000000 00:00 0 
401cc33000-401cc34000 rwxp 00000000 00:00 0 
401cc34000-401cc35000 r-xp 00000000 00:00 0 
401cc35000-401cc36000 rwxp 00000000 00:00 0 
401cc36000-401cc44000 r-xp 00000000 00:00 0 
401cc44000-401cc45000 rwxp 00000000 00:00 0 
401cc45000-401cc46000 r-xp 00000000 00:00 0 
401cc46000-401cc47000 rwxp 00000000 00:00 0 
401cc47000-401cc4c000 r-xp 00000000 00:00 0 
401cc4c000-401cc4d000 rwxp 00000000 00:00 0 
401cc4d000-401cc50000 r-xp 00000000 00:00 0 
401cc50000-401cc51000 rwxp 00000000 00:00 0 
401cc51000-401cc55000 r-xp 00000000 00:00 0 
401cc55000-401cc57000 rwxp 00000000 00:00 0 
401cc57000-401cc58000 r-xp 00000000 00:00 0 
401cc58000-401cc5a000 rwxp 00000000 00:00 0 
401cc5a000-401cc5b000 r-xp 00000000 00:00 0 
401cc5b000-401cc5c000 rwxp 00000000 00:00 0 
401cc5c000-401cc5f000 r-xp 00000000 00:00 0 
401cc5f000-401cc62000 rwxp 00000000 00:00 0 
401cc62000-401cc63000 r-xp 00000000 00:00 0 
401cc63000-401cc66000 rwxp 00000000 00:00 0 
401cc66000-401cc68000 r-xp 00000000 00:00 0 
401cc68000-401cc6b000 rwxp 00000000 00:00 0 
401cc6b000-401cc6c000 r-xp 00000000 00:00 0 
401cc6c000-401cc6f000 rwxp 00000000 00:00 0 
401cc6f000-401cc71000 r-xp 00000000 00:00 0 
401cc71000-401cc72000 rwxp 00000000 00:00 0 
401cc72000-401cc76000 r-xp 00000000 00:00 0 
401cc76000-401cc78000 rwxp 00000000 00:00 0 
401cc78000-401cc80000 r-xp 00000000 00:00 0 
401cc80000-401cc81000 rwxp 00000000 00:00 0 
401cc81000-401cc82000 r-xp 00000000 00:00 0 
401cc82000-401cc84000 rwxp 00000000 00:00 0 
401cc84000-401cc88000 r-xp 00000000 00:00 0 
401cc88000-401cc8c000 rwxp 00000000 00:00 0 
401cc8c000-401cc8d000 r-xp 00000000 00:00 0 
401cc8d000-401cc91000 rwxp 00000000 00:00 0 
401cc91000-401cc92000 r-xp 00000000 00:00 0 
401cc92000-401cc93000 rwxp 00000000 00:00 0 
401cc93000-401ccb1000 r-xp 00000000 00:00 0 
401ccb1000-401ccb2000 rwxp 00000000 00:00 0 
401ccb2000-401ccb5000 r-xp 00000000 00:00 0 
401ccb5000-401ccb6000 rwxp 00000000 00:00 0 
401ccb6000-401ccb8000 r-xp 00000000 00:00 0 
401ccb8000-401ccb9000 rwxp 00000000 00:00 0 
401ccb9000-401ccbc000 r-xp 00000000 00:00 0 
401ccbc000-401ccc5000 rwxp 00000000 00:00 0 
401ccc5000-401ccc7000 r-xp 00000000 00:00 0 
401ccc7000-401ccc8000 rwxp 00000000 00:00 0 
401ccc8000-401ccd6000 r-xp 00000000 00:00 0 
401ccd6000-401ccd7000 rwxp 00000000 00:00 0 
401ccd7000-401ccd8000 r-xp 00000000 00:00 0 
401ccd8000-401ccd9000 rwxp 00000000 00:00 0 
401ccd9000-401ccdc000 r-xp 00000000 00:00 0 
401ccdc000-401ccdd000 rwxp 00000000 00:00 0 
401ccdd000-401ccde000 r-xp 00000000 00:00 0 
401ccde000-401cce4000 rwxp 00000000 00:00 0 
401cce4000-401cce5000 r-xp 00000000 00:00 0 
401cce5000-401cce7000 rwxp 00000000 00:00 0 
401cce7000-401cce8000 r-xp 00000000 00:00 0 
401cce8000-401cce9000 rwxp 00000000 00:00 0 
401cce9000-401ccee000 r-xp 00000000 00:00 0 
401ccee000-401ccf2000 rwxp 00000000 00:00 0 
401ccf2000-401ccf3000 r-xp 00000000 00:00 0 
401ccf3000-401ccf4000 rwxp 00000000 00:00 0 
401ccf4000-401ccf5000 r-xp 00000000 00:00 0 
401ccf5000-401ccf6000 rwxp 00000000 00:00 0 
401ccf6000-401ccf8000 r-xp 00000000 00:00 0 
401ccf8000-401cd04000 rwxp 00000000 00:00 0 
401cd04000-401cd06000 r-xp 00000000 00:00 0 
401cd06000-401cd08000 rwxp 00000000 00:00 0 
401cd08000-401cd0a000 r-xp 00000000 00:00 0 
401cd0a000-401cd0d000 rwxp 00000000 00:00 0 
401cd0d000-401cd1c000 r-xp 00000000 00:00 0 
401cd1c000-401cd1f000 rwxp 00000000 00:00 0 
401cd1f000-401cd22000 r-xp 00000000 00:00 0 
401cd22000-401cd23000 rwxp 00000000 00:00 0 
401cd23000-401cd25000 r-xp 00000000 00:00 0 
401cd25000-401cd27000 rwxp 00000000 00:00 0 
401cd27000-401cd29000 r-xp 00000000 00:00 0 
401cd29000-401cd2b000 rwxp 00000000 00:00 0 
401cd2b000-401cd2d000 r-xp 00000000 00:00 0 
401cd2d000-401cd30000 rwxp 00000000 00:00 0 
401cd30000-401cd33000 r-xp 00000000 00:00 0 
401cd33000-401cd34000 rwxp 00000000 00:00 0 
401cd34000-401cd35000 r-xp 00000000 00:00 0 
401cd35000-401cd36000 rwxp 00000000 00:00 0 
401cd36000-401cd3e000 r-xp 00000000 00:00 0 
401cd3e000-401cd43000 rwxp 00000000 00:00 0 
401cd43000-401cd44000 r-xp 00000000 00:00 0 
401cd44000-401cd45000 rwxp 00000000 00:00 0 
401cd45000-401cd47000 r-xp 00000000 00:00 0 
401cd47000-401cd49000 rwxp 00000000 00:00 0 
401cd49000-401cd4b000 r-xp 00000000 00:00 0 
401cd4b000-401cd4c000 rwxp 00000000 00:00 0 
401cd4c000-401cd4d000 r-xp 00000000 00:00 0 
401cd4d000-401cd4f000 rwxp 00000000 00:00 0 
401cd4f000-401cd53000 r-xp 00000000 00:00 0 
401cd53000-401cd54000 rwxp 00000000 00:00 0 
401cd54000-401cd62000 r-xp 00000000 00:00 0 
401cd62000-401cd63000 rwxp 00000000 00:00 0 
401cd63000-401cd68000 r-xp 00000000 00:00 0 
401cd68000-401cd6b000 rwxp 00000000 00:00 0 
401cd6b000-401cd85000 r-xp 00000000 00:00 0 
401cd85000-401cd8e000 rwxp 00000000 00:00 0 
401cd8e000-401cd93000 r-xp 00000000 00:00 0 
401cd93000-401cda7000 rwxp 00000000 00:00 0 
401cda7000-4023cff000 ---p 00000000 00:00 0 
4023cff000-4023d16000 r-xp 00000000 00:00 0 
4023d16000-4023d17000 rwxp 00000000 00:00 0 
4023d17000-4023d20000 r-xp 00000000 00:00 0 
4023d20000-4023d21000 rwxp 00000000 00:00 0 
4023d21000-4023d27000 r-xp 00000000 00:00 0 
4023d27000-4023d28000 rwxp 00000000 00:00 0 
4023d28000-4023d42000 r-xp 00000000 00:00 0 
4023d42000-4023d43000 rwxp 00000000 00:00 0 
4023d43000-4023d4d000 r-xp 00000000 00:00 0 
4023d4d000-4023d4f000 rwxp 00000000 00:00 0 
4023d4f000-4023d52000 r-xp 00000000 00:00 0 
4023d52000-4023d53000 rwxp 00000000 00:00 0 
4023d53000-4023d5b000 r-xp 00000000 00:00 0 
4023d5b000-4023d5d000 rwxp 00000000 00:00 0 
4023d5d000-4023d61000 r-xp 00000000 00:00 0 
4023d61000-4023d62000 rwxp 00000000 00:00 0 
4023d62000-4023d67000 r-xp 00000000 00:00 0 
4023d67000-4023d68000 rwxp 00000000 00:00 0 
4023d68000-4023d6c000 r-xp 00000000 00:00 0 
4023d6c000-4023d6e000 rwxp 00000000 00:00 0 
4023d6e000-4023d74000 r-xp 00000000 00:00 0 
4023d74000-4023d75000 rwxp 00000000 00:00 0 
4023d75000-4023d77000 r-xp 00000000 00:00 0 
4023d77000-4023d78000 rwxp 00000000 00:00 0 
4023d78000-4023d85000 r-xp 00000000 00:00 0 
4023d85000-4023d86000 rwxp 00000000 00:00 0 
4023d86000-4023d87000 r-xp 00000000 00:00 0 
4023d87000-4023d88000 rwxp 00000000 00:00 0 
4023d88000-4023d89000 r-xp 00000000 00:00 0 
4023d89000-4023d8e000 rwxp 00000000 00:00 0 
4023d8e000-4023d91000 r-xp 00000000 00:00 0 
4023d91000-4023d92000 rwxp 00000000 00:00 0 
4023d92000-4023d98000 r-xp 00000000 00:00 0 
4023d98000-4023d99000 rwxp 00000000 00:00 0 
4023d99000-4023d9a000 r-xp 00000000 00:00 0 
4023d9a000-4023d9b000 rwxp 00000000 00:00 0 
4023d9b000-4023da0000 r-xp 00000000 00:00 0 
4023da0000-4023da1000 rwxp 00000000 00:00 0 
4023da1000-4023daa000 r-xp 00000000 00:00 0 
4023daa000-4023dab000 rwxp 00000000 00:00 0 
4023dab000-4023dae000 r-xp 00000000 00:00 0 
4023dae000-4023daf000 rwxp 00000000 00:00 0 
4023daf000-4023db0000 r-xp 00000000 00:00 0 
4023db0000-4023db1000 rwxp 00000000 00:00 0 
4023db1000-4023db2000 r-xp 00000000 00:00 0 
4023db2000-4023db3000 rwxp 00000000 00:00 0 
4023db3000-4023db4000 r-xp 00000000 00:00 0 
4023db4000-4023db5000 rwxp 00000000 00:00 0 
4023db5000-4023dd5000 r-xp 00000000 00:00 0 
4023dd5000-4023dd6000 rwxp 00000000 00:00 0 
4023dd6000-4023ddd000 r-xp 00000000 00:00 0 
4023ddd000-4023dde000 rwxp 00000000 00:00 0 
4023dde000-4023de1000 r-xp 00000000 00:00 0 
4023de1000-4023de2000 rwxp 00000000 00:00 0 
4023de2000-4023de3000 r-xp 00000000 00:00 0 
4023de3000-4023f6f000 rwxp 00000000 00:00 0 
4023f6f000-402b237000 ---p 00000000 00:00 0 
402b237000-402b23c000 rw-p 00000000 00:00 0 
402b23c000-402b243000 ---p 00000000 00:00 0 
402b243000-402b24f000 rw-p 00000000 00:00 0 
402b24f000-402b32e000 ---p 00000000 00:00 0 
402b32e000-402b333000 rw-p 00000000 00:00 0 
402b333000-402b419000 ---p 00000000 00:00 0 
402b419000-402b43b000 rw-p 00000000 00:00 0 
402b43b000-402b56e000 ---p 00000000 00:00 0 
402b56e000-402b57f000 rw-p 00000000 00:00 0 
402b57f000-402b619000 ---p 00000000 00:00 0 
402b619000-402b63c000 rw-p 00000000 00:00 0 
402b63c000-402b770000 ---p 00000000 00:00 0 
402b770000-402b771000 ---p 00000000 00:00 0 
402b771000-402b872000 rw-p 00000000 00:00 0 
402c000000-402c021000 rw-p 00000000 00:00 0 
402c021000-4030000000 ---p 00000000 00:00 0 
4033872000-4035a86000 rw-p 00000000 00:00 0 
42b5a86000-42b6286000 rw-p 00000000 00:00 0 
42b6286000-42b7271000 rw-p 00000000 00:00 0 
42b7271000-42b7272000 ---p 00000000 00:00 0 
42b7272000-42b7373000 rw-p 00000000 00:00 0 
42b8000000-42b807e000 rw-p 00000000 00:00 0 
42b807e000-42bc000000 ---p 00000000 00:00 0 
42bf373000-42bf377000 ---p 00000000 00:00 0 
42bf377000-42bf474000 rw-p 00000000 00:00 0 
42c0000000-42c0021000 rw-p 00000000 00:00 0 
42c0021000-42c4000000 ---p 00000000 00:00 0 
42c7474000-42c7478000 ---p 00000000 00:00 0 
42c7478000-42c7575000 rw-p 00000000 00:00 0 
42c8000000-42c8021000 rw-p 00000000 00:00 0 
42c8021000-42cc000000 ---p 00000000 00:00 0 
42cf575000-42cf579000 ---p 00000000 00:00 0 
42cf579000-42cf676000 rw-p 00000000 00:00 0 
42d0000000-42d0021000 rw-p 00000000 00:00 0 
42d0021000-42d4000000 ---p 00000000 00:00 0 
42d7676000-42d767a000 ---p 00000000 00:00 0 
42d767a000-42d7777000 rw-p 00000000 00:00 0 
42d8000000-42d8cda000 rw-p 00000000 00:00 0 
42d8cda000-42dc000000 ---p 00000000 00:00 0 
42df777000-42df77b000 ---p 00000000 00:00 0 
42df77b000-42df878000 rw-p 00000000 00:00 0 
42e0000000-42e0629000 rw-p 00000000 00:00 0 
42e0629000-42e4000000 ---p 00000000 00:00 0 
42e7878000-42e787c000 ---p 00000000 00:00 0 
42e787c000-42e7979000 rw-p 00000000 00:00 0 
42e8000000-42e8021000 rw-p 00000000 00:00 0 
42e8021000-42ec000000 ---p 00000000 00:00 0 
42ef979000-42ef97d000 ---p 00000000 00:00 0 
42ef97d000-42efa7a000 rw-p 00000000 00:00 0 
42f0000000-42f0021000 rw-p 00000000 00:00 0 
42f0021000-42f4000000 ---p 00000000 00:00 0 
42f7a7a000-42f7a7e000 ---p 00000000 00:00 0 
42f7a7e000-42f7b7b000 rw-p 00000000 00:00 0 
42f8000000-42f8021000 rw-p 00000000 00:00 0 
42f8021000-42fc000000 ---p 00000000 00:00 0 
42ffb7b000-42ffb7c000 ---p 00000000 00:00 0 
42ffb7c000-42ffc7d000 rw-p 00000000 00:00 0 
4300000000-4300021000 rw-p 00000000 00:00 0 
4300021000-4304000000 ---p 00000000 00:00 0 
4307c7d000-4307c84000 r--p 00000000 fe:01 142358                         /usr/lib/jvm/java-11-openjdk-amd64/lib/libnio.so
4307c84000-4307c8b000 r-xp 00007000 fe:01 142358                         /usr/lib/jvm/java-11-openjdk-amd64/lib/libnio.so
4307c8b000-4307c8e000 r--p 0000e000 fe:01 142358                         /usr/lib/jvm/java-11-openjdk-amd64/lib/libnio.so
4307c8e000-4307c8f000 r--p 00010000 fe:01 142358                         /usr/lib/jvm/java-11-openjdk-amd64/lib/libnio.so
4307c8f000-4307c90000 rw-p 00011000 fe:01 142358                         /usr/lib/jvm/java-11-openjdk-amd64/lib/libnio.so
4307c90000-4307c94000 r--p 00000000 fe:01 142357                         /usr/lib/jvm/java-11-openjdk-amd64/lib/libnet.so
4307c94000-4307ca3000 r-xp 00004000 fe:01 142357                         /usr/lib/jvm/java-11-openjdk-amd64/lib/libnet.so
4307ca3000-4307ca7000 r--p 00013000 fe:01 142357                         /usr/lib/jvm/java-11-openjdk-amd64/lib/libnet.so
4307ca7000-4307ca8000 r--p 00016000 fe:01 142357                         /usr/lib/jvm/java-11-openjdk-amd64/lib/libnet.so
4307ca8000-4307ca9000 rw-p 00017000 fe:01 142357                         /usr/lib/jvm/java-11-openjdk-amd64/lib/libnet.so
4307dfb000-4307dff000 ---p 00000000 00:00 0 
4307dff000-4307e1d000 rw-p 00000000 00:00 0 
4308000000-4308021000 rw-p 00000000 00:00 0 
4308021000-430c000000 ---p 00000000 00:00 0 
4310567000-431056b000 ---p 00000000 00:00 0 
431056b000-4310668000 rw-p 00000000 00:00 0 
4314000000-4314021000 rw-p 00000000 00:00 0 
4314021000-4318000000 ---p 00000000 00:00 0 
4318668000-431866c000 ---p 00000000 00:00 0 
431866c000-4318769000 rw-p 00000000 00:00 0 
431c000000-431c021000 rw-p 00000000 00:00 0 
431c021000-4320000000 ---p 00000000 00:00 0 
4320769000-432076d000 ---p 00000000 00:00 0 
432076d000-432086a000 rw-p 00000000 00:00 0 
4324000000-4324021000 rw-p 00000000 00:00 0 
4324021000-4328000000 ---p 00000000 00:00 0 
432886a000-432886e000 ---p 00000000 00:00 0 
432886e000-432896b000 rw-p 00000000 00:00 0 
432c000000-432c021000 rw-p 00000000 00:00 0 
432c021000-4330000000 ---p 00000000 00:00 0 
433096b000-433096f000 ---p 00000000 00:00 0 
433096f000-4330a6c000 rw-p 00000000 00:00 0 
4334000000-4334021000 rw-p 00000000 00:00 0 
4334021000-4338000000 ---p 00000000 00:00 0 
4338a6c000-4338a6d000 ---p 00000000 00:00 0 
4338a6d000-4338b6e000 rw-p 00000000 00:00 0 
433c000000-433c021000 rw-p 00000000 00:00 0 
433c021000-4340000000 ---p 00000000 00:00 0 
4340b6e000-4340b6f000 ---p 00000000 00:00 0 
4340b6f000-4340c70000 rw-p 00000000 00:00 0 
4344000000-4344021000 rw-p 00000000 00:00 0 
4344021000-4348000000 ---p 00000000 00:00 0 
4348c70000-4348c71000 ---p 00000000 00:00 0 
4348c71000-4348d72000 rw-p 00000000 00:00 0 
434c000000-434c021000 rw-p 00000000 00:00 0 
434c021000-4350000000 ---p 00000000 00:00 0 
4350d72000-4350d76000 ---p 00000000 00:00 0 
4350d76000-4350e73000 rw-p 00000000 00:00 0 
4354000000-4354021000 rw-p 00000000 00:00 0 
4354021000-4358000000 ---p 00000000 00:00 0 
4358e73000-4358e77000 ---p 00000000 00:00 0 
4358e77000-4358f74000 rw-p 00000000 00:00 0 
435c000000-435c49d000 rw-p 00000000 00:00 0 
435c49d000-4360000000 ---p 00000000 00:00 0 
4360f74000-4360f78000 ---p 00000000 00:00 0 
4360f78000-4361075000 rw-p 00000000 00:00 0 
4364000000-4364021000 rw-p 00000000 00:00 0 
4364021000-4368000000 ---p 00000000 00:00 0 
4369075000-4369085000 r-xp 00000000 fe:01 923053                         /root/.vscode-server/data/User/globalStorage/redhat.java/0.79.1/config_ss_linux/org.eclipse.equinox.launcher/org.eclipse.equinox.launcher.gtk.linux.x86_64_1.2.200.v20210406-1409/eclipse_11401.so
4369085000-4369284000 ---p 00010000 fe:01 923053                         /root/.vscode-server/data/User/globalStorage/redhat.java/0.79.1/config_ss_linux/org.eclipse.equinox.launcher/org.eclipse.equinox.launcher.gtk.linux.x86_64_1.2.200.v20210406-1409/eclipse_11401.so
4369284000-4369285000 r--p 0000f000 fe:01 923053                         /root/.vscode-server/data/User/globalStorage/redhat.java/0.79.1/config_ss_linux/org.eclipse.equinox.launcher/org.eclipse.equinox.launcher.gtk.linux.x86_64_1.2.200.v20210406-1409/eclipse_11401.so
4369285000-4369286000 rw-p 00010000 fe:01 923053                         /root/.vscode-server/data/User/globalStorage/redhat.java/0.79.1/config_ss_linux/org.eclipse.equinox.launcher/org.eclipse.equinox.launcher.gtk.linux.x86_64_1.2.200.v20210406-1409/eclipse_11401.so
4369286000-436928a000 ---p 00000000 00:00 0 
436928a000-4369387000 rw-p 00000000 00:00 0 
436c000000-436c021000 rw-p 00000000 00:00 0 
436c021000-4370000000 ---p 00000000 00:00 0 
4371387000-4371587000 rw-p 00000000 00:00 0 
4371587000-437158b000 ---p 00000000 00:00 0 
437158b000-4371688000 rw-p 00000000 00:00 0 
4374000000-4374021000 rw-p 00000000 00:00 0 
4374021000-4378000000 ---p 00000000 00:00 0 
4379688000-4379888000 rw-p 00000000 00:00 0 
4379888000-437988c000 ---p 00000000 00:00 0 
437988c000-4379989000 rw-p 00000000 00:00 0 
437c000000-437c021000 rw-p 00000000 00:00 0 
437c021000-4380000000 ---p 00000000 00:00 0 
4381989000-4381b89000 rw-p 00000000 00:00 0 
4381b89000-4381b8d000 ---p 00000000 00:00 0 
4381b8d000-4381c8a000 rw-p 00000000 00:00 0 
4384000000-4384021000 rw-p 00000000 00:00 0 
4384021000-4388000000 ---p 00000000 00:00 0 
4389c8a000-4389c8e000 ---p 00000000 00:00 0 
4389c8e000-4389d8b000 rw-p 00000000 00:00 0 
438c000000-438c063000 rw-p 00000000 00:00 0 
438c063000-4390000000 ---p 00000000 00:00 0 
4391d8b000-4391f8b000 rw-p 00000000 00:00 0 
4391f8b000-4391f8f000 ---p 00000000 00:00 0 
4391f8f000-439208c000 rw-p 00000000 00:00 0 
4394000000-4394021000 rw-p 00000000 00:00 0 
4394021000-4398000000 ---p 00000000 00:00 0 
439a08c000-439a090000 ---p 00000000 00:00 0 
439a090000-439a18d000 rw-p 00000000 00:00 0 
439c000000-439c021000 rw-p 00000000 00:00 0 
439c021000-43a0000000 ---p 00000000 00:00 0 
43a218d000-43a258d000 rw-p 00000000 00:00 0 
43a258d000-43a2591000 ---p 00000000 00:00 0 
43a2591000-43a278e000 rw-p 00000000 00:00 0 
43a278e000-43a288e000 ---p 00000000 00:00 0 
43a288e000-43aaff5000 r--s 00000000 fe:01 142368                         /usr/lib/jvm/java-11-openjdk-amd64/lib/modules
ffff24000000-ffff2416a000 rw-p 00000000 00:00 0 
ffff2416a000-ffff28000000 ---p 00000000 00:00 0 
ffff28000000-ffff28083000 rw-p 00000000 00:00 0 
ffff28083000-ffff2c000000 ---p 00000000 00:00 0 
ffff2c000000-ffff2c082000 rw-p 00000000 00:00 0 
ffff2c082000-ffff30000000 ---p 00000000 00:00 0 
ffff30000000-ffff300a6000 rw-p 00000000 00:00 0 
ffff300a6000-ffff34000000 ---p 00000000 00:00 0 
ffff34000000-ffff34081000 rw-p 00000000 00:00 0 
ffff34081000-ffff38000000 ---p 00000000 00:00 0 
ffff38000000-ffff38082000 rw-p 00000000 00:00 0 
ffff38082000-ffff3c000000 ---p 00000000 00:00 0 
ffff3c000000-ffff3c95f000 rw-p 00000000 00:00 0 
ffff3c95f000-ffff40000000 ---p 00000000 00:00 0 
ffff40000000-ffff4020f000 rw-p 00000000 00:00 0 
ffff4020f000-ffff44000000 ---p 00000000 00:00 0 
ffff44000000-ffff44086000 rw-p 00000000 00:00 0 
ffff44086000-ffff48000000 ---p 00000000 00:00 0 
ffff48000000-ffff48089000 rw-p 00000000 00:00 0 
ffff48089000-ffff4c000000 ---p 00000000 00:00 0 
ffff4c000000-ffff4c09a000 rw-p 00000000 00:00 0 
ffff4c09a000-ffff50000000 ---p 00000000 00:00 0 
ffff50000000-ffff5008f000 rw-p 00000000 00:00 0 
ffff5008f000-ffff54000000 ---p 00000000 00:00 0 
ffff54000000-ffff540b0000 rw-p 00000000 00:00 0 
ffff540b0000-ffff58000000 ---p 00000000 00:00 0 
ffff58000000-ffff58087000 rw-p 00000000 00:00 0 
ffff58087000-ffff5c000000 ---p 00000000 00:00 0 
ffff5c000000-ffff5c09f000 rw-p 00000000 00:00 0 
ffff5c09f000-ffff60000000 ---p 00000000 00:00 0 
ffff60000000-ffff600d8000 rw-p 00000000 00:00 0 
ffff600d8000-ffff64000000 ---p 00000000 00:00 0 
ffff64000000-ffff64085000 rw-p 00000000 00:00 0 
ffff64085000-ffff68000000 ---p 00000000 00:00 0 
ffff68000000-ffff680c2000 rw-p 00000000 00:00 0 
ffff680c2000-ffff6c000000 ---p 00000000 00:00 0 
ffff6c000000-ffff6c083000 rw-p 00000000 00:00 0 
ffff6c083000-ffff70000000 ---p 00000000 00:00 0 
ffff70000000-ffff70087000 rw-p 00000000 00:00 0 
ffff70087000-ffff74000000 ---p 00000000 00:00 0 
ffff74000000-ffff74092000 rw-p 00000000 00:00 0 
ffff74092000-ffff78000000 ---p 00000000 00:00 0 
ffff78000000-ffff78085000 rw-p 00000000 00:00 0 
ffff78085000-ffff7c000000 ---p 00000000 00:00 0 
ffff7c000000-ffff7c68e000 rw-p 00000000 00:00 0 
ffff7c68e000-ffff80000000 ---p 00000000 00:00 0 
ffff80000000-ffff8020c000 rw-p 00000000 00:00 0 
ffff8020c000-ffff84000000 ---p 00000000 00:00 0 
ffff84000000-ffff8408a000 rw-p 00000000 00:00 0 
ffff8408a000-ffff88000000 ---p 00000000 00:00 0 
ffff88000000-ffff88083000 rw-p 00000000 00:00 0 
ffff88083000-ffff8c000000 ---p 00000000 00:00 0 
ffff8c000000-ffff8c120000 rw-p 00000000 00:00 0 
ffff8c120000-ffff90000000 ---p 00000000 00:00 0 
ffff90000000-ffff90085000 rw-p 00000000 00:00 0 
ffff90085000-ffff94000000 ---p 00000000 00:00 0 
ffff94000000-ffff97cdf000 rw-p 00000000 00:00 0 
ffff97cdf000-ffff98000000 ---p 00000000 00:00 0 
ffff98000000-ffff9808c000 rw-p 00000000 00:00 0 
ffff9808c000-ffff9c000000 ---p 00000000 00:00 0 
ffff9c000000-ffffa3fff000 rwxp 00000000 00:00 0 
ffffa3fff000-ffffa4000000 ---p 00000000 00:00 0 
ffffa4000000-ffffa4021000 rw-p 00000000 00:00 0 
ffffa4021000-ffffa8000000 ---p 00000000 00:00 0 
ffffa8b0a000-ffffa8b0b000 ---p 00000000 00:00 0 
ffffa8b0b000-ffffa8b4b000 rw-p 00000000 00:00 0 
ffffa8b4b000-ffffa8b4c000 ---p 00000000 00:00 0 
ffffa8b4c000-ffffa8b8c000 rw-p 00000000 00:00 0 
ffffa8b8c000-ffffa8b8d000 ---p 00000000 00:00 0 
ffffa8b8d000-ffffa8bcd000 rw-p 00000000 00:00 0 
ffffa8bcd000-ffffa8bce000 ---p 00000000 00:00 0 
ffffa8bce000-ffffa8c0e000 rw-p 00000000 00:00 0 
ffffa8c0e000-ffffa8c0f000 ---p 00000000 00:00 0 
ffffa8c0f000-ffffa8c4f000 rw-p 00000000 00:00 0 
ffffa8c4f000-ffffa8c50000 ---p 00000000 00:00 0 
ffffa8c50000-ffffa8c90000 rw-p 00000000 00:00 0 
ffffa8c90000-ffffa8c91000 ---p 00000000 00:00 0 
ffffa8c91000-ffffa8cd1000 rw-p 00000000 00:00 0 
ffffa8f86000-ffffa8f87000 ---p 00000000 00:00 0 
ffffa8f87000-ffffa8fc7000 rw-p 00000000 00:00 0 
ffffa8fc7000-ffffa8fc8000 ---p 00000000 00:00 0 
ffffa8fc8000-ffffa9008000 rw-p 00000000 00:00 0 
ffffa9008000-ffffa9009000 ---p 00000000 00:00 0 
ffffa9009000-ffffa9049000 rw-p 00000000 00:00 0 
ffffa9049000-ffffa904a000 ---p 00000000 00:00 0 
ffffa904a000-ffffa908a000 rw-p 00000000 00:00 0 
ffffa908a000-ffffa908b000 ---p 00000000 00:00 0 
ffffa908b000-ffffa90cb000 rw-p 00000000 00:00 0 
ffffa90cb000-ffffa90cc000 ---p 00000000 00:00 0 
ffffa90cc000-ffffa910c000 rw-p 00000000 00:00 0 
ffffa910c000-ffffa910d000 ---p 00000000 00:00 0 
ffffa910d000-ffffa914d000 rw-p 00000000 00:00 0 
ffffa914d000-ffffa914e000 ---p 00000000 00:00 0 
ffffa914e000-ffffa918e000 rw-p 00000000 00:00 0 
ffffa918e000-ffffa918f000 ---p 00000000 00:00 0 
ffffa918f000-ffffa91cf000 rw-p 00000000 00:00 0 
ffffa91cf000-ffffa91d0000 ---p 00000000 00:00 0 
ffffa91d0000-ffffa9210000 rw-p 00000000 00:00 0 
ffffa9210000-ffffa9211000 ---p 00000000 00:00 0 
ffffa9211000-ffffa9251000 rw-p 00000000 00:00 0 
ffffa9251000-ffffa9252000 ---p 00000000 00:00 0 
ffffa9252000-ffffa9292000 rw-p 00000000 00:00 0 
ffffa9292000-ffffa9293000 ---p 00000000 00:00 0 
ffffa9293000-ffffa92d3000 rw-p 00000000 00:00 0 
ffffa92d3000-ffffa92d4000 ---p 00000000 00:00 0 
ffffa92d4000-ffffa9314000 rw-p 00000000 00:00 0 
ffffa9314000-ffffa9315000 ---p 00000000 00:00 0 
ffffa9315000-ffffa9355000 rw-p 00000000 00:00 0 
ffffa9355000-ffffa9356000 ---p 00000000 00:00 0 
ffffa9356000-ffffa9396000 rw-p 00000000 00:00 0 
ffffa9396000-ffffa9397000 ---p 00000000 00:00 0 
ffffa9397000-ffffa93d7000 rw-p 00000000 00:00 0 
ffffa93d7000-ffffa93d8000 ---p 00000000 00:00 0 
ffffa93d8000-ffffa9418000 rw-p 00000000 00:00 0 
ffffa9418000-ffffa9419000 ---p 00000000 00:00 0 
ffffa9419000-ffffa9459000 rw-p 00000000 00:00 0 
ffffa9497000-ffffa9498000 ---p 00000000 00:00 0 
ffffa9498000-ffffa94d8000 rw-p 00000000 00:00 0 
ffffa94d8000-ffffa94d9000 ---p 00000000 00:00 0 
ffffa94d9000-ffffa9519000 rw-p 00000000 00:00 0 
ffffa9519000-ffffa951a000 ---p 00000000 00:00 0 
ffffa951a000-ffffa955a000 rw-p 00000000 00:00 0 
ffffa955a000-ffffa955b000 ---p 00000000 00:00 0 
ffffa955b000-ffffa959b000 rw-p 00000000 00:00 0 
ffffa959b000-ffffa959c000 ---p 00000000 00:00 0 
ffffa959c000-ffffa95dc000 rw-p 00000000 00:00 0 
ffffa961c000-ffffa961d000 ---p 00000000 00:00 0 
ffffa961d000-ffffa965d000 rw-p 00000000 00:00 0 
ffffa965d000-ffffa965e000 ---p 00000000 00:00 0 
ffffa965e000-ffffa9e5e000 rw-p 00000000 00:00 0 
ffffa9e5e000-ffffa9e60000 r--p 00000000 00:00 0                          [vvar]
ffffa9e60000-ffffa9e61000 r-xp 00000000 00:00 0                          [vdso]
ffffc9c67000-ffffc9c88000 rw-p 00000000 00:00 0                          [stack]


VM Arguments:
jvm_args: --add-modules=ALL-SYSTEM --add-opens=java.base/java.util=ALL-UNNAMED --add-opens=java.base/java.lang=ALL-UNNAMED -Declipse.application=org.eclipse.jdt.ls.core.id1 -Dosgi.bundles.defaultStartLevel=4 -Declipse.product=org.eclipse.jdt.ls.core.product -Dfile.encoding=utf8 -XX:+UseParallelGC -XX:GCTimeRatio=4 -XX:AdaptiveSizePolicyWeight=90 -Dsun.zip.disableMemoryMapping=true -Xmx1G -Xms100m -Xverify:none 
java_command: /root/.vscode-server/extensions/redhat.java-0.79.1/server/plugins/org.eclipse.equinox.launcher_1.6.100.v20201223-0822.jar -configuration /root/.vscode-server/data/User/globalStorage/redhat.java/0.79.1/config_ss_linux -data /root/.vscode-server/data/User/workspaceStorage/2a5849cc1b0c55b0d055dcd7c96ef937/redhat.java/ss_ws
java_class_path (initial): /root/.vscode-server/extensions/redhat.java-0.79.1/server/plugins/org.eclipse.equinox.launcher_1.6.100.v20201223-0822.jar
Launcher Type: SUN_STANDARD

[Global flags]
    uintx AdaptiveSizePolicyWeight                 = 90                                        {product} {command line}
     bool BytecodeVerificationLocal                = false                                     {product} {command line}
     bool BytecodeVerificationRemote               = false                                     {product} {command line}
     intx CICompilerCount                          = 3                                         {product} {ergonomic}
    uintx GCTimeRatio                              = 4                                         {product} {command line}
   size_t InitialHeapSize                          = 104857600                                 {product} {command line}
   size_t MaxHeapSize                              = 1073741824                                {product} {command line}
   size_t MaxNewSize                               = 357564416                                 {product} {ergonomic}
   size_t MinHeapDeltaBytes                        = 524288                                    {product} {ergonomic}
   size_t NewSize                                  = 34603008                                  {product} {ergonomic}
    uintx NonNMethodCodeHeapSize                   = 5830732                                {pd product} {ergonomic}
    uintx NonProfiledCodeHeapSize                  = 122913754                              {pd product} {ergonomic}
   size_t OldSize                                  = 70254592                                  {product} {ergonomic}
    uintx ProfiledCodeHeapSize                     = 122913754                              {pd product} {ergonomic}
    uintx ReservedCodeCacheSize                    = 251658240                              {pd product} {ergonomic}
     bool SegmentedCodeCache                       = true                                      {product} {ergonomic}
     bool UseCompressedClassPointers               = true                                 {lp64_product} {ergonomic}
     bool UseCompressedOops                        = true                                 {lp64_product} {ergonomic}
     bool UseParallelGC                            = true                                      {product} {command line}

Logging:
Log output configuration:
 #0: stdout all=warning uptime,level,tags
 #1: stderr all=off uptime,level,tags

Environment Variables:
PATH=/root/.vscode-server/bin/cfa2e218100323074ac1948c885448fdf4de2a7f/bin:/usr/local/sbin:/usr/local/bin:/usr/sbin:/usr/bin:/sbin:/bin
SHELL=/bin/bash

Signal Handlers:
SIGSEGV: [libjvm.so+0xe170c0], sa_mask[0]=11111111111111111111111111111110, sa_flags=SA_RESTART|SA_SIGINFO
SIGBUS: [libjvm.so+0xe170c0], sa_mask[0]=11111111111111111111111111111110, sa_flags=SA_RESTART|SA_SIGINFO
SIGFPE: [libjvm.so+0xe170c0], sa_mask[0]=11111111111111111111111111111110, sa_flags=SA_RESTART|SA_SIGINFO
SIGPIPE: [libjvm.so+0xb6c750], sa_mask[0]=11111111111111111111111111111110, sa_flags=SA_RESTART|SA_SIGINFO
SIGXFSZ: [libjvm.so+0xb6c750], sa_mask[0]=11111111111111111111111111111110, sa_flags=SA_RESTART|SA_SIGINFO
SIGILL: [libjvm.so+0xe170c0], sa_mask[0]=11111111111111111111111111111110, sa_flags=SA_RESTART|SA_SIGINFO
SIGUSR2: [libjvm.so+0xb6c5e0], sa_mask[0]=00000000000000000000000000000000, sa_flags=SA_RESTART|SA_SIGINFO
SIGHUP: [libjvm.so+0xb6ca90], sa_mask[0]=11111111111111111111111111111110, sa_flags=SA_RESTART|SA_SIGINFO
SIGINT: [libjvm.so+0xb6ca90], sa_mask[0]=11111111111111111111111111111110, sa_flags=SA_RESTART|SA_SIGINFO
SIGTERM: [libjvm.so+0xb6ca90], sa_mask[0]=11111111111111111111111111111110, sa_flags=SA_RESTART|SA_SIGINFO
SIGQUIT: [libjvm.so+0xb6ca90], sa_mask[0]=11111111111111111111111111111110, sa_flags=SA_RESTART|SA_SIGINFO


---------------  S Y S T E M  ---------------

OS:PRETTY_NAME="Debian GNU/Linux 10 (buster)"
NAME="Debian GNU/Linux"
VERSION_ID="10"
VERSION="10 (buster)"
VERSION_CODENAME=buster
ID=debian
HOME_URL="https://www.debian.org/"
SUPPORT_URL="https://www.debian.org/support"
BUG_REPORT_URL="https://bugs.debian.org/"
uname:Linux 5.10.25-linuxkit #1 SMP PREEMPT Tue Mar 23 09:24:45 UTC 2021 x86_64
OS uptime: 0 days 8:43 hours
libc:glibc 2.28 NPTL 2.28 
rlimit (soft/hard): STACK 8192k/infinity , CORE 0k/infinity , NPROC infinity/infinity , NOFILE 1048576/1048576 , AS infinity/infinity , CPU infinity/infinity , DATA infinity/infinity , FSIZE infinity/infinity , MEMLOCK 64k/64k
load average:1.51 0.38 0.13

/proc/meminfo:
MemTotal:        2036732 kB
MemFree:           34860 kB
MemAvailable:     102304 kB
Buffers:            2992 kB
Cached:           253876 kB
SwapCached:        22428 kB
Active:           242016 kB
Inactive:        1634424 kB
Active(anon):     185524 kB
Inactive(anon):  1576756 kB
Active(file):      56492 kB
Inactive(file):    57668 kB
Unevictable:           0 kB
Mlocked:               0 kB
SwapTotal:       1048572 kB
SwapFree:         556784 kB
Dirty:                32 kB
Writeback:             0 kB
AnonPages:       1600808 kB
Mapped:           101112 kB
Shmem:            143440 kB
KReclaimable:      30472 kB
Slab:              71448 kB
SReclaimable:      30472 kB
SUnreclaim:        40976 kB
KernelStack:       10112 kB
PageTables:        15128 kB
NFS_Unstable:          0 kB
Bounce:                0 kB
WritebackTmp:          0 kB
CommitLimit:     2066936 kB
Committed_AS:    7364048 kB
VmallocTotal:   135290159040 kB
VmallocUsed:       11148 kB
VmallocChunk:          0 kB
Percpu:             1792 kB
AnonHugePages:    477184 kB
ShmemHugePages:        0 kB
ShmemPmdMapped:        0 kB
FileHugePages:         0 kB
FilePmdMapped:         0 kB
HugePages_Total:       0
HugePages_Free:        0
HugePages_Rsvd:        0
HugePages_Surp:        0
Hugepagesize:       2048 kB
Hugetlb:               0 kB

/sys/kernel/mm/transparent_hugepage/enabled:
always [madvise] never
/sys/kernel/mm/transparent_hugepage/defrag (defrag/compaction efforts parameter):
always defer defer+madvise [madvise] never

/proc/sys/kernel/threads-max (system-wide limit on the number of threads):
14888
/proc/sys/vm/max_map_count (maximum number of memory map areas a process may have):
262144
/proc/sys/kernel/pid_max (system-wide limit on number of process identifiers):
99999

container (cgroup) information:
container_type: cgroupv1
cpu_cpuset_cpus: 0-3
cpu_memory_nodes: 0
active_processor_count: 4
cpu_quota: -1
cpu_period: 100000
cpu_shares: -1
memory_limit_in_bytes: -1
memory_and_swap_limit_in_bytes: -1
memory_soft_limit_in_bytes: -1
memory_usage_in_bytes: 1517527040
memory_max_usage_in_bytes: 1521913856

Steal ticks since vm start: 0
Steal ticks percentage since vm start:  0.000

CPU:total 4 (initial active 4) (1 cores per cpu, 1 threads per core) family 6 model 6 stepping 3, cmov, cx8, fxsr, mmx, sse, sse2, sse3, tsc

/proc/cpuinfo:
processor	: 0
BogoMIPS	: 48.00
Features	: fp asimd evtstrm aes pmull sha1 sha2 crc32 fphp asimdhp cpuid dit
CPU implementer	: 0x41
CPU architecture: 8
CPU variant	: 0x1
CPU part	: 0xd07
CPU revision	: 0

processor	: 1
BogoMIPS	: 48.00
Features	: fp asimd evtstrm aes pmull sha1 sha2 crc32 fphp asimdhp cpuid dit
CPU implementer	: 0x41
CPU architecture: 8
CPU variant	: 0x1
CPU part	: 0xd07
CPU revision	: 0

processor	: 2
BogoMIPS	: 48.00
Features	: fp asimd evtstrm aes pmull sha1 sha2 crc32 fphp asimdhp cpuid dit
CPU implementer	: 0x41
CPU architecture: 8
CPU variant	: 0x1
CPU part	: 0xd07
CPU revision	: 0

processor	: 3
BogoMIPS	: 48.00
Features	: fp asimd evtstrm aes pmull sha1 sha2 crc32 fphp asimdhp cpuid dit
CPU implementer	: 0x41
CPU architecture: 8
CPU variant	: 0x1
CPU part	: 0xd07
CPU revision	: 0

Online cpus:
0-3
Offline cpus:

BIOS frequency limitation:
<Not Available>
Frequency switch latency (ns):
<Not Available>
Available cpu frequencies:
<Not Available>
Current governor:
<Not Available>
Core performance/turbo boost:
<Not Available>

Memory: 4k page, physical 2036732k(35144k free), swap 1048572k(554480k free)

vm_info: OpenJDK 64-Bit Server VM (11.0.9.1+1-post-Debian-1deb10u2) for linux-amd64 JRE (11.0.9.1+1-post-Debian-1deb10u2), built on Nov 28 2020 17:42:37 by "unknown" with gcc 8.3.0

END.
