#
# There is insufficient memory for the Java Runtime Environment to continue.
# Native memory allocation (mmap) failed to map 123207680 bytes for committing reserved memory.
# Possible reasons:
#   The system is out of physical RAM or swap space
#   The process is running with CompressedOops enabled, and the Java Heap may be blocking the growth of the native heap
# Possible solutions:
#   Reduce memory load on the system
#   Increase physical memory or swap space
#   Check if swap backing store is full
#   Decrease Java heap size (-Xmx/-Xms)
#   Decrease number of Java threads
#   Decrease Java thread stack sizes (-Xss)
#   Set larger code cache with -XX:ReservedCodeCacheSize=
#   JVM is running with Unscaled Compressed Oops mode in which the Java heap is
#     placed in the first 4GB address space. The Java Heap base address is the
#     maximum limit for the native heap growth. Please use -XX:HeapBaseMinAddress
#     to set the Java Heap base and to place the Java Heap above 4GB virtual address.
# This output file may be truncated or incomplete.
#
#  Out of Memory Error (os_linux.cpp:2985), pid=304, tid=311
#
# JRE version: OpenJDK Runtime Environment (11.0.11+9) (build 11.0.11+9-post-Debian-1deb10u1)
# Java VM: OpenJDK 64-Bit Server VM (11.0.11+9-post-Debian-1deb10u1, mixed mode, sharing, tiered, compressed oops, parallel gc, linux-amd64)
# No core dump will be written. Core dumps have been disabled. To enable core dumping, try "ulimit -c unlimited" before starting Java again
#

---------------  S U M M A R Y ------------

Command Line: --add-modules=ALL-SYSTEM --add-opens=java.base/java.util=ALL-UNNAMED --add-opens=java.base/java.lang=ALL-UNNAMED -Declipse.application=org.eclipse.jdt.ls.core.id1 -Dosgi.bundles.defaultStartLevel=4 -Declipse.product=org.eclipse.jdt.ls.core.product -Dfile.encoding=utf8 -XX:+UseParallelGC -XX:GCTimeRatio=4 -XX:AdaptiveSizePolicyWeight=90 -Dsun.zip.disableMemoryMapping=true -Xmx1G -Xms100m -Xverify:none /root/.vscode-server/extensions/redhat.java-0.79.1/server/plugins/org.eclipse.equinox.launcher_1.6.100.v20201223-0822.jar -configuration /root/.vscode-server/data/User/globalStorage/redhat.java/0.79.1/config_linux -data /root/.vscode-server/data/User/workspaceStorage/9f56e1c680d30252f0c9577e8989113d/redhat.java/jdt_ws

Host: AMD Ryzen 5 2600 Six-Core Processor, 12 cores, 1G, Debian GNU/Linux 10 (buster)
Time: Sat May 15 17:16:43 2021 UTC elapsed time: 12.193564 seconds (0d 0h 0m 12s)

---------------  T H R E A D  ---------------

Current thread (0x00007f022421c800):  VMThread "VM Thread" [stack: 0x00007f02043e5000,0x00007f02044e5000] [id=311]

Stack: [0x00007f02043e5000,0x00007f02044e5000],  sp=0x00007f02044e2d30,  free space=1015k
Native frames: (J=compiled Java code, A=aot compiled Java code, j=interpreted, Vv=VM code, C=native code)
V  [libjvm.so+0xe211aa]
V  [libjvm.so+0xe21e6b]
V  [libjvm.so+0x64c105]
V  [libjvm.so+0xb7ae2a]
V  [libjvm.so+0xb7117f]
V  [libjvm.so+0xc0670e]
V  [libjvm.so+0xbf073c]
V  [libjvm.so+0xbf0970]
V  [libjvm.so+0xbf103e]
V  [libjvm.so+0xbfce9b]
V  [libjvm.so+0xc04f45]
V  [libjvm.so+0xba3c99]
V  [libjvm.so+0xe24485]
V  [libjvm.so+0xe23978]
V  [libjvm.so+0xe29867]
V  [libjvm.so+0xe29ef8]
V  [libjvm.so+0xe2a203]
V  [libjvm.so+0xdbb489]
V  [libjvm.so+0xb7f84e]

VM_Operation (0x00007f01f55c6df0): ParallelGCFailedAllocation, mode: safepoint, requested by thread 0x00007f01a8476800


---------------  P R O C E S S  ---------------

Threads class SMR info:
_java_thread_list=0x00007f00f003cee0, length=56, elements={
0x00007f0224016000, 0x00007f022421f800, 0x00007f0224221800, 0x00007f022422b000,
0x00007f022422d000, 0x00007f022422f800, 0x00007f0224231800, 0x00007f0224233800,
0x00007f0224284800, 0x00007f02243ba000, 0x00007f0224521800, 0x00007f01cc001800,
0x00007f0224524000, 0x00007f0224526000, 0x00007f0224528000, 0x00007f0224529800,
0x00007f0224537000, 0x00007f0224556800, 0x00007f0224562800, 0x00007f022456f800,
0x00007f019c00b800, 0x00007f019c00c800, 0x00007f019c00e800, 0x00007f01a0001000,
0x00007f019c011000, 0x00007f0194001000, 0x00007f01a8014800, 0x00007f01a82b8800,
0x00007f01a830c800, 0x00007f016c001800, 0x00007f01a8476800, 0x00007f01a8516000,
0x00007f01a86cb800, 0x00007f02246b8800, 0x00007f02246e2000, 0x00007f0170002000,
0x00007f014412f000, 0x00007f016c009800, 0x00007f0138001000, 0x00007f0130001000,
0x00007f014425e000, 0x00007f014425f800, 0x00007f0144261800, 0x00007f01300a6000,
0x00007f0144264000, 0x00007f011800c000, 0x00007f014800f000, 0x00007f011c015800,
0x00007f011811f800, 0x00007f010800b000, 0x00007f017c01e800, 0x00007f017c027000,
0x00007f017c097800, 0x00007f00e8008800, 0x00007f00e8018800, 0x00007f00f003c000
}

Java Threads: ( => current thread )
  0x00007f0224016000 JavaThread "main" [_thread_blocked, id=305, stack(0x00007f0229096000,0x00007f0229197000)]
  0x00007f022421f800 JavaThread "Reference Handler" daemon [_thread_blocked, id=313, stack(0x00007f02042e2000,0x00007f02043e3000)]
  0x00007f0224221800 JavaThread "Finalizer" daemon [_thread_blocked, id=314, stack(0x00007f02041e1000,0x00007f02042e2000)]
  0x00007f022422b000 JavaThread "Signal Dispatcher" daemon [_thread_blocked, id=317, stack(0x00007f02040e0000,0x00007f02041e1000)]
  0x00007f022422d000 JavaThread "Service Thread" daemon [_thread_blocked, id=319, stack(0x00007f01f7eff000,0x00007f01f8000000)]
  0x00007f022422f800 JavaThread "C2 CompilerThread0" daemon [_thread_blocked, id=320, stack(0x00007f01f7dfe000,0x00007f01f7eff000)]
  0x00007f0224231800 JavaThread "C1 CompilerThread0" daemon [_thread_blocked, id=322, stack(0x00007f01f7cfd000,0x00007f01f7dfe000)]
  0x00007f0224233800 JavaThread "Sweeper thread" daemon [_thread_blocked, id=324, stack(0x00007f01f7bfc000,0x00007f01f7cfd000)]
  0x00007f0224284800 JavaThread "Common-Cleaner" daemon [_thread_blocked, id=330, stack(0x00007f01f7afb000,0x00007f01f7bfc000)]
  0x00007f02243ba000 JavaThread "process reaper" daemon [_thread_blocked, id=356, stack(0x00007f0228068000,0x00007f022808a000)]
  0x00007f0224521800 JavaThread "Equinox resolver thread - Equinox Container: b395e20a-0fb1-4018-a17e-bdc68bf6b521" daemon [_thread_blocked, id=357, stack(0x00007f01f78f8000,0x00007f01f79f9000)]
  0x00007f01cc001800 JavaThread "Equinox resolver thread - Equinox Container: b395e20a-0fb1-4018-a17e-bdc68bf6b521" daemon [_thread_blocked, id=359, stack(0x00007f01f77f7000,0x00007f01f78f8000)]
  0x00007f0224524000 JavaThread "Equinox resolver thread - Equinox Container: b395e20a-0fb1-4018-a17e-bdc68bf6b521" daemon [_thread_blocked, id=361, stack(0x00007f01f76f6000,0x00007f01f77f7000)]
  0x00007f0224526000 JavaThread "Equinox resolver thread - Equinox Container: b395e20a-0fb1-4018-a17e-bdc68bf6b521" daemon [_thread_blocked, id=363, stack(0x00007f01f75f5000,0x00007f01f76f6000)]
  0x00007f0224528000 JavaThread "Equinox resolver thread - Equinox Container: b395e20a-0fb1-4018-a17e-bdc68bf6b521" daemon [_thread_blocked, id=365, stack(0x00007f01f74f4000,0x00007f01f75f5000)]
  0x00007f0224529800 JavaThread "Equinox resolver thread - Equinox Container: b395e20a-0fb1-4018-a17e-bdc68bf6b521" daemon [_thread_blocked, id=367, stack(0x00007f01f73f3000,0x00007f01f74f4000)]
  0x00007f0224537000 JavaThread "Active Thread: Equinox Container: b395e20a-0fb1-4018-a17e-bdc68bf6b521" [_thread_blocked, id=369, stack(0x00007f01f72f2000,0x00007f01f73f3000)]
  0x00007f0224556800 JavaThread "Framework Event Dispatcher: Equinox Container: b395e20a-0fb1-4018-a17e-bdc68bf6b521" daemon [_thread_blocked, id=379, stack(0x00007f01f6eeb000,0x00007f01f6fec000)]
  0x00007f0224562800 JavaThread "Start Level: Equinox Container: b395e20a-0fb1-4018-a17e-bdc68bf6b521" daemon [_thread_blocked, id=380, stack(0x00007f01f6dea000,0x00007f01f6eeb000)]
  0x00007f022456f800 JavaThread "Refresh Thread: Equinox Container: b395e20a-0fb1-4018-a17e-bdc68bf6b521" daemon [_thread_blocked, id=388, stack(0x00007f01f6ce9000,0x00007f01f6dea000)]
  0x00007f019c00b800 JavaThread "Equinox resolver thread - Equinox Container: b395e20a-0fb1-4018-a17e-bdc68bf6b521" daemon [_thread_blocked, id=389, stack(0x00007f01f69d7000,0x00007f01f6ad8000)]
  0x00007f019c00c800 JavaThread "Equinox resolver thread - Equinox Container: b395e20a-0fb1-4018-a17e-bdc68bf6b521" daemon [_thread_blocked, id=390, stack(0x00007f01f68d6000,0x00007f01f69d7000)]
  0x00007f019c00e800 JavaThread "Equinox resolver thread - Equinox Container: b395e20a-0fb1-4018-a17e-bdc68bf6b521" daemon [_thread_blocked, id=391, stack(0x00007f01f67d5000,0x00007f01f68d6000)]
  0x00007f01a0001000 JavaThread "Equinox resolver thread - Equinox Container: b395e20a-0fb1-4018-a17e-bdc68bf6b521" daemon [_thread_blocked, id=392, stack(0x00007f01f66d4000,0x00007f01f67d5000)]
  0x00007f019c011000 JavaThread "Equinox resolver thread - Equinox Container: b395e20a-0fb1-4018-a17e-bdc68bf6b521" daemon [_thread_blocked, id=393, stack(0x00007f01f65d3000,0x00007f01f66d4000)]
  0x00007f0194001000 JavaThread "Equinox resolver thread - Equinox Container: b395e20a-0fb1-4018-a17e-bdc68bf6b521" daemon [_thread_blocked, id=394, stack(0x00007f01f64d2000,0x00007f01f65d3000)]
  0x00007f01a8014800 JavaThread "SCR Component Actor" daemon [_thread_blocked, id=396, stack(0x00007f01f63d1000,0x00007f01f64d2000)]
  0x00007f01a82b8800 JavaThread "Worker-JM" [_thread_blocked, id=402, stack(0x00007f01f5dcf000,0x00007f01f5ed0000)]
  0x00007f01a830c800 JavaThread "Worker-0" [_thread_blocked, id=405, stack(0x00007f01f58ca000,0x00007f01f59cb000)]
  0x00007f016c001800 JavaThread "Worker-1" [_thread_blocked, id=407, stack(0x00007f01f57c9000,0x00007f01f58ca000)]
  0x00007f01a8476800 JavaThread "Java indexing" daemon [_thread_blocked, id=408, stack(0x00007f01f54c8000,0x00007f01f55c9000)]
  0x00007f01a8516000 JavaThread "Bundle File Closer" daemon [_thread_blocked, id=409, stack(0x00007f01f51c7000,0x00007f01f52c8000)]
  0x00007f01a86cb800 JavaThread "logback configurator timer" daemon [_thread_blocked, id=414, stack(0x00007f01f4abe000,0x00007f01f4bbf000)]
  0x00007f02246b8800 JavaThread "pool-3-thread-1" [_thread_blocked, id=415, stack(0x00007f01f49bd000,0x00007f01f4abe000)]
  0x00007f02246e2000 JavaThread "pool-2-thread-1" [_thread_in_native, id=422, stack(0x00007f01f46bc000,0x00007f01f47bd000)]
  0x00007f0170002000 JavaThread "Worker-2" [_thread_blocked, id=430, stack(0x00007f01f43bb000,0x00007f01f44bc000)]
  0x00007f014412f000 JavaThread "ForkJoinPool.commonPool-worker-19" daemon [_thread_blocked, id=432, stack(0x00007f01f42ba000,0x00007f01f43bb000)]
  0x00007f016c009800 JavaThread "Worker-3" [_thread_blocked, id=434, stack(0x00007f0143cff000,0x00007f0143e00000)]
  0x00007f0138001000 JavaThread "Worker-4" [_thread_blocked, id=435, stack(0x00007f014374d000,0x00007f014384e000)]
  0x00007f0130001000 JavaThread "Worker-5: Java indexing... " [_thread_blocked, id=436, stack(0x00007f014364c000,0x00007f014374d000)]
  0x00007f014425e000 JavaThread "ForkJoinPool.commonPool-worker-5" daemon [_thread_blocked, id=437, stack(0x00007f014314b000,0x00007f014324c000)]
  0x00007f014425f800 JavaThread "ForkJoinPool.commonPool-worker-23" daemon [_thread_blocked, id=438, stack(0x00007f014304a000,0x00007f014314b000)]
  0x00007f0144261800 JavaThread "ForkJoinPool.commonPool-worker-9" daemon [_thread_blocked, id=439, stack(0x00007f0142f49000,0x00007f014304a000)]
  0x00007f01300a6000 JavaThread "Keep-Alive-Timer" daemon [_thread_blocked, id=441, stack(0x00007f0142a48000,0x00007f0142b49000)]
  0x00007f0144264000 JavaThread "ForkJoinPool.commonPool-worker-27" daemon [_thread_blocked, id=450, stack(0x00007f0142947000,0x00007f0142a48000)]
  0x00007f011800c000 JavaThread "ForkJoinPool.commonPool-worker-13" daemon [_thread_blocked, id=452, stack(0x00007f0142545000,0x00007f0142646000)]
  0x00007f014800f000 JavaThread "Worker-6" [_thread_blocked, id=454, stack(0x00007f0142444000,0x00007f0142545000)]
  0x00007f011c015800 JavaThread "ForkJoinPool.commonPool-worker-31" daemon [_thread_blocked, id=455, stack(0x00007f0142343000,0x00007f0142444000)]
  0x00007f011811f800 JavaThread "Java Debug Server" daemon [_thread_in_native, id=477, stack(0x00007f0142646000,0x00007f0142747000)]
  0x00007f010800b000 JavaThread "pool-4-thread-1" [_thread_in_native, id=478, stack(0x00007f01f60d0000,0x00007f01f61d1000)]
  0x00007f017c01e800 JavaThread "RxSchedulerPurge-1" daemon [_thread_blocked, id=479, stack(0x00007f0141a42000,0x00007f0141b43000)]
  0x00007f017c027000 JavaThread "RxCachedWorkerPoolEvictor-1" daemon [_thread_blocked, id=480, stack(0x00007f0141941000,0x00007f0141a42000)]
  0x00007f017c097800 JavaThread "RxNewThreadScheduler-1" daemon [_thread_blocked, id=481, stack(0x00007f0141840000,0x00007f0141941000)]
  0x00007f00e8008800 JavaThread "Packet Receive Manager" daemon [_thread_in_native, id=512, stack(0x00007f014173f000,0x00007f0141840000)]
  0x00007f00e8018800 JavaThread "Packet Send Manager" daemon [_thread_blocked, id=513, stack(0x00007f014153d000,0x00007f014163e000)]
  0x00007f00f003c000 JavaThread "Event Hub" daemon [_thread_blocked, id=515, stack(0x00007f014143c000,0x00007f014153d000)]

Other Threads:
=>0x00007f022421c800 VMThread "VM Thread" [stack: 0x00007f02043e5000,0x00007f02044e5000] [id=311]
  0x00007f02242f1000 WatcherThread [stack: 0x00007f01f79fb000,0x00007f01f7afb000] [id=335]
  0x00007f022402d800 GCTaskThread "ParGC Thread#0" [stack: 0x00007f02289df000,0x00007f0228adf000] [id=308]
  0x00007f0200001000 GCTaskThread "ParGC Thread#1" [stack: 0x00007f01f71f2000,0x00007f01f72f2000] [id=371]
  0x00007f0200002800 GCTaskThread "ParGC Thread#2" [stack: 0x00007f01f70f0000,0x00007f01f71f0000] [id=372]
  0x00007f0200004000 GCTaskThread "ParGC Thread#3" [stack: 0x00007f01f6fee000,0x00007f01f70ee000] [id=373]
  0x00007f0200006800 GCTaskThread "ParGC Thread#4" [stack: 0x00007f01f5ccf000,0x00007f01f5dcf000] [id=403]
  0x00007f0200008000 GCTaskThread "ParGC Thread#5" [stack: 0x00007f01f5bcd000,0x00007f01f5ccd000] [id=404]
  0x00007f0200009800 GCTaskThread "ParGC Thread#6" [stack: 0x00007f01f50c7000,0x00007f01f51c7000] [id=410]
  0x00007f020000b000 GCTaskThread "ParGC Thread#7" [stack: 0x00007f01f4fc5000,0x00007f01f50c5000] [id=411]
  0x00007f020000c800 GCTaskThread "ParGC Thread#8" [stack: 0x00007f01f4ec3000,0x00007f01f4fc3000] [id=412]
  0x00007f020000e000 GCTaskThread "ParGC Thread#9" [stack: 0x00007f01f4dc1000,0x00007f01f4ec1000] [id=413]

Threads with active compile tasks:
C2 CompilerThread0  13741 6855 %     4       org.eclipse.jdt.internal.core.index.DiskIndex::copyQueryResults @ 104 (218 bytes)

VM state:at safepoint (normal execution)

VM Mutex/Monitor currently owned by a thread:  ([mutex/lock_event])
[0x00007f02240124b0] ExpandHeap_lock - owner thread: 0x00007f022421c800
[0x00007f0224012c00] Threads_lock - owner thread: 0x00007f022421c800
[0x00007f02240133e0] Heap_lock - owner thread: 0x00007f01a8476800

Heap address: 0x00000000c0000000, size: 1024 MB, Compressed Oops mode: 32-bit
Narrow klass base: 0x0000000800000000, Narrow klass shift: 3
Compressed class space size: 1073741824 Address: 0x0000000840000000

Heap:
 PSYoungGen      total 21504K, used 0K [0x00000000eab00000, 0x00000000edc00000, 0x0000000100000000)
  eden space 2048K, 0% used [0x00000000eab00000,0x00000000eab00000,0x00000000ead00000)
  from space 19456K, 0% used [0x00000000ead00000,0x00000000ead00000,0x00000000ec000000)
  to   space 10240K, 0% used [0x00000000ec000000,0x00000000ec000000,0x00000000eca00000)
 ParOldGen       total 349696K, used 346546K [0x00000000c0000000, 0x00000000d5580000, 0x00000000eab00000)
  object space 349696K, 99% used [0x00000000c0000000,0x00000000d526c828,0x00000000d5580000)
 Metaspace       used 54927K, capacity 58239K, committed 58536K, reserved 1101824K
  class space    used 5729K, capacity 6795K, committed 6912K, reserved 1048576K

Card table byte_map: [0x00007f0228c35000,0x00007f0228e36000] _byte_map_base: 0x00007f0228635000

Marking Bits: (ParMarkBitMap*) 0x00007f022a6cf7e0
 Begin Bits: [0x00007f0206000000, 0x00007f0207000000)
 End Bits:   [0x00007f0207000000, 0x00007f0208000000)

Polling page: 0x00007f022ab18000

Metaspace:

Usage:
  Non-class:     50.24 MB capacity,    48.05 MB ( 96%) used,     2.07 MB (  4%) free+waste,   124.69 KB ( <1%) overhead. 
      Class:      6.64 MB capacity,     5.59 MB ( 84%) used,  1006.13 KB ( 15%) free+waste,    59.75 KB ( <1%) overhead. 
       Both:     56.87 MB capacity,    53.64 MB ( 94%) used,     3.05 MB (  5%) free+waste,   184.44 KB ( <1%) overhead. 

Virtual space:
  Non-class space:       52.00 MB reserved,      50.41 MB ( 97%) committed 
      Class space:        1.00 GB reserved,       6.75 MB ( <1%) committed 
             Both:        1.05 GB reserved,      57.16 MB (  5%) committed 

Chunk freelists:
   Non-Class:  68.00 KB
       Class:  21.00 KB
        Both:  89.00 KB

MaxMetaspaceSize: unlimited
CompressedClassSpaceSize: 1.00 GB

CodeHeap 'non-profiled nmethods': size=120032Kb used=2703Kb max_used=2703Kb free=117329Kb
 bounds [0x00007f0214340000, 0x00007f02145f0000, 0x00007f021b878000]
CodeHeap 'profiled nmethods': size=120028Kb used=15435Kb max_used=15435Kb free=104592Kb
 bounds [0x00007f020ce09000, 0x00007f020dd29000, 0x00007f0214340000]
CodeHeap 'non-nmethods': size=5700Kb used=1294Kb max_used=1347Kb free=4406Kb
 bounds [0x00007f020c878000, 0x00007f020cae8000, 0x00007f020ce09000]
 total_blobs=7425 nmethods=6717 adapters=620
 compilation: enabled
              stopped_count=0, restarted_count=0
 full_count=0

Compilation events (20 events):
Event: 10.113 Thread 0x00007f0224231800 6854       3       org.eclipse.jdt.internal.core.index.DiskIndex::copyQueryResults (218 bytes)
Event: 10.114 Thread 0x00007f0224231800 nmethod 6854 0x00007f020dd1a790 code [0x00007f020dd1aa40, 0x00007f020dd1b930]
Event: 10.359 Thread 0x00007f022422f800 nmethod 6633 0x00007f02145cff90 code [0x00007f02145d0500, 0x00007f02145d79e8]
Event: 10.362 Thread 0x00007f022422f800 6856 %     4       org.eclipse.jdt.internal.compiler.util.HashtableOfObject::rehash @ 23 (77 bytes)
Event: 10.382 Thread 0x00007f022422f800 nmethod 6856% 0x00007f02145db790 code [0x00007f02145db9c0, 0x00007f02145dc728]
Event: 10.383 Thread 0x00007f022422f800 6847       4       org.eclipse.jdt.internal.core.index.DiskIndex::writeStreamChars (285 bytes)
Event: 10.385 Thread 0x00007f022422f800 nmethod 6847 0x00007f02145dcf10 code [0x00007f02145dd0a0, 0x00007f02145dd238]
Event: 10.385 Thread 0x00007f022422f800 6734       4       org.eclipse.jdt.internal.compiler.util.HashtableOfObject::putUnsafely (78 bytes)
Event: 10.405 Thread 0x00007f022422f800 nmethod 6734 0x00007f02145dd390 code [0x00007f02145dd5c0, 0x00007f02145de4c8]
Event: 10.405 Thread 0x00007f022422f800 6857       4       org.eclipse.jdt.internal.compiler.util.HashtableOfObject::rehash (77 bytes)
Event: 10.410 Thread 0x00007f022422f800 nmethod 6857 0x00007f02145dee90 code [0x00007f02145df080, 0x00007f02145df568]
Event: 10.410 Thread 0x00007f022422f800 6768       4       org.eclipse.jdt.internal.compiler.util.SimpleLookupTable::put (104 bytes)
Event: 10.423 Thread 0x00007f022422f800 nmethod 6768 0x00007f02145df790 code [0x00007f02145df980, 0x00007f02145e0178]
Event: 10.423 Thread 0x00007f022422f800 6858       4       org.eclipse.jdt.internal.compiler.util.SimpleLookupTable::get (59 bytes)
Event: 10.430 Thread 0x00007f022422f800 nmethod 6858 0x00007f02145e0690 code [0x00007f02145e0860, 0x00007f02145e0ea8]
Event: 10.430 Thread 0x00007f022422f800 6634  s    4       org.eclipse.jdt.internal.compiler.classfmt.MethodInfo::readCodeAttribute (117 bytes)
Event: 10.453 Thread 0x00007f022422f800 nmethod 6634 0x00007f02145e1290 code [0x00007f02145e1460, 0x00007f02145e24c8]
Event: 10.453 Thread 0x00007f022422f800 6749       4       org.eclipse.jdt.internal.compiler.util.HashtableOfObject::put (113 bytes)
Event: 10.463 Thread 0x00007f022422f800 nmethod 6749 0x00007f02145e2a10 code [0x00007f02145e2c20, 0x00007f02145e3708]
Event: 10.463 Thread 0x00007f022422f800 6855 %     4       org.eclipse.jdt.internal.core.index.DiskIndex::copyQueryResults @ 104 (218 bytes)

GC Heap History (20 events):
Event: 9.861 GC heap after
{Heap after GC invocations=98 (full 7):
 PSYoungGen      total 17920K, used 5984K [0x00000000eab00000, 0x00000000ec700000, 0x0000000100000000)
  eden space 11776K, 0% used [0x00000000eab00000,0x00000000eab00000,0x00000000eb680000)
  from space 6144K, 97% used [0x00000000eb680000,0x00000000ebc58018,0x00000000ebc80000)
  to   space 7680K, 0% used [0x00000000ebf80000,0x00000000ebf80000,0x00000000ec700000)
 ParOldGen       total 349696K, used 298667K [0x00000000c0000000, 0x00000000d5580000, 0x00000000eab00000)
  object space 349696K, 85% used [0x00000000c0000000,0x00000000d23aad10,0x00000000d5580000)
 Metaspace       used 54908K, capacity 58239K, committed 58536K, reserved 1101824K
  class space    used 5728K, capacity 6795K, committed 6912K, reserved 1048576K
}
Event: 9.880 GC heap before
{Heap before GC invocations=99 (full 7):
 PSYoungGen      total 17920K, used 17760K [0x00000000eab00000, 0x00000000ec700000, 0x0000000100000000)
  eden space 11776K, 100% used [0x00000000eab00000,0x00000000eb680000,0x00000000eb680000)
  from space 6144K, 97% used [0x00000000eb680000,0x00000000ebc58018,0x00000000ebc80000)
  to   space 7680K, 0% used [0x00000000ebf80000,0x00000000ebf80000,0x00000000ec700000)
 ParOldGen       total 349696K, used 298667K [0x00000000c0000000, 0x00000000d5580000, 0x00000000eab00000)
  object space 349696K, 85% used [0x00000000c0000000,0x00000000d23aad10,0x00000000d5580000)
 Metaspace       used 54908K, capacity 58239K, committed 58536K, reserved 1101824K
  class space    used 5728K, capacity 6795K, committed 6912K, reserved 1048576K
}
Event: 9.883 GC heap after
{Heap after GC invocations=99 (full 7):
 PSYoungGen      total 18432K, used 7660K [0x00000000eab00000, 0x00000000ecc00000, 0x0000000100000000)
  eden space 10752K, 0% used [0x00000000eab00000,0x00000000eab00000,0x00000000eb580000)
  from space 7680K, 99% used [0x00000000ebf80000,0x00000000ec6fb2d8,0x00000000ec700000)
  to   space 10240K, 0% used [0x00000000eb580000,0x00000000eb580000,0x00000000ebf80000)
 ParOldGen       total 349696K, used 300390K [0x00000000c0000000, 0x00000000d5580000, 0x00000000eab00000)
  object space 349696K, 85% used [0x00000000c0000000,0x00000000d2559970,0x00000000d5580000)
 Metaspace       used 54908K, capacity 58239K, committed 58536K, reserved 1101824K
  class space    used 5728K, capacity 6795K, committed 6912K, reserved 1048576K
}
Event: 9.900 GC heap before
{Heap before GC invocations=100 (full 7):
 PSYoungGen      total 18432K, used 18412K [0x00000000eab00000, 0x00000000ecc00000, 0x0000000100000000)
  eden space 10752K, 100% used [0x00000000eab00000,0x00000000eb580000,0x00000000eb580000)
  from space 7680K, 99% used [0x00000000ebf80000,0x00000000ec6fb2d8,0x00000000ec700000)
  to   space 10240K, 0% used [0x00000000eb580000,0x00000000eb580000,0x00000000ebf80000)
 ParOldGen       total 349696K, used 300390K [0x00000000c0000000, 0x00000000d5580000, 0x00000000eab00000)
  object space 349696K, 85% used [0x00000000c0000000,0x00000000d2559970,0x00000000d5580000)
 Metaspace       used 54908K, capacity 58239K, committed 58536K, reserved 1101824K
  class space    used 5728K, capacity 6795K, committed 6912K, reserved 1048576K
}
Event: 9.904 GC heap after
{Heap after GC invocations=100 (full 7):
 PSYoungGen      total 17920K, used 6768K [0x00000000eab00000, 0x00000000ec700000, 0x0000000100000000)
  eden space 10752K, 0% used [0x00000000eab00000,0x00000000eab00000,0x00000000eb580000)
  from space 7168K, 94% used [0x00000000eb580000,0x00000000ebc1c230,0x00000000ebc80000)
  to   space 8192K, 0% used [0x00000000ebf00000,0x00000000ebf00000,0x00000000ec700000)
 ParOldGen       total 349696K, used 305148K [0x00000000c0000000, 0x00000000d5580000, 0x00000000eab00000)
  object space 349696K, 87% used [0x00000000c0000000,0x00000000d29ff110,0x00000000d5580000)
 Metaspace       used 54908K, capacity 58239K, committed 58536K, reserved 1101824K
  class space    used 5728K, capacity 6795K, committed 6912K, reserved 1048576K
}
Event: 9.918 GC heap before
{Heap before GC invocations=101 (full 7):
 PSYoungGen      total 17920K, used 17520K [0x00000000eab00000, 0x00000000ec700000, 0x0000000100000000)
  eden space 10752K, 100% used [0x00000000eab00000,0x00000000eb580000,0x00000000eb580000)
  from space 7168K, 94% used [0x00000000eb580000,0x00000000ebc1c230,0x00000000ebc80000)
  to   space 8192K, 0% used [0x00000000ebf00000,0x00000000ebf00000,0x00000000ec700000)
 ParOldGen       total 349696K, used 305148K [0x00000000c0000000, 0x00000000d5580000, 0x00000000eab00000)
  object space 349696K, 87% used [0x00000000c0000000,0x00000000d29ff110,0x00000000d5580000)
 Metaspace       used 54908K, capacity 58239K, committed 58536K, reserved 1101824K
  class space    used 5728K, capacity 6795K, committed 6912K, reserved 1048576K
}
Event: 9.922 GC heap after
{Heap after GC invocations=101 (full 7):
 PSYoungGen      total 19968K, used 8029K [0x00000000eab00000, 0x00000000ec800000, 0x0000000100000000)
  eden space 11776K, 0% used [0x00000000eab00000,0x00000000eab00000,0x00000000eb680000)
  from space 8192K, 98% used [0x00000000ebf00000,0x00000000ec6d7540,0x00000000ec700000)
  to   space 8704K, 0% used [0x00000000eb680000,0x00000000eb680000,0x00000000ebf00000)
 ParOldGen       total 349696K, used 307932K [0x00000000c0000000, 0x00000000d5580000, 0x00000000eab00000)
  object space 349696K, 88% used [0x00000000c0000000,0x00000000d2cb7040,0x00000000d5580000)
 Metaspace       used 54908K, capacity 58239K, committed 58536K, reserved 1101824K
  class space    used 5728K, capacity 6795K, committed 6912K, reserved 1048576K
}
Event: 9.940 GC heap before
{Heap before GC invocations=102 (full 7):
 PSYoungGen      total 19968K, used 19805K [0x00000000eab00000, 0x00000000ec800000, 0x0000000100000000)
  eden space 11776K, 100% used [0x00000000eab00000,0x00000000eb680000,0x00000000eb680000)
  from space 8192K, 98% used [0x00000000ebf00000,0x00000000ec6d7540,0x00000000ec700000)
  to   space 8704K, 0% used [0x00000000eb680000,0x00000000eb680000,0x00000000ebf00000)
 ParOldGen       total 349696K, used 307932K [0x00000000c0000000, 0x00000000d5580000, 0x00000000eab00000)
  object space 349696K, 88% used [0x00000000c0000000,0x00000000d2cb7040,0x00000000d5580000)
 Metaspace       used 54908K, capacity 58239K, committed 58536K, reserved 1101824K
  class space    used 5728K, capacity 6795K, committed 6912K, reserved 1048576K
}
Event: 9.949 GC heap after
{Heap after GC invocations=102 (full 7):
 PSYoungGen      total 20480K, used 8686K [0x00000000eab00000, 0x00000000ed300000, 0x0000000100000000)
  eden space 11776K, 0% used [0x00000000eab00000,0x00000000eab00000,0x00000000eb680000)
  from space 8704K, 99% used [0x00000000eb680000,0x00000000ebefbb80,0x00000000ebf00000)
  to   space 13824K, 0% used [0x00000000ec580000,0x00000000ec580000,0x00000000ed300000)
 ParOldGen       total 349696K, used 311955K [0x00000000c0000000, 0x00000000d5580000, 0x00000000eab00000)
  object space 349696K, 89% used [0x00000000c0000000,0x00000000d30a4c98,0x00000000d5580000)
 Metaspace       used 54908K, capacity 58239K, committed 58536K, reserved 1101824K
  class space    used 5728K, capacity 6795K, committed 6912K, reserved 1048576K
}
Event: 9.969 GC heap before
{Heap before GC invocations=103 (full 7):
 PSYoungGen      total 20480K, used 20462K [0x00000000eab00000, 0x00000000ed300000, 0x0000000100000000)
  eden space 11776K, 100% used [0x00000000eab00000,0x00000000eb680000,0x00000000eb680000)
  from space 8704K, 99% used [0x00000000eb680000,0x00000000ebefbb80,0x00000000ebf00000)
  to   space 13824K, 0% used [0x00000000ec580000,0x00000000ec580000,0x00000000ed300000)
 ParOldGen       total 349696K, used 311955K [0x00000000c0000000, 0x00000000d5580000, 0x00000000eab00000)
  object space 349696K, 89% used [0x00000000c0000000,0x00000000d30a4c98,0x00000000d5580000)
 Metaspace       used 54908K, capacity 58239K, committed 58536K, reserved 1101824K
  class space    used 5728K, capacity 6795K, committed 6912K, reserved 1048576K
}
Event: 9.974 GC heap after
{Heap after GC invocations=103 (full 7):
 PSYoungGen      total 18432K, used 4778K [0x00000000eab00000, 0x00000000eca80000, 0x0000000100000000)
  eden space 13312K, 0% used [0x00000000eab00000,0x00000000eab00000,0x00000000eb800000)
  from space 5120K, 93% used [0x00000000ec580000,0x00000000eca2a928,0x00000000eca80000)
  to   space 7680K, 0% used [0x00000000ebb80000,0x00000000ebb80000,0x00000000ec300000)
 ParOldGen       total 349696K, used 320450K [0x00000000c0000000, 0x00000000d5580000, 0x00000000eab00000)
  object space 349696K, 91% used [0x00000000c0000000,0x00000000d38f08f8,0x00000000d5580000)
 Metaspace       used 54908K, capacity 58239K, committed 58536K, reserved 1101824K
  class space    used 5728K, capacity 6795K, committed 6912K, reserved 1048576K
}
Event: 10.009 GC heap before
{Heap before GC invocations=104 (full 7):
 PSYoungGen      total 18432K, used 17995K [0x00000000eab00000, 0x00000000eca80000, 0x0000000100000000)
  eden space 13312K, 99% used [0x00000000eab00000,0x00000000eb7e8318,0x00000000eb800000)
  from space 5120K, 93% used [0x00000000ec580000,0x00000000eca2a928,0x00000000eca80000)
  to   space 7680K, 0% used [0x00000000ebb80000,0x00000000ebb80000,0x00000000ec300000)
 ParOldGen       total 349696K, used 320450K [0x00000000c0000000, 0x00000000d5580000, 0x00000000eab00000)
  object space 349696K, 91% used [0x00000000c0000000,0x00000000d38f08f8,0x00000000d5580000)
 Metaspace       used 54909K, capacity 58239K, committed 58536K, reserved 1101824K
  class space    used 5728K, capacity 6795K, committed 6912K, reserved 1048576K
}
Event: 10.016 GC heap after
{Heap after GC invocations=104 (full 7):
 PSYoungGen      total 19456K, used 3826K [0x00000000eab00000, 0x00000000ec600000, 0x0000000100000000)
  eden space 15360K, 0% used [0x00000000eab00000,0x00000000eab00000,0x00000000eba00000)
  from space 4096K, 93% used [0x00000000ebb80000,0x00000000ebf3c918,0x00000000ebf80000)
  to   space 5120K, 0% used [0x00000000ec100000,0x00000000ec100000,0x00000000ec600000)
 ParOldGen       total 349696K, used 325148K [0x00000000c0000000, 0x00000000d5580000, 0x00000000eab00000)
  object space 349696K, 92% used [0x00000000c0000000,0x00000000d3d87310,0x00000000d5580000)
 Metaspace       used 54909K, capacity 58239K, committed 58536K, reserved 1101824K
  class space    used 5728K, capacity 6795K, committed 6912K, reserved 1048576K
}
Event: 10.202 GC heap before
{Heap before GC invocations=105 (full 7):
 PSYoungGen      total 19456K, used 19186K [0x00000000eab00000, 0x00000000ec600000, 0x0000000100000000)
  eden space 15360K, 100% used [0x00000000eab00000,0x00000000eba00000,0x00000000eba00000)
  from space 4096K, 93% used [0x00000000ebb80000,0x00000000ebf3c918,0x00000000ebf80000)
  to   space 5120K, 0% used [0x00000000ec100000,0x00000000ec100000,0x00000000ec600000)
 ParOldGen       total 349696K, used 325148K [0x00000000c0000000, 0x00000000d5580000, 0x00000000eab00000)
  object space 349696K, 92% used [0x00000000c0000000,0x00000000d3d87310,0x00000000d5580000)
 Metaspace       used 54927K, capacity 58239K, committed 58536K, reserved 1101824K
  class space    used 5729K, capacity 6795K, committed 6912K, reserved 1048576K
}
Event: 10.207 GC heap after
{Heap after GC invocations=105 (full 7):
 PSYoungGen      total 15360K, used 5113K [0x00000000eab00000, 0x00000000ed380000, 0x0000000100000000)
  eden space 10240K, 0% used [0x00000000eab00000,0x00000000eab00000,0x00000000eb500000)
  from space 5120K, 99% used [0x00000000ec100000,0x00000000ec5fe7e0,0x00000000ec600000)
  to   space 12288K, 0% used [0x00000000eb500000,0x00000000eb500000,0x00000000ec100000)
 ParOldGen       total 349696K, used 330777K [0x00000000c0000000, 0x00000000d5580000, 0x00000000eab00000)
  object space 349696K, 94% used [0x00000000c0000000,0x00000000d4306598,0x00000000d5580000)
 Metaspace       used 54927K, capacity 58239K, committed 58536K, reserved 1101824K
  class space    used 5729K, capacity 6795K, committed 6912K, reserved 1048576K
}
Event: 10.339 GC heap before
{Heap before GC invocations=106 (full 7):
 PSYoungGen      total 15360K, used 15353K [0x00000000eab00000, 0x00000000ed380000, 0x0000000100000000)
  eden space 10240K, 100% used [0x00000000eab00000,0x00000000eb500000,0x00000000eb500000)
  from space 5120K, 99% used [0x00000000ec100000,0x00000000ec5fe7e0,0x00000000ec600000)
  to   space 12288K, 0% used [0x00000000eb500000,0x00000000eb500000,0x00000000ec100000)
 ParOldGen       total 349696K, used 330777K [0x00000000c0000000, 0x00000000d5580000, 0x00000000eab00000)
  object space 349696K, 94% used [0x00000000c0000000,0x00000000d4306598,0x00000000d5580000)
 Metaspace       used 54927K, capacity 58239K, committed 58536K, reserved 1101824K
  class space    used 5729K, capacity 6795K, committed 6912K, reserved 1048576K
}
Event: 10.345 GC heap after
{Heap after GC invocations=106 (full 7):
 PSYoungGen      total 19968K, used 9519K [0x00000000eab00000, 0x00000000eca00000, 0x0000000100000000)
  eden space 10240K, 0% used [0x00000000eab00000,0x00000000eab00000,0x00000000eb500000)
  from space 9728K, 97% used [0x00000000eb500000,0x00000000ebe4bd18,0x00000000ebe80000)
  to   space 10240K, 0% used [0x00000000ec000000,0x00000000ec000000,0x00000000eca00000)
 ParOldGen       total 349696K, used 334333K [0x00000000c0000000, 0x00000000d5580000, 0x00000000eab00000)
  object space 349696K, 95% used [0x00000000c0000000,0x00000000d467f550,0x00000000d5580000)
 Metaspace       used 54927K, capacity 58239K, committed 58536K, reserved 1101824K
  class space    used 5729K, capacity 6795K, committed 6912K, reserved 1048576K
}
Event: 10.492 GC heap before
{Heap before GC invocations=107 (full 7):
 PSYoungGen      total 19968K, used 19759K [0x00000000eab00000, 0x00000000eca00000, 0x0000000100000000)
  eden space 10240K, 100% used [0x00000000eab00000,0x00000000eb500000,0x00000000eb500000)
  from space 9728K, 97% used [0x00000000eb500000,0x00000000ebe4bd18,0x00000000ebe80000)
  to   space 10240K, 0% used [0x00000000ec000000,0x00000000ec000000,0x00000000eca00000)
 ParOldGen       total 349696K, used 334333K [0x00000000c0000000, 0x00000000d5580000, 0x00000000eab00000)
  object space 349696K, 95% used [0x00000000c0000000,0x00000000d467f550,0x00000000d5580000)
 Metaspace       used 54927K, capacity 58239K, committed 58536K, reserved 1101824K
  class space    used 5729K, capacity 6795K, committed 6912K, reserved 1048576K
}
Event: 10.519 GC heap after
{Heap after GC invocations=107 (full 7):
 PSYoungGen      total 12288K, used 10230K [0x00000000eab00000, 0x00000000edc00000, 0x0000000100000000)
  eden space 2048K, 0% used [0x00000000eab00000,0x00000000eab00000,0x00000000ead00000)
  from space 10240K, 99% used [0x00000000ec000000,0x00000000ec9fd890,0x00000000eca00000)
  to   space 19456K, 0% used [0x00000000ead00000,0x00000000ead00000,0x00000000ec000000)
 ParOldGen       total 349696K, used 341971K [0x00000000c0000000, 0x00000000d5580000, 0x00000000eab00000)
  object space 349696K, 97% used [0x00000000c0000000,0x00000000d4df4f10,0x00000000d5580000)
 Metaspace       used 54927K, capacity 58239K, committed 58536K, reserved 1101824K
  class space    used 5729K, capacity 6795K, committed 6912K, reserved 1048576K
}
Event: 10.520 GC heap before
{Heap before GC invocations=108 (full 8):
 PSYoungGen      total 12288K, used 10230K [0x00000000eab00000, 0x00000000edc00000, 0x0000000100000000)
  eden space 2048K, 0% used [0x00000000eab00000,0x00000000eab00000,0x00000000ead00000)
  from space 10240K, 99% used [0x00000000ec000000,0x00000000ec9fd890,0x00000000eca00000)
  to   space 19456K, 0% used [0x00000000ead00000,0x00000000ead00000,0x00000000ec000000)
 ParOldGen       total 349696K, used 341971K [0x00000000c0000000, 0x00000000d5580000, 0x00000000eab00000)
  object space 349696K, 97% used [0x00000000c0000000,0x00000000d4df4f10,0x00000000d5580000)
 Metaspace       used 54927K, capacity 58239K, committed 58536K, reserved 1101824K
  class space    used 5729K, capacity 6795K, committed 6912K, reserved 1048576K
}

Deoptimization events (20 events):
Event: 9.380 Thread 0x00007f01a8476800 Uncommon trap: trap_request=0xffffff4d fr.pc=0x00007f02145b1c40 relative=0x00000000000027c0
Event: 9.380 Thread 0x00007f01a8476800 Uncommon trap: reason=unstable_if action=reinterpret pc=0x00007f02145b1c40 method=org.eclipse.jdt.internal.compiler.classfmt.MethodInfo.createMethod([B[IIJ)Lorg/eclipse/jdt/internal/compiler/classfmt/MethodInfo; @ 676 c2
Event: 9.380 Thread 0x00007f01a8476800 DEOPT PACKING pc=0x00007f02145b1c40 sp=0x00007f01f55c6f10
Event: 9.380 Thread 0x00007f01a8476800 DEOPT UNPACKING pc=0x00007f020c89d2a5 sp=0x00007f01f55c6e80 mode 2
Event: 9.431 Thread 0x00007f01a8476800 DEOPT PACKING pc=0x00007f020d333b44 sp=0x00007f01f55c6f40
Event: 9.431 Thread 0x00007f01a8476800 DEOPT UNPACKING pc=0x00007f020c89da4a sp=0x00007f01f55c6480 mode 0
Event: 10.029 Thread 0x00007f01a8476800 DEOPT PACKING pc=0x00007f020dcfe9fd sp=0x00007f01f55c7360
Event: 10.030 Thread 0x00007f01a8476800 DEOPT UNPACKING pc=0x00007f020c89da4a sp=0x00007f01f55c6818 mode 0
Event: 10.066 Thread 0x00007f01a8476800 DEOPT PACKING pc=0x00007f020dd09b7d sp=0x00007f01f55c7350
Event: 10.066 Thread 0x00007f01a8476800 DEOPT UNPACKING pc=0x00007f020c89da4a sp=0x00007f01f55c67d8 mode 0
Event: 10.104 Thread 0x00007f01a8476800 Uncommon trap: trap_request=0xffffff4d fr.pc=0x00007f0214585a30 relative=0x0000000000000750
Event: 10.104 Thread 0x00007f01a8476800 Uncommon trap: reason=unstable_if action=reinterpret pc=0x00007f0214585a30 method=org.eclipse.jdt.internal.compiler.util.HashtableOfObject.putUnsafely([CLjava/lang/Object;)V @ 23 c2
Event: 10.104 Thread 0x00007f01a8476800 DEOPT PACKING pc=0x00007f0214585a30 sp=0x00007f01f55c74e0
Event: 10.104 Thread 0x00007f01a8476800 DEOPT UNPACKING pc=0x00007f020c89d2a5 sp=0x00007f01f55c7428 mode 2
Event: 10.113 Thread 0x00007f01a8476800 DEOPT PACKING pc=0x00007f020dd16b39 sp=0x00007f01f55c75b0
Event: 10.113 Thread 0x00007f01a8476800 DEOPT UNPACKING pc=0x00007f020c89da4a sp=0x00007f01f55c6aa0 mode 0
Event: 10.393 Thread 0x00007f01a8476800 DEOPT PACKING pc=0x00007f020dd156a0 sp=0x00007f01f55c74e0
Event: 10.393 Thread 0x00007f01a8476800 DEOPT UNPACKING pc=0x00007f020c89da4a sp=0x00007f01f55c69a0 mode 0
Event: 10.398 Thread 0x00007f01a8476800 DEOPT PACKING pc=0x00007f020dd156a0 sp=0x00007f01f55c74e0
Event: 10.398 Thread 0x00007f01a8476800 DEOPT UNPACKING pc=0x00007f020c89da4a sp=0x00007f01f55c69a0 mode 0

Classes redefined (0 events):
No events

Internal exceptions (20 events):
Event: 7.176 Thread 0x00007f016c009800 Exception <a 'java/lang/NoSuchMethodError'{0x00000000eac87bd8}: 'java.lang.Object java.lang.invoke.DirectMethodHandle$Holder.invokeStatic(java.lang.Object, java.lang.Object, java.lang.Object, int, java.lang.Object)'> (0x00000000eac87bd8) thrown at [src/hotspot/share/interpreter/linkResolver.cpp, line 773]
Event: 7.177 Thread 0x00007f016c009800 Exception <a 'java/lang/NoSuchMethodError'{0x00000000eac95ad8}: 'java.lang.Object java.lang.invoke.DirectMethodHandle$Holder.invokeSpecial(java.lang.Object, java.lang.Object, java.lang.Object, java.lang.Object, int, java.lang.Object)'> (0x00000000eac95ad8) thrown at [src/hotspot/share/interpreter/linkResolver.cpp, line 773]
Event: 7.177 Thread 0x00007f016c009800 Exception <a 'java/lang/NoSuchMethodError'{0x00000000eaca2090}: 'java.lang.Object java.lang.invoke.Invokers$Holder.linkToTargetMethod(java.lang.Object, java.lang.Object, int, java.lang.Object, java.lang.Object)'> (0x00000000eaca2090) thrown at [src/hotspot/share/interpreter/linkResolver.cpp, line 773]
Event: 7.191 Thread 0x00007f014425f800 Exception <a 'java/lang/ClassNotFoundException'{0x00000000eb1f3790}: sun/util/logging/resources/spi/loggingProvider> (0x00000000eb1f3790) thrown at [src/hotspot/share/classfile/systemDictionary.cpp, line 231]
Event: 7.225 Thread 0x00007f014425f800 Exception <a 'java/io/FileNotFoundException'{0x00000000eac56030}> (0x00000000eac56030) thrown at [src/hotspot/share/prims/jni.cpp, line 615]
Event: 7.368 Thread 0x00007f010800b000 Exception <a 'java/lang/NoSuchMethodError'{0x00000000eb5dcc30}: 'java.lang.Object java.lang.invoke.DirectMethodHandle$Holder.invokeVirtual(java.lang.Object, java.lang.Object, java.lang.Object, java.lang.Object)'> (0x00000000eb5dcc30) thrown at [src/hotspot/share/interpreter/linkResolver.cpp, line 773]
Event: 7.390 Thread 0x00007f017c097800 Exception <a 'java/lang/NoSuchMethodError'{0x00000000eb0b87e8}: 'java.lang.Object java.lang.invoke.DirectMethodHandle$Holder.invokeStatic(java.lang.Object, long, java.lang.Object, java.lang.Object)'> (0x00000000eb0b87e8) thrown at [src/hotspot/share/interpreter/linkResolver.cpp, line 773]
Event: 7.390 Thread 0x00007f017c097800 Exception <a 'java/lang/NoSuchMethodError'{0x00000000eb13a078}: 'java.lang.Object java.lang.invoke.DirectMethodHandle$Holder.invokeStatic(java.lang.Object, long)'> (0x00000000eb13a078) thrown at [src/hotspot/share/interpreter/linkResolver.cpp, line 773]
Event: 7.390 Thread 0x00007f017c097800 Exception <a 'java/lang/NoSuchMethodError'{0x00000000eb13d3a0}: 'java.lang.Object java.lang.invoke.DirectMethodHandle$Holder.invokeSpecial(java.lang.Object, java.lang.Object, long)'> (0x00000000eb13d3a0) thrown at [src/hotspot/share/interpreter/linkResolver.cpp, line 773]
Event: 7.450 Thread 0x00007f014425f800 Exception <a 'java/lang/ArrayIndexOutOfBoundsException'{0x00000000eabda880}: Index 840 out of bounds for length 840> (0x00000000eabda880) thrown at [src/hotspot/share/interpreter/interpreterRuntime.cpp, line 444]
Event: 7.450 Thread 0x00007f014425f800 Exception <a 'java/lang/ArrayIndexOutOfBoundsException'{0x00000000eabdaba0}: Index 841 out of bounds for length 840> (0x00000000eabdaba0) thrown at [src/hotspot/share/interpreter/interpreterRuntime.cpp, line 444]
Event: 7.450 Thread 0x00007f014425f800 Exception <a 'java/lang/ArrayIndexOutOfBoundsException'{0x00000000eabdaec0}: Index 841 out of bounds for length 840> (0x00000000eabdaec0) thrown at [src/hotspot/share/interpreter/interpreterRuntime.cpp, line 444]
Event: 7.456 Thread 0x00007f017c097800 Exception <a 'java/io/FileNotFoundException'{0x00000000eadf0c10}> (0x00000000eadf0c10) thrown at [src/hotspot/share/prims/jni.cpp, line 615]
Event: 7.457 Thread 0x00007f017c097800 Exception <a 'java/io/FileNotFoundException'{0x00000000eaeb10b0}> (0x00000000eaeb10b0) thrown at [src/hotspot/share/prims/jni.cpp, line 615]
Event: 7.466 Thread 0x00007f017c097800 Exception <a 'java/lang/NoSuchMethodError'{0x00000000eb131de8}: 'java.lang.Object java.lang.invoke.DirectMethodHandle$Holder.invokeSpecial(java.lang.Object, java.lang.Object, java.lang.Object, java.lang.Object, java.lang.Object, java.lang.Object, java.lang.Object, java.lang.Object, java.lang.Object, java.lang.Object)'> (0x00000000eb131de8) thrown at [src/hotspot/share/interpreter/linkResolver.cpp, line 773]
Event: 7.466 Thread 0x00007f017c097800 Exception <a 'java/lang/NoSuchMethodError'{0x00000000eb135fb8}: 'java.lang.Object java.lang.invoke.Invokers$Holder.linkToTargetMethod(java.lang.Object, java.lang.Object, java.lang.Object, java.lang.Object, java.lang.Object, java.lang.Object, java.lang.Object, java.lang.Object, java.lang.Object)'> (0x00000000eb135fb8) thrown at [src/hotspot/share/interpreter/linkResolver.cpp, line 773]
Event: 7.476 Thread 0x00007f011c015800 Exception <a 'java/lang/ArrayIndexOutOfBoundsException'{0x00000000eb19fb80}> (0x00000000eb19fb80) thrown at [src/hotspot/share/runtime/sharedRuntime.cpp, line 606]
Event: 7.492 Thread 0x00007f011c015800 Exception <a 'java/lang/ArrayIndexOutOfBoundsException'{0x00000000eb34ac38}> (0x00000000eb34ac38) thrown at [src/hotspot/share/runtime/sharedRuntime.cpp, line 606]
Event: 8.802 Thread 0x00007f017c09c000 Exception <a 'java/lang/NoSuchMethodError'{0x00000000eba50e50}: 'void java.lang.invoke.DirectMethodHandle$Holder.invokeSpecial(java.lang.Object, java.lang.Object)'> (0x00000000eba50e50) thrown at [src/hotspot/share/interpreter/linkResolver.cpp, line 773]
Event: 8.810 Thread 0x00007f017c09c000 Exception <a 'java/lang/NoSuchMethodError'{0x00000000eab5ad48}: 'void java.lang.invoke.DirectMethodHandle$Holder.invokeSpecial(java.lang.Object, java.lang.Object, java.lang.Object, java.lang.Object, java.lang.Object)'> (0x00000000eab5ad48) thrown at [src/hotspot/share/interpreter/linkResolver.cpp, line 773]

Events (20 events):
Event: 9.834 Executing VM operation: ParallelGCFailedAllocation done
Event: 9.857 Executing VM operation: ParallelGCFailedAllocation
Event: 9.861 Executing VM operation: ParallelGCFailedAllocation done
Event: 9.880 Executing VM operation: ParallelGCFailedAllocation
Event: 9.883 Executing VM operation: ParallelGCFailedAllocation done
Event: 9.900 Executing VM operation: ParallelGCFailedAllocation
Event: 9.904 Executing VM operation: ParallelGCFailedAllocation done
Event: 9.918 Executing VM operation: ParallelGCFailedAllocation
Event: 9.922 Executing VM operation: ParallelGCFailedAllocation done
Event: 9.940 Executing VM operation: ParallelGCFailedAllocation
Event: 9.949 Executing VM operation: ParallelGCFailedAllocation done
Event: 9.969 Executing VM operation: ParallelGCFailedAllocation
Event: 9.974 Executing VM operation: ParallelGCFailedAllocation done
Event: 10.008 Executing VM operation: ParallelGCFailedAllocation
Event: 10.016 Executing VM operation: ParallelGCFailedAllocation done
Event: 10.201 Executing VM operation: ParallelGCFailedAllocation
Event: 10.207 Executing VM operation: ParallelGCFailedAllocation done
Event: 10.338 Executing VM operation: ParallelGCFailedAllocation
Event: 10.345 Executing VM operation: ParallelGCFailedAllocation done
Event: 10.492 Executing VM operation: ParallelGCFailedAllocation


Dynamic libraries:
c0000000-d5580000 rw-p 00000000 00:00 0 
dcb00000-eab00000 ---p 00000000 00:00 0 
eab00000-edc00000 rw-p 00000000 00:00 0 
edc00000-100000000 ---p 00000000 00:00 0 
800000000-800002000 rwxp 00001000 08:10 87733                            /usr/lib/jvm/java-11-openjdk-amd64/lib/server/classes.jsa
800002000-8003b9000 rw-p 00003000 08:10 87733                            /usr/lib/jvm/java-11-openjdk-amd64/lib/server/classes.jsa
8003b9000-800a95000 r--p 003ba000 08:10 87733                            /usr/lib/jvm/java-11-openjdk-amd64/lib/server/classes.jsa
800a95000-800a96000 rw-p 00a96000 08:10 87733                            /usr/lib/jvm/java-11-openjdk-amd64/lib/server/classes.jsa
800a96000-8010a3000 r--p 00a97000 08:10 87733                            /usr/lib/jvm/java-11-openjdk-amd64/lib/server/classes.jsa
840000000-8406c0000 rw-p 00000000 00:00 0 
8406c0000-880000000 ---p 00000000 00:00 0 
55b96ee30000-55b96ee31000 r--p 00000000 08:10 87364                      /usr/lib/jvm/java-11-openjdk-amd64/bin/java
55b96ee31000-55b96ee32000 r-xp 00001000 08:10 87364                      /usr/lib/jvm/java-11-openjdk-amd64/bin/java
55b96ee32000-55b96ee33000 r--p 00002000 08:10 87364                      /usr/lib/jvm/java-11-openjdk-amd64/bin/java
55b96ee33000-55b96ee34000 r--p 00002000 08:10 87364                      /usr/lib/jvm/java-11-openjdk-amd64/bin/java
55b96ee34000-55b96ee35000 rw-p 00003000 08:10 87364                      /usr/lib/jvm/java-11-openjdk-amd64/bin/java
55b96fa3a000-55b96fa5b000 rw-p 00000000 00:00 0                          [heap]
7f00e0000000-7f00e0021000 rw-p 00000000 00:00 0 
7f00e0021000-7f00e4000000 ---p 00000000 00:00 0 
7f00e8000000-7f00e802a000 rw-p 00000000 00:00 0 
7f00e802a000-7f00ec000000 ---p 00000000 00:00 0 
7f00ec000000-7f00ec021000 rw-p 00000000 00:00 0 
7f00ec021000-7f00f0000000 ---p 00000000 00:00 0 
7f00f0000000-7f00f0046000 rw-p 00000000 00:00 0 
7f00f0046000-7f00f4000000 ---p 00000000 00:00 0 
7f00f4000000-7f00f4021000 rw-p 00000000 00:00 0 
7f00f4021000-7f00f8000000 ---p 00000000 00:00 0 
7f00f8000000-7f00f8021000 rw-p 00000000 00:00 0 
7f00f8021000-7f00fc000000 ---p 00000000 00:00 0 
7f00fc000000-7f00fc021000 rw-p 00000000 00:00 0 
7f00fc021000-7f0100000000 ---p 00000000 00:00 0 
7f0100000000-7f0100021000 rw-p 00000000 00:00 0 
7f0100021000-7f0104000000 ---p 00000000 00:00 0 
7f0104000000-7f0104050000 rw-p 00000000 00:00 0 
7f0104050000-7f0108000000 ---p 00000000 00:00 0 
7f0108000000-7f010815f000 rw-p 00000000 00:00 0 
7f010815f000-7f010c000000 ---p 00000000 00:00 0 
7f010c000000-7f010c021000 rw-p 00000000 00:00 0 
7f010c021000-7f0110000000 ---p 00000000 00:00 0 
7f0110000000-7f0110021000 rw-p 00000000 00:00 0 
7f0110021000-7f0114000000 ---p 00000000 00:00 0 
7f0114000000-7f0114021000 rw-p 00000000 00:00 0 
7f0114021000-7f0118000000 ---p 00000000 00:00 0 
7f0118000000-7f0118129000 rw-p 00000000 00:00 0 
7f0118129000-7f011c000000 ---p 00000000 00:00 0 
7f011c000000-7f011c101000 rw-p 00000000 00:00 0 
7f011c101000-7f0120000000 ---p 00000000 00:00 0 
7f0120000000-7f0120021000 rw-p 00000000 00:00 0 
7f0120021000-7f0124000000 ---p 00000000 00:00 0 
7f0127878000-7f0130000000 r--s 00000000 08:10 87723                      /usr/lib/jvm/java-11-openjdk-amd64/lib/modules
7f0130000000-7f0130135000 rw-p 00000000 00:00 0 
7f0130135000-7f0134000000 ---p 00000000 00:00 0 
7f0134000000-7f0134021000 rw-p 00000000 00:00 0 
7f0134021000-7f0138000000 ---p 00000000 00:00 0 
7f0138000000-7f0138021000 rw-p 00000000 00:00 0 
7f0138021000-7f013c000000 ---p 00000000 00:00 0 
7f013c000000-7f013c022000 rw-p 00000000 00:00 0 
7f013c022000-7f0140000000 ---p 00000000 00:00 0 
7f014123c000-7f01412bc000 rw-p 00000000 00:00 0 
7f01412bc000-7f014143c000 ---p 00000000 00:00 0 
7f014143c000-7f0141440000 ---p 00000000 00:00 0 
7f0141440000-7f014153d000 rw-p 00000000 00:00 0 
7f014153d000-7f0141541000 ---p 00000000 00:00 0 
7f0141541000-7f014163e000 rw-p 00000000 00:00 0 
7f014163e000-7f0141642000 ---p 00000000 00:00 0 
7f0141642000-7f014173f000 rw-p 00000000 00:00 0 
7f014173f000-7f0141743000 ---p 00000000 00:00 0 
7f0141743000-7f0141840000 rw-p 00000000 00:00 0 
7f0141840000-7f0141844000 ---p 00000000 00:00 0 
7f0141844000-7f0141941000 rw-p 00000000 00:00 0 
7f0141941000-7f0141945000 ---p 00000000 00:00 0 
7f0141945000-7f0141a42000 rw-p 00000000 00:00 0 
7f0141a42000-7f0141a46000 ---p 00000000 00:00 0 
7f0141a46000-7f0141d43000 rw-p 00000000 00:00 0 
7f0141d43000-7f0141f43000 rw-p 00000000 00:00 0 
7f0141f43000-7f0142143000 rw-p 00000000 00:00 0 
7f0142143000-7f0142343000 rw-p 00000000 00:00 0 
7f0142343000-7f0142347000 ---p 00000000 00:00 0 
7f0142347000-7f0142444000 rw-p 00000000 00:00 0 
7f0142444000-7f0142448000 ---p 00000000 00:00 0 
7f0142448000-7f0142545000 rw-p 00000000 00:00 0 
7f0142545000-7f0142549000 ---p 00000000 00:00 0 
7f0142549000-7f0142646000 rw-p 00000000 00:00 0 
7f0142646000-7f014264a000 ---p 00000000 00:00 0 
7f014264a000-7f0142947000 rw-p 00000000 00:00 0 
7f0142947000-7f014294b000 ---p 00000000 00:00 0 
7f014294b000-7f0142a48000 rw-p 00000000 00:00 0 
7f0142a48000-7f0142a4c000 ---p 00000000 00:00 0 
7f0142a4c000-7f0142d49000 rw-p 00000000 00:00 0 
7f0142d49000-7f0142f49000 rw-p 00000000 00:00 0 
7f0142f49000-7f0142f4d000 ---p 00000000 00:00 0 
7f0142f4d000-7f014304a000 rw-p 00000000 00:00 0 
7f014304a000-7f014304e000 ---p 00000000 00:00 0 
7f014304e000-7f014314b000 rw-p 00000000 00:00 0 
7f014314b000-7f014314f000 ---p 00000000 00:00 0 
7f014314f000-7f014344c000 rw-p 00000000 00:00 0 
7f014344c000-7f014364c000 rw-p 00000000 00:00 0 
7f014364c000-7f0143650000 ---p 00000000 00:00 0 
7f0143650000-7f014374d000 rw-p 00000000 00:00 0 
7f014374d000-7f0143751000 ---p 00000000 00:00 0 
7f0143751000-7f0143a4c000 rw-p 00000000 00:00 0 
7f0143a4c000-7f0143a4e000 ---p 00000000 00:00 0 
7f0143a4e000-7f0143c4e000 rw-p 00000000 00:00 0 
7f0143cff000-7f0143d03000 ---p 00000000 00:00 0 
7f0143d03000-7f0144000000 rw-p 00000000 00:00 0 
7f0144000000-7f014426e000 rw-p 00000000 00:00 0 
7f014426e000-7f0148000000 ---p 00000000 00:00 0 
7f0148000000-7f0148021000 rw-p 00000000 00:00 0 
7f0148021000-7f014c000000 ---p 00000000 00:00 0 
7f014c000000-7f014c021000 rw-p 00000000 00:00 0 
7f014c021000-7f0150000000 ---p 00000000 00:00 0 
7f0150000000-7f0150021000 rw-p 00000000 00:00 0 
7f0150021000-7f0154000000 ---p 00000000 00:00 0 
7f0154000000-7f0154021000 rw-p 00000000 00:00 0 
7f0154021000-7f0158000000 ---p 00000000 00:00 0 
7f0158000000-7f0158021000 rw-p 00000000 00:00 0 
7f0158021000-7f015c000000 ---p 00000000 00:00 0 
7f015c000000-7f015c021000 rw-p 00000000 00:00 0 
7f015c021000-7f0160000000 ---p 00000000 00:00 0 
7f0160000000-7f0160021000 rw-p 00000000 00:00 0 
7f0160021000-7f0164000000 ---p 00000000 00:00 0 
7f0164000000-7f016407b000 rw-p 00000000 00:00 0 
7f016407b000-7f0168000000 ---p 00000000 00:00 0 
7f0168000000-7f0168021000 rw-p 00000000 00:00 0 
7f0168021000-7f016c000000 ---p 00000000 00:00 0 
7f016c000000-7f016c11e000 rw-p 00000000 00:00 0 
7f016c11e000-7f0170000000 ---p 00000000 00:00 0 
7f0170000000-7f017051a000 rw-p 00000000 00:00 0 
7f017051a000-7f0174000000 ---p 00000000 00:00 0 
7f0174000000-7f0174021000 rw-p 00000000 00:00 0 
7f0174021000-7f0178000000 ---p 00000000 00:00 0 
7f0178000000-7f0178021000 rw-p 00000000 00:00 0 
7f0178021000-7f017c000000 ---p 00000000 00:00 0 
7f017c000000-7f017c0a0000 rw-p 00000000 00:00 0 
7f017c0a0000-7f0180000000 ---p 00000000 00:00 0 
7f0180000000-7f0180021000 rw-p 00000000 00:00 0 
7f0180021000-7f0184000000 ---p 00000000 00:00 0 
7f0184000000-7f0184021000 rw-p 00000000 00:00 0 
7f0184021000-7f0188000000 ---p 00000000 00:00 0 
7f0188000000-7f0188021000 rw-p 00000000 00:00 0 
7f0188021000-7f018c000000 ---p 00000000 00:00 0 
7f018c000000-7f018c021000 rw-p 00000000 00:00 0 
7f018c021000-7f0190000000 ---p 00000000 00:00 0 
7f0190000000-7f0190021000 rw-p 00000000 00:00 0 
7f0190021000-7f0194000000 ---p 00000000 00:00 0 
7f0194000000-7f0194021000 rw-p 00000000 00:00 0 
7f0194021000-7f0198000000 ---p 00000000 00:00 0 
7f0198000000-7f0198021000 rw-p 00000000 00:00 0 
7f0198021000-7f019c000000 ---p 00000000 00:00 0 
7f019c000000-7f019c028000 rw-p 00000000 00:00 0 
7f019c028000-7f01a0000000 ---p 00000000 00:00 0 
7f01a0000000-7f01a0021000 rw-p 00000000 00:00 0 
7f01a0021000-7f01a4000000 ---p 00000000 00:00 0 
7f01a4000000-7f01a4021000 rw-p 00000000 00:00 0 
7f01a4021000-7f01a8000000 ---p 00000000 00:00 0 
7f01a8000000-7f01a8750000 rw-p 00000000 00:00 0 
7f01a8750000-7f01ac000000 ---p 00000000 00:00 0 
7f01ac000000-7f01ac021000 rw-p 00000000 00:00 0 
7f01ac021000-7f01b0000000 ---p 00000000 00:00 0 
7f01b0000000-7f01b0021000 rw-p 00000000 00:00 0 
7f01b0021000-7f01b4000000 ---p 00000000 00:00 0 
7f01b4000000-7f01b4021000 rw-p 00000000 00:00 0 
7f01b4021000-7f01b8000000 ---p 00000000 00:00 0 
7f01b8000000-7f01b8021000 rw-p 00000000 00:00 0 
7f01b8021000-7f01bc000000 ---p 00000000 00:00 0 
7f01bc000000-7f01bc021000 rw-p 00000000 00:00 0 
7f01bc021000-7f01c0000000 ---p 00000000 00:00 0 
7f01c0000000-7f01c0021000 rw-p 00000000 00:00 0 
7f01c0021000-7f01c4000000 ---p 00000000 00:00 0 
7f01c4000000-7f01c4021000 rw-p 00000000 00:00 0 
7f01c4021000-7f01c8000000 ---p 00000000 00:00 0 
7f01c8000000-7f01c8021000 rw-p 00000000 00:00 0 
7f01c8021000-7f01cc000000 ---p 00000000 00:00 0 
7f01cc000000-7f01cc021000 rw-p 00000000 00:00 0 
7f01cc021000-7f01d0000000 ---p 00000000 00:00 0 
7f01d0000000-7f01d0021000 rw-p 00000000 00:00 0 
7f01d0021000-7f01d4000000 ---p 00000000 00:00 0 
7f01d4000000-7f01d4021000 rw-p 00000000 00:00 0 
7f01d4021000-7f01d8000000 ---p 00000000 00:00 0 
7f01d8000000-7f01d8021000 rw-p 00000000 00:00 0 
7f01d8021000-7f01dc000000 ---p 00000000 00:00 0 
7f01dc000000-7f01dc021000 rw-p 00000000 00:00 0 
7f01dc021000-7f01e0000000 ---p 00000000 00:00 0 
7f01e0000000-7f01e0021000 rw-p 00000000 00:00 0 
7f01e0021000-7f01e4000000 ---p 00000000 00:00 0 
7f01e4000000-7f01e748c000 rw-p 00000000 00:00 0 
7f01e748c000-7f01e8000000 ---p 00000000 00:00 0 
7f01e8000000-7f01e8be8000 rw-p 00000000 00:00 0 
7f01e8be8000-7f01ec000000 ---p 00000000 00:00 0 
7f01ec000000-7f01ec021000 rw-p 00000000 00:00 0 
7f01ec021000-7f01f0000000 ---p 00000000 00:00 0 
7f01f0000000-7f01f0021000 rw-p 00000000 00:00 0 
7f01f0021000-7f01f4000000 ---p 00000000 00:00 0 
7f01f40ba000-7f01f42ba000 rw-p 00000000 00:00 0 
7f01f42ba000-7f01f42be000 ---p 00000000 00:00 0 
7f01f42be000-7f01f43bb000 rw-p 00000000 00:00 0 
7f01f43bb000-7f01f43bf000 ---p 00000000 00:00 0 
7f01f43bf000-7f01f46bc000 rw-p 00000000 00:00 0 
7f01f46bc000-7f01f46c0000 ---p 00000000 00:00 0 
7f01f46c0000-7f01f49bd000 rw-p 00000000 00:00 0 
7f01f49bd000-7f01f49c1000 ---p 00000000 00:00 0 
7f01f49c1000-7f01f4abe000 rw-p 00000000 00:00 0 
7f01f4abe000-7f01f4ac2000 ---p 00000000 00:00 0 
7f01f4ac2000-7f01f4dab000 rw-p 00000000 00:00 0 
7f01f4dab000-7f01f4dbf000 ---p 00000000 00:00 0 
7f01f4dbf000-7f01f4dc0000 ---p 00000000 00:00 0 
7f01f4dc0000-7f01f4ec1000 rw-p 00000000 00:00 0 
7f01f4ec1000-7f01f4ec2000 ---p 00000000 00:00 0 
7f01f4ec2000-7f01f4fc3000 rw-p 00000000 00:00 0 
7f01f4fc3000-7f01f4fc4000 ---p 00000000 00:00 0 
7f01f4fc4000-7f01f50c5000 rw-p 00000000 00:00 0 
7f01f50c5000-7f01f50c6000 ---p 00000000 00:00 0 
7f01f50c6000-7f01f51c7000 rw-p 00000000 00:00 0 
7f01f51c7000-7f01f51cb000 ---p 00000000 00:00 0 
7f01f51cb000-7f01f54c8000 rw-p 00000000 00:00 0 
7f01f54c8000-7f01f54cc000 ---p 00000000 00:00 0 
7f01f54cc000-7f01f57c9000 rw-p 00000000 00:00 0 
7f01f57c9000-7f01f57cd000 ---p 00000000 00:00 0 
7f01f57cd000-7f01f58ca000 rw-p 00000000 00:00 0 
7f01f58ca000-7f01f58ce000 ---p 00000000 00:00 0 
7f01f58ce000-7f01f5bcb000 rw-p 00000000 00:00 0 
7f01f5bcb000-7f01f5bcc000 ---p 00000000 00:00 0 
7f01f5bcc000-7f01f5ccd000 rw-p 00000000 00:00 0 
7f01f5ccd000-7f01f5cce000 ---p 00000000 00:00 0 
7f01f5cce000-7f01f5dcf000 rw-p 00000000 00:00 0 
7f01f5dcf000-7f01f5dd3000 ---p 00000000 00:00 0 
7f01f5dd3000-7f01f60d0000 rw-p 00000000 00:00 0 
7f01f60d0000-7f01f60d4000 ---p 00000000 00:00 0 
7f01f60d4000-7f01f63d1000 rw-p 00000000 00:00 0 
7f01f63d1000-7f01f63d5000 ---p 00000000 00:00 0 
7f01f63d5000-7f01f64d2000 rw-p 00000000 00:00 0 
7f01f64d2000-7f01f64d6000 ---p 00000000 00:00 0 
7f01f64d6000-7f01f65d3000 rw-p 00000000 00:00 0 
7f01f65d3000-7f01f65d7000 ---p 00000000 00:00 0 
7f01f65d7000-7f01f66d4000 rw-p 00000000 00:00 0 
7f01f66d4000-7f01f66d8000 ---p 00000000 00:00 0 
7f01f66d8000-7f01f67d5000 rw-p 00000000 00:00 0 
7f01f67d5000-7f01f67d9000 ---p 00000000 00:00 0 
7f01f67d9000-7f01f68d6000 rw-p 00000000 00:00 0 
7f01f68d6000-7f01f68da000 ---p 00000000 00:00 0 
7f01f68da000-7f01f69d7000 rw-p 00000000 00:00 0 
7f01f69d7000-7f01f69db000 ---p 00000000 00:00 0 
7f01f69db000-7f01f6ad8000 rw-p 00000000 00:00 0 
7f01f6ad8000-7f01f6ae8000 r-xp 00000000 08:10 156359                     /root/.vscode-server/data/User/globalStorage/redhat.java/0.79.1/config_linux/org.eclipse.equinox.launcher/org.eclipse.equinox.launcher.gtk.linux.x86_64_1.2.200.v20210406-1409/eclipse_11401.so
7f01f6ae8000-7f01f6ce7000 ---p 00010000 08:10 156359                     /root/.vscode-server/data/User/globalStorage/redhat.java/0.79.1/config_linux/org.eclipse.equinox.launcher/org.eclipse.equinox.launcher.gtk.linux.x86_64_1.2.200.v20210406-1409/eclipse_11401.so
7f01f6ce7000-7f01f6ce8000 r--p 0000f000 08:10 156359                     /root/.vscode-server/data/User/globalStorage/redhat.java/0.79.1/config_linux/org.eclipse.equinox.launcher/org.eclipse.equinox.launcher.gtk.linux.x86_64_1.2.200.v20210406-1409/eclipse_11401.so
7f01f6ce8000-7f01f6ce9000 rw-p 00010000 08:10 156359                     /root/.vscode-server/data/User/globalStorage/redhat.java/0.79.1/config_linux/org.eclipse.equinox.launcher/org.eclipse.equinox.launcher.gtk.linux.x86_64_1.2.200.v20210406-1409/eclipse_11401.so
7f01f6ce9000-7f01f6ced000 ---p 00000000 00:00 0 
7f01f6ced000-7f01f6dea000 rw-p 00000000 00:00 0 
7f01f6dea000-7f01f6dee000 ---p 00000000 00:00 0 
7f01f6dee000-7f01f6eeb000 rw-p 00000000 00:00 0 
7f01f6eeb000-7f01f6eef000 ---p 00000000 00:00 0 
7f01f6eef000-7f01f6fec000 rw-p 00000000 00:00 0 
7f01f6fec000-7f01f6fed000 ---p 00000000 00:00 0 
7f01f6fed000-7f01f70ee000 rw-p 00000000 00:00 0 
7f01f70ee000-7f01f70ef000 ---p 00000000 00:00 0 
7f01f70ef000-7f01f71f0000 rw-p 00000000 00:00 0 
7f01f71f0000-7f01f71f1000 ---p 00000000 00:00 0 
7f01f71f1000-7f01f72f2000 rw-p 00000000 00:00 0 
7f01f72f2000-7f01f72f6000 ---p 00000000 00:00 0 
7f01f72f6000-7f01f73f3000 rw-p 00000000 00:00 0 
7f01f73f3000-7f01f73f7000 ---p 00000000 00:00 0 
7f01f73f7000-7f01f74f4000 rw-p 00000000 00:00 0 
7f01f74f4000-7f01f74f8000 ---p 00000000 00:00 0 
7f01f74f8000-7f01f75f5000 rw-p 00000000 00:00 0 
7f01f75f5000-7f01f75f9000 ---p 00000000 00:00 0 
7f01f75f9000-7f01f76f6000 rw-p 00000000 00:00 0 
7f01f76f6000-7f01f76fa000 ---p 00000000 00:00 0 
7f01f76fa000-7f01f77f7000 rw-p 00000000 00:00 0 
7f01f77f7000-7f01f77fb000 ---p 00000000 00:00 0 
7f01f77fb000-7f01f78f8000 rw-p 00000000 00:00 0 
7f01f78f8000-7f01f78fc000 ---p 00000000 00:00 0 
7f01f78fc000-7f01f79f9000 rw-p 00000000 00:00 0 
7f01f79f9000-7f01f79fa000 ---p 00000000 00:00 0 
7f01f79fa000-7f01f7afb000 rw-p 00000000 00:00 0 
7f01f7afb000-7f01f7aff000 ---p 00000000 00:00 0 
7f01f7aff000-7f01f7bfc000 rw-p 00000000 00:00 0 
7f01f7bfc000-7f01f7c00000 ---p 00000000 00:00 0 
7f01f7c00000-7f01f7cfd000 rw-p 00000000 00:00 0 
7f01f7cfd000-7f01f7d01000 ---p 00000000 00:00 0 
7f01f7d01000-7f01f7dfe000 rw-p 00000000 00:00 0 
7f01f7dfe000-7f01f7e02000 ---p 00000000 00:00 0 
7f01f7e02000-7f01f7eff000 rw-p 00000000 00:00 0 
7f01f7eff000-7f01f7f03000 ---p 00000000 00:00 0 
7f01f7f03000-7f01f8000000 rw-p 00000000 00:00 0 
7f01f8000000-7f01f8021000 rw-p 00000000 00:00 0 
7f01f8021000-7f01fc000000 ---p 00000000 00:00 0 
7f01fc000000-7f01fc021000 rw-p 00000000 00:00 0 
7f01fc021000-7f0200000000 ---p 00000000 00:00 0 
7f0200000000-7f0200051000 rw-p 00000000 00:00 0 
7f0200051000-7f0204000000 ---p 00000000 00:00 0 
7f02040e0000-7f02040e4000 ---p 00000000 00:00 0 
7f02040e4000-7f02041e1000 rw-p 00000000 00:00 0 
7f02041e1000-7f02041e5000 ---p 00000000 00:00 0 
7f02041e5000-7f02042e2000 rw-p 00000000 00:00 0 
7f02042e2000-7f02042e6000 ---p 00000000 00:00 0 
7f02042e6000-7f02043e3000 rw-p 00000000 00:00 0 
7f02043e3000-7f02043e4000 ---p 00000000 00:00 0 
7f02043e4000-7f0208000000 rw-p 00000000 00:00 0 
7f0208000000-7f0208021000 rw-p 00000000 00:00 0 
7f0208021000-7f020c000000 ---p 00000000 00:00 0 
7f020c078000-7f020c878000 rw-p 00000000 00:00 0 
7f020c878000-7f020cae8000 rwxp 00000000 00:00 0 
7f020cae8000-7f020ce09000 ---p 00000000 00:00 0 
7f020ce09000-7f020dd29000 rwxp 00000000 00:00 0 
7f020dd29000-7f0214340000 ---p 00000000 00:00 0 
7f0214340000-7f02145f0000 rwxp 00000000 00:00 0 
7f02145f0000-7f021b878000 ---p 00000000 00:00 0 
7f021b878000-7f0224000000 r--s 00000000 08:10 87723                      /usr/lib/jvm/java-11-openjdk-amd64/lib/modules
7f0224000000-7f0224852000 rw-p 00000000 00:00 0 
7f0224852000-7f0228000000 ---p 00000000 00:00 0 
7f0228040000-7f0228044000 r--p 00000000 08:10 78963                      /lib/x86_64-linux-gnu/libresolv-2.28.so
7f0228044000-7f0228051000 r-xp 00004000 08:10 78963                      /lib/x86_64-linux-gnu/libresolv-2.28.so
7f0228051000-7f0228055000 r--p 00011000 08:10 78963                      /lib/x86_64-linux-gnu/libresolv-2.28.so
7f0228055000-7f0228056000 ---p 00015000 08:10 78963                      /lib/x86_64-linux-gnu/libresolv-2.28.so
7f0228056000-7f0228057000 r--p 00015000 08:10 78963                      /lib/x86_64-linux-gnu/libresolv-2.28.so
7f0228057000-7f0228058000 rw-p 00016000 08:10 78963                      /lib/x86_64-linux-gnu/libresolv-2.28.so
7f0228058000-7f022805a000 rw-p 00000000 00:00 0 
7f022805a000-7f022805b000 r--p 00000000 08:10 78942                      /lib/x86_64-linux-gnu/libnss_dns-2.28.so
7f022805b000-7f022805f000 r-xp 00001000 08:10 78942                      /lib/x86_64-linux-gnu/libnss_dns-2.28.so
7f022805f000-7f0228060000 r--p 00005000 08:10 78942                      /lib/x86_64-linux-gnu/libnss_dns-2.28.so
7f0228060000-7f0228061000 r--p 00005000 08:10 78942                      /lib/x86_64-linux-gnu/libnss_dns-2.28.so
7f0228061000-7f0228062000 rw-p 00006000 08:10 78942                      /lib/x86_64-linux-gnu/libnss_dns-2.28.so
7f0228068000-7f022806c000 ---p 00000000 00:00 0 
7f022806c000-7f022808a000 rw-p 00000000 00:00 0 
7f022808a000-7f0228092000 r--p 00000000 08:10 87719                      /usr/lib/jvm/java-11-openjdk-amd64/lib/libsunec.so
7f0228092000-7f02280aa000 r-xp 00008000 08:10 87719                      /usr/lib/jvm/java-11-openjdk-amd64/lib/libsunec.so
7f02280aa000-7f02280b4000 r--p 00020000 08:10 87719                      /usr/lib/jvm/java-11-openjdk-amd64/lib/libsunec.so
7f02280b4000-7f02280b5000 ---p 0002a000 08:10 87719                      /usr/lib/jvm/java-11-openjdk-amd64/lib/libsunec.so
7f02280b5000-7f02280b9000 r--p 0002a000 08:10 87719                      /usr/lib/jvm/java-11-openjdk-amd64/lib/libsunec.so
7f02280b9000-7f02280bb000 rw-p 0002e000 08:10 87719                      /usr/lib/jvm/java-11-openjdk-amd64/lib/libsunec.so
7f02280bb000-7f02280bf000 r--p 00000000 08:10 87712                      /usr/lib/jvm/java-11-openjdk-amd64/lib/libnet.so
7f02280bf000-7f02280ce000 r-xp 00004000 08:10 87712                      /usr/lib/jvm/java-11-openjdk-amd64/lib/libnet.so
7f02280ce000-7f02280d2000 r--p 00013000 08:10 87712                      /usr/lib/jvm/java-11-openjdk-amd64/lib/libnet.so
7f02280d2000-7f02280d3000 r--p 00016000 08:10 87712                      /usr/lib/jvm/java-11-openjdk-amd64/lib/libnet.so
7f02280d3000-7f02280d4000 rw-p 00017000 08:10 87712                      /usr/lib/jvm/java-11-openjdk-amd64/lib/libnet.so
7f02280d4000-7f02280db000 r--p 00000000 08:10 87713                      /usr/lib/jvm/java-11-openjdk-amd64/lib/libnio.so
7f02280db000-7f02280e2000 r-xp 00007000 08:10 87713                      /usr/lib/jvm/java-11-openjdk-amd64/lib/libnio.so
7f02280e2000-7f02280e5000 r--p 0000e000 08:10 87713                      /usr/lib/jvm/java-11-openjdk-amd64/lib/libnio.so
7f02280e5000-7f02280e6000 r--p 00010000 08:10 87713                      /usr/lib/jvm/java-11-openjdk-amd64/lib/libnio.so
7f02280e6000-7f02280e7000 rw-p 00011000 08:10 87713                      /usr/lib/jvm/java-11-openjdk-amd64/lib/libnio.so
7f02280e7000-7f02289dd000 rw-p 00000000 00:00 0 
7f02289dd000-7f02289de000 ---p 00000000 00:00 0 
7f02289de000-7f0228b8a000 rw-p 00000000 00:00 0 
7f0228b8a000-7f0228c35000 ---p 00000000 00:00 0 
7f0228c35000-7f0228ce0000 rw-p 00000000 00:00 0 
7f0228ce0000-7f0228d8a000 ---p 00000000 00:00 0 
7f0228d8a000-7f0228da3000 rw-p 00000000 00:00 0 
7f0228da3000-7f0228e35000 ---p 00000000 00:00 0 
7f0228e35000-7f0228e3c000 rw-p 00000000 00:00 0 
7f0228e3c000-7f0228f21000 ---p 00000000 00:00 0 
7f0228f21000-7f0228f40000 rw-p 00000000 00:00 0 
7f0228f40000-7f022900c000 ---p 00000000 00:00 0 
7f022900c000-7f0229011000 rw-p 00000000 00:00 0 
7f0229011000-7f0229018000 ---p 00000000 00:00 0 
7f0229018000-7f022901a000 r--p 00000000 08:10 87722                      /usr/lib/jvm/java-11-openjdk-amd64/lib/libzip.so
7f022901a000-7f022901e000 r-xp 00002000 08:10 87722                      /usr/lib/jvm/java-11-openjdk-amd64/lib/libzip.so
7f022901e000-7f0229020000 r--p 00006000 08:10 87722                      /usr/lib/jvm/java-11-openjdk-amd64/lib/libzip.so
7f0229020000-7f0229021000 r--p 00007000 08:10 87722                      /usr/lib/jvm/java-11-openjdk-amd64/lib/libzip.so
7f0229021000-7f0229022000 rw-p 00008000 08:10 87722                      /usr/lib/jvm/java-11-openjdk-amd64/lib/libzip.so
7f0229022000-7f022902a000 rw-s 00000000 08:10 156354                     /tmp/hsperfdata_root/304
7f022902a000-7f022902d000 r--p 00000000 08:10 78944                      /lib/x86_64-linux-gnu/libnss_files-2.28.so
7f022902d000-7f0229034000 r-xp 00003000 08:10 78944                      /lib/x86_64-linux-gnu/libnss_files-2.28.so
7f0229034000-7f0229036000 r--p 0000a000 08:10 78944                      /lib/x86_64-linux-gnu/libnss_files-2.28.so
7f0229036000-7f0229037000 ---p 0000c000 08:10 78944                      /lib/x86_64-linux-gnu/libnss_files-2.28.so
7f0229037000-7f0229038000 r--p 0000c000 08:10 78944                      /lib/x86_64-linux-gnu/libnss_files-2.28.so
7f0229038000-7f0229039000 rw-p 0000d000 08:10 78944                      /lib/x86_64-linux-gnu/libnss_files-2.28.so
7f0229039000-7f022903f000 rw-p 00000000 00:00 0 
7f0229040000-7f0229041000 r--p 00000000 08:10 87693                      /usr/lib/jvm/java-11-openjdk-amd64/lib/libextnet.so
7f0229041000-7f0229042000 r-xp 00001000 08:10 87693                      /usr/lib/jvm/java-11-openjdk-amd64/lib/libextnet.so
7f0229042000-7f0229043000 r--p 00002000 08:10 87693                      /usr/lib/jvm/java-11-openjdk-amd64/lib/libextnet.so
7f0229043000-7f0229044000 r--p 00002000 08:10 87693                      /usr/lib/jvm/java-11-openjdk-amd64/lib/libextnet.so
7f0229044000-7f0229045000 rw-p 00003000 08:10 87693                      /usr/lib/jvm/java-11-openjdk-amd64/lib/libextnet.so
7f0229045000-7f0229047000 r--p 00000000 08:10 87704                      /usr/lib/jvm/java-11-openjdk-amd64/lib/libjimage.so
7f0229047000-7f022904a000 r-xp 00002000 08:10 87704                      /usr/lib/jvm/java-11-openjdk-amd64/lib/libjimage.so
7f022904a000-7f022904c000 r--p 00005000 08:10 87704                      /usr/lib/jvm/java-11-openjdk-amd64/lib/libjimage.so
7f022904c000-7f022904d000 r--p 00006000 08:10 87704                      /usr/lib/jvm/java-11-openjdk-amd64/lib/libjimage.so
7f022904d000-7f022904e000 rw-p 00007000 08:10 87704                      /usr/lib/jvm/java-11-openjdk-amd64/lib/libjimage.so
7f022904e000-7f022905c000 r--p 00000000 08:10 87700                      /usr/lib/jvm/java-11-openjdk-amd64/lib/libjava.so
7f022905c000-7f0229071000 r-xp 0000e000 08:10 87700                      /usr/lib/jvm/java-11-openjdk-amd64/lib/libjava.so
7f0229071000-7f0229078000 r--p 00023000 08:10 87700                      /usr/lib/jvm/java-11-openjdk-amd64/lib/libjava.so
7f0229078000-7f0229079000 r--p 00029000 08:10 87700                      /usr/lib/jvm/java-11-openjdk-amd64/lib/libjava.so
7f0229079000-7f022907a000 rw-p 0002a000 08:10 87700                      /usr/lib/jvm/java-11-openjdk-amd64/lib/libjava.so
7f022907a000-7f022907b000 rw-p 00000000 00:00 0 
7f022907b000-7f0229080000 r--p 00000000 08:10 87721                      /usr/lib/jvm/java-11-openjdk-amd64/lib/libverify.so
7f0229080000-7f0229087000 r-xp 00005000 08:10 87721                      /usr/lib/jvm/java-11-openjdk-amd64/lib/libverify.so
7f0229087000-7f0229089000 r--p 0000c000 08:10 87721                      /usr/lib/jvm/java-11-openjdk-amd64/lib/libverify.so
7f0229089000-7f022908b000 r--p 0000d000 08:10 87721                      /usr/lib/jvm/java-11-openjdk-amd64/lib/libverify.so
7f022908b000-7f022908c000 rw-p 0000f000 08:10 87721                      /usr/lib/jvm/java-11-openjdk-amd64/lib/libverify.so
7f022908c000-7f022908e000 r--p 00000000 08:10 78965                      /lib/x86_64-linux-gnu/librt-2.28.so
7f022908e000-7f0229092000 r-xp 00002000 08:10 78965                      /lib/x86_64-linux-gnu/librt-2.28.so
7f0229092000-7f0229094000 r--p 00006000 08:10 78965                      /lib/x86_64-linux-gnu/librt-2.28.so
7f0229094000-7f0229095000 r--p 00007000 08:10 78965                      /lib/x86_64-linux-gnu/librt-2.28.so
7f0229095000-7f0229096000 rw-p 00008000 08:10 78965                      /lib/x86_64-linux-gnu/librt-2.28.so
7f0229096000-7f022909a000 ---p 00000000 00:00 0 
7f022909a000-7f0229197000 rw-p 00000000 00:00 0 
7f0229197000-7f022919a000 r--p 00000000 08:10 78920                      /lib/x86_64-linux-gnu/libgcc_s.so.1
7f022919a000-7f02291ab000 r-xp 00003000 08:10 78920                      /lib/x86_64-linux-gnu/libgcc_s.so.1
7f02291ab000-7f02291ae000 r--p 00014000 08:10 78920                      /lib/x86_64-linux-gnu/libgcc_s.so.1
7f02291ae000-7f02291af000 ---p 00017000 08:10 78920                      /lib/x86_64-linux-gnu/libgcc_s.so.1
7f02291af000-7f02291b0000 r--p 00017000 08:10 78920                      /lib/x86_64-linux-gnu/libgcc_s.so.1
7f02291b0000-7f02291b1000 rw-p 00018000 08:10 78920                      /lib/x86_64-linux-gnu/libgcc_s.so.1
7f02291b1000-7f02291be000 r--p 00000000 08:10 78927                      /lib/x86_64-linux-gnu/libm-2.28.so
7f02291be000-7f022925d000 r-xp 0000d000 08:10 78927                      /lib/x86_64-linux-gnu/libm-2.28.so
7f022925d000-7f0229332000 r--p 000ac000 08:10 78927                      /lib/x86_64-linux-gnu/libm-2.28.so
7f0229332000-7f0229333000 r--p 00180000 08:10 78927                      /lib/x86_64-linux-gnu/libm-2.28.so
7f0229333000-7f0229334000 rw-p 00181000 08:10 78927                      /lib/x86_64-linux-gnu/libm-2.28.so
7f0229334000-7f02293bd000 r--p 00000000 08:10 79702                      /usr/lib/x86_64-linux-gnu/libstdc++.so.6.0.25
7f02293bd000-7f0229469000 r-xp 00089000 08:10 79702                      /usr/lib/x86_64-linux-gnu/libstdc++.so.6.0.25
7f0229469000-7f02294a7000 r--p 00135000 08:10 79702                      /usr/lib/x86_64-linux-gnu/libstdc++.so.6.0.25
7f02294a7000-7f02294a8000 ---p 00173000 08:10 79702                      /usr/lib/x86_64-linux-gnu/libstdc++.so.6.0.25
7f02294a8000-7f02294b2000 r--p 00173000 08:10 79702                      /usr/lib/x86_64-linux-gnu/libstdc++.so.6.0.25
7f02294b2000-7f02294b4000 rw-p 0017d000 08:10 79702                      /usr/lib/x86_64-linux-gnu/libstdc++.so.6.0.25
7f02294b4000-7f02294b8000 rw-p 00000000 00:00 0 
7f02294b8000-7f0229732000 r--p 00000000 08:10 87735                      /usr/lib/jvm/java-11-openjdk-amd64/lib/server/libjvm.so
7f0229732000-7f022a34d000 r-xp 0027a000 08:10 87735                      /usr/lib/jvm/java-11-openjdk-amd64/lib/server/libjvm.so
7f022a34d000-7f022a5a5000 r--p 00e95000 08:10 87735                      /usr/lib/jvm/java-11-openjdk-amd64/lib/server/libjvm.so
7f022a5a5000-7f022a666000 r--p 010ec000 08:10 87735                      /usr/lib/jvm/java-11-openjdk-amd64/lib/server/libjvm.so
7f022a666000-7f022a6a1000 rw-p 011ad000 08:10 87735                      /usr/lib/jvm/java-11-openjdk-amd64/lib/server/libjvm.so
7f022a6a1000-7f022a6fa000 rw-p 00000000 00:00 0 
7f022a6fa000-7f022a71c000 r--p 00000000 08:10 78902                      /lib/x86_64-linux-gnu/libc-2.28.so
7f022a71c000-7f022a864000 r-xp 00022000 08:10 78902                      /lib/x86_64-linux-gnu/libc-2.28.so
7f022a864000-7f022a8b0000 r--p 0016a000 08:10 78902                      /lib/x86_64-linux-gnu/libc-2.28.so
7f022a8b0000-7f022a8b1000 ---p 001b6000 08:10 78902                      /lib/x86_64-linux-gnu/libc-2.28.so
7f022a8b1000-7f022a8b5000 r--p 001b6000 08:10 78902                      /lib/x86_64-linux-gnu/libc-2.28.so
7f022a8b5000-7f022a8b7000 rw-p 001ba000 08:10 78902                      /lib/x86_64-linux-gnu/libc-2.28.so
7f022a8b7000-7f022a8bb000 rw-p 00000000 00:00 0 
7f022a8bb000-7f022a8bc000 r--p 00000000 08:10 78912                      /lib/x86_64-linux-gnu/libdl-2.28.so
7f022a8bc000-7f022a8bd000 r-xp 00001000 08:10 78912                      /lib/x86_64-linux-gnu/libdl-2.28.so
7f022a8bd000-7f022a8be000 r--p 00002000 08:10 78912                      /lib/x86_64-linux-gnu/libdl-2.28.so
7f022a8be000-7f022a8bf000 r--p 00002000 08:10 78912                      /lib/x86_64-linux-gnu/libdl-2.28.so
7f022a8bf000-7f022a8c0000 rw-p 00003000 08:10 78912                      /lib/x86_64-linux-gnu/libdl-2.28.so
7f022a8c0000-7f022a8c3000 r--p 00000000 08:10 87682                      /usr/lib/jvm/java-11-openjdk-amd64/lib/jli/libjli.so
7f022a8c3000-7f022a8cd000 r-xp 00003000 08:10 87682                      /usr/lib/jvm/java-11-openjdk-amd64/lib/jli/libjli.so
7f022a8cd000-7f022a8d0000 r--p 0000d000 08:10 87682                      /usr/lib/jvm/java-11-openjdk-amd64/lib/jli/libjli.so
7f022a8d0000-7f022a8d1000 ---p 00010000 08:10 87682                      /usr/lib/jvm/java-11-openjdk-amd64/lib/jli/libjli.so
7f022a8d1000-7f022a8d2000 r--p 00010000 08:10 87682                      /usr/lib/jvm/java-11-openjdk-amd64/lib/jli/libjli.so
7f022a8d2000-7f022a8d3000 rw-p 00011000 08:10 87682                      /usr/lib/jvm/java-11-openjdk-amd64/lib/jli/libjli.so
7f022a8d3000-7f022a8d9000 r--p 00000000 08:10 78961                      /lib/x86_64-linux-gnu/libpthread-2.28.so
7f022a8d9000-7f022a8e8000 r-xp 00006000 08:10 78961                      /lib/x86_64-linux-gnu/libpthread-2.28.so
7f022a8e8000-7f022a8ee000 r--p 00015000 08:10 78961                      /lib/x86_64-linux-gnu/libpthread-2.28.so
7f022a8ee000-7f022a8ef000 r--p 0001a000 08:10 78961                      /lib/x86_64-linux-gnu/libpthread-2.28.so
7f022a8ef000-7f022a8f0000 rw-p 0001b000 08:10 78961                      /lib/x86_64-linux-gnu/libpthread-2.28.so
7f022a8f0000-7f022a8f4000 rw-p 00000000 00:00 0 
7f022a8f4000-7f022a910000 r-xp 00000000 08:10 78986                      /lib/x86_64-linux-gnu/libz.so.1.2.11
7f022a910000-7f022ab10000 ---p 0001c000 08:10 78986                      /lib/x86_64-linux-gnu/libz.so.1.2.11
7f022ab10000-7f022ab11000 r--p 0001c000 08:10 78986                      /lib/x86_64-linux-gnu/libz.so.1.2.11
7f022ab11000-7f022ab12000 rw-p 0001d000 08:10 78986                      /lib/x86_64-linux-gnu/libz.so.1.2.11
7f022ab12000-7f022ab14000 rw-p 00000000 00:00 0 
7f022ab16000-7f022ab18000 r--s 00007000 08:10 97959                      /usr/share/java/java-atk-wrapper.jar
7f022ab18000-7f022ab19000 ---p 00000000 00:00 0 
7f022ab19000-7f022ab1a000 r--p 00000000 00:00 0 
7f022ab1a000-7f022ab1b000 r--p 00000000 08:10 78888                      /lib/x86_64-linux-gnu/ld-2.28.so
7f022ab1b000-7f022ab39000 r-xp 00001000 08:10 78888                      /lib/x86_64-linux-gnu/ld-2.28.so
7f022ab39000-7f022ab41000 r--p 0001f000 08:10 78888                      /lib/x86_64-linux-gnu/ld-2.28.so
7f022ab41000-7f022ab42000 r--p 00026000 08:10 78888                      /lib/x86_64-linux-gnu/ld-2.28.so
7f022ab42000-7f022ab43000 rw-p 00027000 08:10 78888                      /lib/x86_64-linux-gnu/ld-2.28.so
7f022ab43000-7f022ab44000 rw-p 00000000 00:00 0 
7ffd0525b000-7ffd0527c000 rw-p 00000000 00:00 0                          [stack]
7ffd053d4000-7ffd053d7000 r--p 00000000 00:00 0                          [vvar]
7ffd053d7000-7ffd053d9000 r-xp 00000000 00:00 0                          [vdso]


VM Arguments:
jvm_args: --add-modules=ALL-SYSTEM --add-opens=java.base/java.util=ALL-UNNAMED --add-opens=java.base/java.lang=ALL-UNNAMED -Declipse.application=org.eclipse.jdt.ls.core.id1 -Dosgi.bundles.defaultStartLevel=4 -Declipse.product=org.eclipse.jdt.ls.core.product -Dfile.encoding=utf8 -XX:+UseParallelGC -XX:GCTimeRatio=4 -XX:AdaptiveSizePolicyWeight=90 -Dsun.zip.disableMemoryMapping=true -Xmx1G -Xms100m -Xverify:none 
java_command: /root/.vscode-server/extensions/redhat.java-0.79.1/server/plugins/org.eclipse.equinox.launcher_1.6.100.v20201223-0822.jar -configuration /root/.vscode-server/data/User/globalStorage/redhat.java/0.79.1/config_linux -data /root/.vscode-server/data/User/workspaceStorage/9f56e1c680d30252f0c9577e8989113d/redhat.java/jdt_ws
java_class_path (initial): /root/.vscode-server/extensions/redhat.java-0.79.1/server/plugins/org.eclipse.equinox.launcher_1.6.100.v20201223-0822.jar
Launcher Type: SUN_STANDARD

[Global flags]
    uintx AdaptiveSizePolicyWeight                 = 90                                        {product} {command line}
     bool BytecodeVerificationLocal                = false                                     {product} {command line}
     bool BytecodeVerificationRemote               = false                                     {product} {command line}
     intx CICompilerCount                          = 4                                         {product} {ergonomic}
    uintx GCTimeRatio                              = 4                                         {product} {command line}
   size_t InitialHeapSize                          = 104857600                                 {product} {command line}
   size_t MaxHeapSize                              = 1073741824                                {product} {command line}
   size_t MaxNewSize                               = 357564416                                 {product} {ergonomic}
   size_t MinHeapDeltaBytes                        = 524288                                    {product} {ergonomic}
   size_t NewSize                                  = 34603008                                  {product} {ergonomic}
    uintx NonNMethodCodeHeapSize                   = 5836300                                {pd product} {ergonomic}
    uintx NonProfiledCodeHeapSize                  = 122910970                              {pd product} {ergonomic}
   size_t OldSize                                  = 70254592                                  {product} {ergonomic}
    uintx ProfiledCodeHeapSize                     = 122910970                              {pd product} {ergonomic}
    uintx ReservedCodeCacheSize                    = 251658240                              {pd product} {ergonomic}
     bool SegmentedCodeCache                       = true                                      {product} {ergonomic}
     bool UseCompressedClassPointers               = true                                 {lp64_product} {ergonomic}
     bool UseCompressedOops                        = true                                 {lp64_product} {ergonomic}
     bool UseParallelGC                            = true                                      {product} {command line}

Logging:
Log output configuration:
 #0: stdout all=warning uptime,level,tags
 #1: stderr all=off uptime,level,tags

Environment Variables:
PATH=/root/.vscode-server/bin/054a9295330880ed74ceaedda236253b4f39a335/bin:/usr/local/sbin:/usr/local/bin:/usr/sbin:/usr/bin:/sbin:/bin
SHELL=/bin/bash

Signal Handlers:
SIGSEGV: [libjvm.so+0xe21ec0], sa_mask[0]=11111111011111111101111111111110, sa_flags=SA_RESTART|SA_SIGINFO
SIGBUS: [libjvm.so+0xe21ec0], sa_mask[0]=11111111011111111101111111111110, sa_flags=SA_RESTART|SA_SIGINFO
SIGFPE: [libjvm.so+0xe21ec0], sa_mask[0]=11111111011111111101111111111110, sa_flags=SA_RESTART|SA_SIGINFO
SIGPIPE: [libjvm.so+0xb75cf0], sa_mask[0]=11111111011111111101111111111110, sa_flags=SA_RESTART|SA_SIGINFO
SIGXFSZ: [libjvm.so+0xb75cf0], sa_mask[0]=11111111011111111101111111111110, sa_flags=SA_RESTART|SA_SIGINFO
SIGILL: [libjvm.so+0xe21ec0], sa_mask[0]=11111111011111111101111111111110, sa_flags=SA_RESTART|SA_SIGINFO
SIGUSR2: [libjvm.so+0xb75b80], sa_mask[0]=00000000000000000000000000000000, sa_flags=SA_RESTART|SA_SIGINFO
SIGHUP: [libjvm.so+0xb76030], sa_mask[0]=11111111011111111101111111111110, sa_flags=SA_RESTART|SA_SIGINFO
SIGINT: [libjvm.so+0xb76030], sa_mask[0]=11111111011111111101111111111110, sa_flags=SA_RESTART|SA_SIGINFO
SIGTERM: [libjvm.so+0xb76030], sa_mask[0]=11111111011111111101111111111110, sa_flags=SA_RESTART|SA_SIGINFO
SIGQUIT: [libjvm.so+0xb76030], sa_mask[0]=11111111011111111101111111111110, sa_flags=SA_RESTART|SA_SIGINFO


---------------  S Y S T E M  ---------------

OS:PRETTY_NAME="Debian GNU/Linux 10 (buster)"
NAME="Debian GNU/Linux"
VERSION_ID="10"
VERSION="10 (buster)"
VERSION_CODENAME=buster
ID=debian
HOME_URL="https://www.debian.org/"
SUPPORT_URL="https://www.debian.org/support"
BUG_REPORT_URL="https://bugs.debian.org/"
uname:Linux 4.19.128-microsoft-standard #1 SMP Tue Jun 23 12:58:10 UTC 2020 x86_64
OS uptime: 0 days 2:33 hours
libc:glibc 2.28 NPTL 2.28 
rlimit (soft/hard): STACK 8192k/infinity , CORE 0k/infinity , NPROC infinity/infinity , NOFILE 1048576/1048576 , AS infinity/infinity , CPU infinity/infinity , DATA infinity/infinity , FSIZE infinity/infinity , MEMLOCK 82000k/82000k
load average:2.90 0.81 0.28

/proc/meminfo:
MemTotal:        2031736 kB
MemFree:           59296 kB
MemAvailable:       5428 kB
Buffers:            1116 kB
Cached:           423628 kB
SwapCached:            0 kB
Active:          1456372 kB
Inactive:         336104 kB
Active(anon):    1449296 kB
Inactive(anon):   330408 kB
Active(file):       7076 kB
Inactive(file):     5696 kB
Unevictable:           0 kB
Mlocked:               0 kB
SwapTotal:             0 kB
SwapFree:              0 kB
Dirty:                16 kB
Writeback:             0 kB
AnonPages:       1368872 kB
Mapped:           102004 kB
Shmem:            410852 kB
Slab:              93792 kB
SReclaimable:      30280 kB
SUnreclaim:        63512 kB
KernelStack:       13424 kB
PageTables:        12068 kB
NFS_Unstable:          0 kB
Bounce:                0 kB
WritebackTmp:          0 kB
CommitLimit:     1015868 kB
Committed_AS:    5715472 kB
VmallocTotal:   34359738367 kB
VmallocUsed:           0 kB
VmallocChunk:          0 kB
Percpu:             5120 kB
AnonHugePages:    208896 kB
ShmemHugePages:        0 kB
ShmemPmdMapped:        0 kB
HugePages_Total:       0
HugePages_Free:        0
HugePages_Rsvd:        0
HugePages_Surp:        0
Hugepagesize:       2048 kB
Hugetlb:               0 kB
DirectMap4k:       93184 kB
DirectMap2M:     2002944 kB
DirectMap1G:     2097152 kB

/sys/kernel/mm/transparent_hugepage/enabled:
[always] madvise never
/sys/kernel/mm/transparent_hugepage/defrag (defrag/compaction efforts parameter):
always defer defer+madvise [madvise] never

Process Memory:
Virtual Size: 7267276K (peak: 12136360K)
Resident Set Size: 571348K (peak: 572024K) (anon: 571348K, file: 0K, shmem: 0K)
Swapped out: 0K
C-Heap outstanding allocations: 46019K

/proc/sys/kernel/threads-max (system-wide limit on the number of threads):
15835
/proc/sys/vm/max_map_count (maximum number of memory map areas a process may have):
65530
/proc/sys/kernel/pid_max (system-wide limit on number of process identifiers):
32768

container (cgroup) information:
container_type: cgroupv1
cpu_cpuset_cpus: 0-11
cpu_memory_nodes: 0
active_processor_count: 12
cpu_quota: -1
cpu_period: 100000
cpu_shares: -1
memory_limit_in_bytes: -1
memory_and_swap_limit_in_bytes: -1
memory_soft_limit_in_bytes: -1
memory_usage_in_bytes: 996966400
memory_max_usage_in_bytes: 1001459712

Hyper-V virtualization detected
Steal ticks since vm start: 0
Steal ticks percentage since vm start:  0.000

CPU:total 12 (initial active 12) (16 cores per cpu, 2 threads per core) family 23 model 8 stepping 2 microcode 0xffffffff, cmov, cx8, fxsr, mmx, sse, sse2, sse3, ssse3, sse4.1, sse4.2, popcnt, avx, avx2, aes, clmul, mmxext, 3dnowpref, lzcnt, sse4a, ht, tsc, bmi1, bmi2, adx, sha, fma
CPU Model and flags from /proc/cpuinfo:
model name	: AMD Ryzen 5 2600 Six-Core Processor
flags		: fpu vme de pse tsc msr pae mce cx8 apic sep mtrr pge mca cmov pat pse36 clflush mmx fxsr sse sse2 ht syscall nx mmxext fxsr_opt pdpe1gb rdtscp lm rep_good nopl cpuid extd_apicid pni pclmulqdq ssse3 fma cx16 sse4_1 sse4_2 movbe popcnt aes xsave avx f16c rdrand hypervisor lahf_lm cmp_legacy cr8_legacy abm sse4a misalignsse 3dnowprefetch osvw topoext ssbd ibpb vmmcall fsgsbase bmi1 avx2 smep bmi2 rdseed adx smap clflushopt sha_ni xsaveopt xsavec xgetbv1 xsaves clzero xsaveerptr virt_ssbd arat
Online cpus:
0-11
Offline cpus:

BIOS frequency limitation:
<Not Available>
Frequency switch latency (ns):
<Not Available>
Available cpu frequencies:
<Not Available>
Current governor:
<Not Available>
Core performance/turbo boost:
<Not Available>

Memory: 4k page, physical 2031736k(54700k free), swap 0k(0k free)

vm_info: OpenJDK 64-Bit Server VM (11.0.11+9-post-Debian-1deb10u1) for linux-amd64 JRE (11.0.11+9-post-Debian-1deb10u1), built on Apr 21 2021 15:55:49 by "unknown" with gcc 8.3.0

END.
